<?xml version="1.0" ?>
<!DOCTYPE coverage SYSTEM "http://cobertura.sourceforge.net/xml/coverage-04.dtd">
<coverage lines-valid="6522"  lines-covered="2321"  line-rate="0.35590000000000005"  branches-valid="3149"  branches-covered="820"  branch-rate="0.26039999999999996"  timestamp="1450708944072" complexity="0" version="0.1">
<sources>
	<source>/home/rszczesny/WebstormProjects/mercury</source>
</sources>
<packages>
	<package name="front.scripts"  line-rate="1"  branch-rate="1" >
	<classes>
		<class name="loader-no-conflict.js"  filename="front/scripts/loader-no-conflict.js"  line-rate="1"  branch-rate="1" >
		<methods>
		</methods>
		<lines>
			<line number="8"  hits="1"  branch="false" />
			<line number="16"  hits="1"  branch="false" />
			<line number="17"  hits="1"  branch="false" />
		</lines>
		</class>
	</classes>
	</package>
	<package name="www.front.scripts"  line-rate="0.3556"  branch-rate="0.26039999999999996" >
	<classes>
		<class name="baseline.js"  filename="www/front/scripts/baseline.js"  line-rate="1"  branch-rate="0.7293000000000001" >
		<methods>
			<method name="_typeof"  hits="0"  signature="()V" >
				<lines><line number="1"  hits="0" /></lines>
			</method>
			<method name="_typeof"  hits="0"  signature="()V" >
				<lines><line number="1"  hits="0" /></lines>
			</method>
			<method name="(anonymous_3)"  hits="1"  signature="()V" >
				<lines><line number="1"  hits="1" /></lines>
			</method>
			<method name="n"  hits="7"  signature="()V" >
				<lines><line number="1"  hits="7" /></lines>
			</method>
			<method name="(anonymous_5)"  hits="10"  signature="()V" >
				<lines><line number="1"  hits="10" /></lines>
			</method>
			<method name="(anonymous_6)"  hits="22"  signature="()V" >
				<lines><line number="1"  hits="22" /></lines>
			</method>
			<method name="(anonymous_7)"  hits="27"  signature="()V" >
				<lines><line number="1"  hits="27" /></lines>
			</method>
			<method name="(anonymous_8)"  hits="4"  signature="()V" >
				<lines><line number="1"  hits="4" /></lines>
			</method>
			<method name="(anonymous_9)"  hits="1"  signature="()V" >
				<lines><line number="1"  hits="1" /></lines>
			</method>
			<method name="(anonymous_10)"  hits="21"  signature="()V" >
				<lines><line number="1"  hits="21" /></lines>
			</method>
			<method name="(anonymous_11)"  hits="1"  signature="()V" >
				<lines><line number="1"  hits="1" /></lines>
			</method>
			<method name="(anonymous_12)"  hits="0"  signature="()V" >
				<lines><line number="1"  hits="0" /></lines>
			</method>
			<method name="(anonymous_13)"  hits="0"  signature="()V" >
				<lines><line number="1"  hits="0" /></lines>
			</method>
			<method name="(anonymous_14)"  hits="0"  signature="()V" >
				<lines><line number="1"  hits="0" /></lines>
			</method>
			<method name="(anonymous_15)"  hits="1"  signature="()V" >
				<lines><line number="1"  hits="1" /></lines>
			</method>
			<method name="n"  hits="0"  signature="()V" >
				<lines><line number="1"  hits="0" /></lines>
			</method>
			<method name="t"  hits="0"  signature="()V" >
				<lines><line number="1"  hits="0" /></lines>
			</method>
			<method name="r"  hits="0"  signature="()V" >
				<lines><line number="1"  hits="0" /></lines>
			</method>
			<method name="o"  hits="0"  signature="()V" >
				<lines><line number="1"  hits="0" /></lines>
			</method>
			<method name="(anonymous_20)"  hits="0"  signature="()V" >
				<lines><line number="1"  hits="0" /></lines>
			</method>
			<method name="(anonymous_21)"  hits="0"  signature="()V" >
				<lines><line number="1"  hits="0" /></lines>
			</method>
			<method name="(anonymous_22)"  hits="1"  signature="()V" >
				<lines><line number="1"  hits="1" /></lines>
			</method>
			<method name="n"  hits="33"  signature="()V" >
				<lines><line number="1"  hits="33" /></lines>
			</method>
			<method name="t"  hits="77"  signature="()V" >
				<lines><line number="1"  hits="77" /></lines>
			</method>
			<method name="r"  hits="19"  signature="()V" >
				<lines><line number="1"  hits="19" /></lines>
			</method>
			<method name="(anonymous_26)"  hits="96"  signature="()V" >
				<lines><line number="1"  hits="96" /></lines>
			</method>
			<method name="(anonymous_27)"  hits="10"  signature="()V" >
				<lines><line number="1"  hits="10" /></lines>
			</method>
			<method name="(anonymous_28)"  hits="14"  signature="()V" >
				<lines><line number="1"  hits="14" /></lines>
			</method>
		</methods>
		<lines>
			<line number="1"  hits="96"  branch="true"  condition-coverage="72.93233082706767% (97/133)" />
		</lines>
		</class>
		<class name="modules-test.js"  filename="www/front/scripts/modules-test.js"  line-rate="0.3555"  branch-rate="0.2397" >
		<methods>
			<method name="(anonymous_1)"  hits="0"  signature="()V" >
				<lines><line number="3"  hits="0" /></lines>
			</method>
			<method name="_interopRequireDefault"  hits="0"  signature="()V" >
				<lines><line number="27"  hits="0" /></lines>
			</method>
			<method name="init"  hits="0"  signature="()V" >
				<lines><line number="33"  hits="0" /></lines>
			</method>
			<method name="(anonymous_4)"  hits="0"  signature="()V" >
				<lines><line number="50"  hits="0" /></lines>
			</method>
			<method name="(anonymous_5)"  hits="0"  signature="()V" >
				<lines><line number="89"  hits="0" /></lines>
			</method>
			<method name="_interopRequireDefault"  hits="0"  signature="()V" >
				<lines><line number="99"  hits="0" /></lines>
			</method>
			<method name="setTrackingDimensions"  hits="0"  signature="()V" >
				<lines><line number="105"  hits="0" /></lines>
			</method>
			<method name="setupTracking"  hits="0"  signature="()V" >
				<lines><line number="116"  hits="0" /></lines>
			</method>
			<method name="setTrackingForSignInPage"  hits="0"  signature="()V" >
				<lines><line number="127"  hits="0" /></lines>
			</method>
			<method name="setTrackingForRegisterPage"  hits="0"  signature="()V" >
				<lines><line number="136"  hits="0" /></lines>
			</method>
			<method name="setTrackingForJoinPage"  hits="0"  signature="()V" >
				<lines><line number="144"  hits="0" /></lines>
			</method>
			<method name="setTrackingForFBConnectPage"  hits="0"  signature="()V" >
				<lines><line number="154"  hits="0" /></lines>
			</method>
			<method name="setTrackingForFBRegisterPage"  hits="0"  signature="()V" >
				<lines><line number="163"  hits="0" /></lines>
			</method>
			<method name="init"  hits="0"  signature="()V" >
				<lines><line number="171"  hits="0" /></lines>
			</method>
			<method name="(anonymous_15)"  hits="0"  signature="()V" >
				<lines><line number="191"  hits="0" /></lines>
			</method>
			<method name="_classCallCheck"  hits="0"  signature="()V" >
				<lines><line number="196"  hits="0" /></lines>
			</method>
			<method name="(anonymous_17)"  hits="0"  signature="()V" >
				<lines><line number="202"  hits="0" /></lines>
			</method>
			<method name="defineProperties"  hits="0"  signature="()V" >
				<lines><line number="203"  hits="0" /></lines>
			</method>
			<method name="(anonymous_19)"  hits="0"  signature="()V" >
				<lines><line number="213"  hits="0" /></lines>
			</method>
			<method name="(anonymous_20)"  hits="0"  signature="()V" >
				<lines><line number="220"  hits="0" /></lines>
			</method>
			<method name="AutoTab"  hits="0"  signature="()V" >
				<lines><line number="221"  hits="0" /></lines>
			</method>
			<method name="init"  hits="0"  signature="()V" >
				<lines><line number="231"  hits="0" /></lines>
			</method>
			<method name="onInput"  hits="0"  signature="()V" >
				<lines><line number="237"  hits="0" /></lines>
			</method>
			<method name="getVisibleElements"  hits="0"  signature="()V" >
				<lines><line number="247"  hits="0" /></lines>
			</method>
			<method name="(anonymous_25)"  hits="0"  signature="()V" >
				<lines><line number="248"  hits="0" /></lines>
			</method>
			<method name="getNextVisibleInput"  hits="0"  signature="()V" >
				<lines><line number="254"  hits="0" /></lines>
			</method>
			<method name="(anonymous_27)"  hits="0"  signature="()V" >
				<lines><line number="259"  hits="0" /></lines>
			</method>
			<method name="(anonymous_28)"  hits="1"  signature="()V" >
				<lines><line number="278"  hits="1" /></lines>
			</method>
			<method name="_classCallCheck"  hits="0"  signature="()V" >
				<lines><line number="283"  hits="0" /></lines>
			</method>
			<method name="(anonymous_30)"  hits="1"  signature="()V" >
				<lines><line number="289"  hits="1" /></lines>
			</method>
			<method name="defineProperties"  hits="2"  signature="()V" >
				<lines><line number="290"  hits="2" /></lines>
			</method>
			<method name="(anonymous_32)"  hits="1"  signature="()V" >
				<lines><line number="300"  hits="1" /></lines>
			</method>
			<method name="(anonymous_33)"  hits="1"  signature="()V" >
				<lines><line number="318"  hits="1" /></lines>
			</method>
			<method name="AuthLogger"  hits="0"  signature="()V" >
				<lines><line number="319"  hits="0" /></lines>
			</method>
			<method name="log"  hits="0"  signature="()V" >
				<lines><line number="330"  hits="0" /></lines>
			</method>
			<method name="getClickStreamPayload"  hits="0"  signature="()V" >
				<lines><line number="341"  hits="0" /></lines>
			</method>
			<method name="xhrError"  hits="0"  signature="()V" >
				<lines><line number="356"  hits="0" /></lines>
			</method>
			<method name="getInstance"  hits="0"  signature="()V" >
				<lines><line number="367"  hits="0" /></lines>
			</method>
			<method name="(anonymous_39)"  hits="1"  signature="()V" >
				<lines><line number="383"  hits="1" /></lines>
			</method>
			<method name="_classCallCheck"  hits="0"  signature="()V" >
				<lines><line number="388"  hits="0" /></lines>
			</method>
			<method name="(anonymous_41)"  hits="1"  signature="()V" >
				<lines><line number="394"  hits="1" /></lines>
			</method>
			<method name="defineProperties"  hits="1"  signature="()V" >
				<lines><line number="395"  hits="1" /></lines>
			</method>
			<method name="(anonymous_43)"  hits="1"  signature="()V" >
				<lines><line number="405"  hits="1" /></lines>
			</method>
			<method name="(anonymous_44)"  hits="1"  signature="()V" >
				<lines><line number="412"  hits="1" /></lines>
			</method>
			<method name="AuthTracker"  hits="0"  signature="()V" >
				<lines><line number="413"  hits="0" /></lines>
			</method>
			<method name="trackClick"  hits="0"  signature="()V" >
				<lines><line number="425"  hits="0" /></lines>
			</method>
			<method name="(anonymous_47)"  hits="0"  signature="()V" >
				<lines><line number="434"  hits="0" /></lines>
			</method>
			<method name="trackPageView"  hits="0"  signature="()V" >
				<lines><line number="440"  hits="0" /></lines>
			</method>
			<method name="trackSubmit"  hits="0"  signature="()V" >
				<lines><line number="445"  hits="0" /></lines>
			</method>
			<method name="(anonymous_50)"  hits="0"  signature="()V" >
				<lines><line number="452"  hits="0" /></lines>
			</method>
			<method name="track"  hits="0"  signature="()V" >
				<lines><line number="458"  hits="0" /></lines>
			</method>
			<method name="(anonymous_52)"  hits="1"  signature="()V" >
				<lines><line number="482"  hits="1" /></lines>
			</method>
			<method name="_classCallCheck"  hits="0"  signature="()V" >
				<lines><line number="487"  hits="0" /></lines>
			</method>
			<method name="(anonymous_54)"  hits="1"  signature="()V" >
				<lines><line number="493"  hits="1" /></lines>
			</method>
			<method name="defineProperties"  hits="1"  signature="()V" >
				<lines><line number="494"  hits="1" /></lines>
			</method>
			<method name="(anonymous_56)"  hits="1"  signature="()V" >
				<lines><line number="504"  hits="1" /></lines>
			</method>
			<method name="(anonymous_57)"  hits="1"  signature="()V" >
				<lines><line number="511"  hits="1" /></lines>
			</method>
			<method name="AuthUtils"  hits="0"  signature="()V" >
				<lines><line number="512"  hits="0" /></lines>
			</method>
			<method name="authSuccessCallback"  hits="0"  signature="()V" >
				<lines><line number="518"  hits="0" /></lines>
			</method>
			<method name="loadUrl"  hits="0"  signature="()V" >
				<lines><line number="533"  hits="0" /></lines>
			</method>
			<method name="(anonymous_61)"  hits="0"  signature="()V" >
				<lines><line number="552"  hits="0" /></lines>
			</method>
			<method name="_interopRequireDefault"  hits="0"  signature="()V" >
				<lines><line number="559"  hits="0" /></lines>
			</method>
			<method name="_classCallCheck"  hits="0"  signature="()V" >
				<lines><line number="565"  hits="0" /></lines>
			</method>
			<method name="(anonymous_64)"  hits="0"  signature="()V" >
				<lines><line number="571"  hits="0" /></lines>
			</method>
			<method name="defineProperties"  hits="0"  signature="()V" >
				<lines><line number="572"  hits="0" /></lines>
			</method>
			<method name="(anonymous_66)"  hits="0"  signature="()V" >
				<lines><line number="582"  hits="0" /></lines>
			</method>
			<method name="(anonymous_67)"  hits="0"  signature="()V" >
				<lines><line number="589"  hits="0" /></lines>
			</method>
			<method name="BirthdateInput"  hits="0"  signature="()V" >
				<lines><line number="590"  hits="0" /></lines>
			</method>
			<method name="init"  hits="0"  signature="()V" >
				<lines><line number="604"  hits="0" /></lines>
			</method>
			<method name="initFocus"  hits="0"  signature="()V" >
				<lines><line number="611"  hits="0" /></lines>
			</method>
			<method name="(anonymous_71)"  hits="0"  signature="()V" >
				<lines><line number="616"  hits="0" /></lines>
			</method>
			<method name="(anonymous_72)"  hits="0"  signature="()V" >
				<lines><line number="629"  hits="0" /></lines>
			</method>
			<method name="initAutoTab"  hits="0"  signature="()V" >
				<lines><line number="635"  hits="0" /></lines>
			</method>
			<method name="(anonymous_74)"  hits="0"  signature="()V" >
				<lines><line number="636"  hits="0" /></lines>
			</method>
			<method name="initBirthdateValue"  hits="0"  signature="()V" >
				<lines><line number="642"  hits="0" /></lines>
			</method>
			<method name="setRealValue"  hits="0"  signature="()V" >
				<lines><line number="647"  hits="0" /></lines>
			</method>
			<method name="padLeft"  hits="0"  signature="()V" >
				<lines><line number="655"  hits="0" /></lines>
			</method>
			<method name="(anonymous_78)"  hits="1"  signature="()V" >
				<lines><line number="668"  hits="1" /></lines>
			</method>
			<method name="_classCallCheck"  hits="0"  signature="()V" >
				<lines><line number="673"  hits="0" /></lines>
			</method>
			<method name="(anonymous_80)"  hits="1"  signature="()V" >
				<lines><line number="679"  hits="1" /></lines>
			</method>
			<method name="defineProperties"  hits="1"  signature="()V" >
				<lines><line number="680"  hits="1" /></lines>
			</method>
			<method name="(anonymous_82)"  hits="1"  signature="()V" >
				<lines><line number="690"  hits="1" /></lines>
			</method>
			<method name="(anonymous_83)"  hits="1"  signature="()V" >
				<lines><line number="697"  hits="1" /></lines>
			</method>
			<method name="Cookie"  hits="0"  signature="()V" >
				<lines><line number="698"  hits="0" /></lines>
			</method>
			<method name="get"  hits="5"  signature="()V" >
				<lines><line number="704"  hits="5" /></lines>
			</method>
			<method name="set"  hits="0"  signature="()V" >
				<lines><line number="727"  hits="0" /></lines>
			</method>
			<method name="(anonymous_87)"  hits="0"  signature="()V" >
				<lines><line number="745"  hits="0" /></lines>
			</method>
			<method name="_classCallCheck"  hits="0"  signature="()V" >
				<lines><line number="750"  hits="0" /></lines>
			</method>
			<method name="(anonymous_89)"  hits="0"  signature="()V" >
				<lines><line number="756"  hits="0" /></lines>
			</method>
			<method name="defineProperties"  hits="0"  signature="()V" >
				<lines><line number="757"  hits="0" /></lines>
			</method>
			<method name="(anonymous_91)"  hits="0"  signature="()V" >
				<lines><line number="767"  hits="0" /></lines>
			</method>
			<method name="(anonymous_92)"  hits="0"  signature="()V" >
				<lines><line number="774"  hits="0" /></lines>
			</method>
			<method name="Form"  hits="0"  signature="()V" >
				<lines><line number="775"  hits="0" /></lines>
			</method>
			<method name="onFocus"  hits="0"  signature="()V" >
				<lines><line number="784"  hits="0" /></lines>
			</method>
			<method name="onBlur"  hits="0"  signature="()V" >
				<lines><line number="802"  hits="0" /></lines>
			</method>
			<method name="(anonymous_96)"  hits="0"  signature="()V" >
				<lines><line number="805"  hits="0" /></lines>
			</method>
			<method name="togglePasswordInput"  hits="0"  signature="()V" >
				<lines><line number="816"  hits="0" /></lines>
			</method>
			<method name="onClick"  hits="0"  signature="()V" >
				<lines><line number="829"  hits="0" /></lines>
			</method>
			<method name="onChange"  hits="0"  signature="()V" >
				<lines><line number="842"  hits="0" /></lines>
			</method>
			<method name="(anonymous_100)"  hits="0"  signature="()V" >
				<lines><line number="845"  hits="0" /></lines>
			</method>
			<method name="findWrapper"  hits="0"  signature="()V" >
				<lines><line number="856"  hits="0" /></lines>
			</method>
			<method name="findLabel"  hits="0"  signature="()V" >
				<lines><line number="865"  hits="0" /></lines>
			</method>
			<method name="watch"  hits="0"  signature="()V" >
				<lines><line number="870"  hits="0" /></lines>
			</method>
			<method name="(anonymous_104)"  hits="4"  signature="()V" >
				<lines><line number="886"  hits="4" /></lines>
			</method>
			<method name="_interopRequireDefault"  hits="4"  signature="()V" >
				<lines><line number="893"  hits="4" /></lines>
			</method>
			<method name="_classCallCheck"  hits="3"  signature="()V" >
				<lines><line number="899"  hits="3" /></lines>
			</method>
			<method name="(anonymous_107)"  hits="4"  signature="()V" >
				<lines><line number="905"  hits="4" /></lines>
			</method>
			<method name="defineProperties"  hits="4"  signature="()V" >
				<lines><line number="906"  hits="4" /></lines>
			</method>
			<method name="(anonymous_109)"  hits="4"  signature="()V" >
				<lines><line number="916"  hits="4" /></lines>
			</method>
			<method name="(anonymous_110)"  hits="4"  signature="()V" >
				<lines><line number="923"  hits="4" /></lines>
			</method>
			<method name="FormErrors"  hits="3"  signature="()V" >
				<lines><line number="924"  hits="3" /></lines>
			</method>
			<method name="clearValidationErrors"  hits="0"  signature="()V" >
				<lines><line number="939"  hits="0" /></lines>
			</method>
			<method name="(anonymous_113)"  hits="0"  signature="()V" >
				<lines><line number="941"  hits="0" /></lines>
			</method>
			<method name="displayValidationErrors"  hits="2"  signature="()V" >
				<lines><line number="954"  hits="2" /></lines>
			</method>
			<method name="(anonymous_115)"  hits="3"  signature="()V" >
				<lines><line number="958"  hits="3" /></lines>
			</method>
			<method name="displayFieldValidationError"  hits="0"  signature="()V" >
				<lines><line number="971"  hits="0" /></lines>
			</method>
			<method name="displayGeneralError"  hits="0"  signature="()V" >
				<lines><line number="986"  hits="0" /></lines>
			</method>
			<method name="createValidationErrorHTMLNode"  hits="0"  signature="()V" >
				<lines><line number="995"  hits="0" /></lines>
			</method>
			<method name="translateValidationError"  hits="0"  signature="()V" >
				<lines><line number="1003"  hits="0" /></lines>
			</method>
			<method name="trackValidationErrors"  hits="0"  signature="()V" >
				<lines><line number="1008"  hits="0" /></lines>
			</method>
			<method name="(anonymous_121)"  hits="6"  signature="()V" >
				<lines><line number="1020"  hits="6" /></lines>
			</method>
			<method name="_interopRequireDefault"  hits="6"  signature="()V" >
				<lines><line number="1027"  hits="6" /></lines>
			</method>
			<method name="_classCallCheck"  hits="4"  signature="()V" >
				<lines><line number="1033"  hits="4" /></lines>
			</method>
			<method name="(anonymous_124)"  hits="6"  signature="()V" >
				<lines><line number="1039"  hits="6" /></lines>
			</method>
			<method name="defineProperties"  hits="6"  signature="()V" >
				<lines><line number="1040"  hits="6" /></lines>
			</method>
			<method name="(anonymous_126)"  hits="6"  signature="()V" >
				<lines><line number="1050"  hits="6" /></lines>
			</method>
			<method name="(anonymous_127)"  hits="6"  signature="()V" >
				<lines><line number="1057"  hits="6" /></lines>
			</method>
			<method name="Geo"  hits="4"  signature="()V" >
				<lines><line number="1058"  hits="4" /></lines>
			</method>
			<method name="getCountry"  hits="1"  signature="()V" >
				<lines><line number="1083"  hits="1" /></lines>
			</method>
			<method name="getContinent"  hits="1"  signature="()V" >
				<lines><line number="1088"  hits="1" /></lines>
			</method>
			<method name="(anonymous_131)"  hits="1"  signature="()V" >
				<lines><line number="1100"  hits="1" /></lines>
			</method>
			<method name="(anonymous_132)"  hits="0"  signature="()V" >
				<lines><line number="1112"  hits="0" /></lines>
			</method>
			<method name="_interopRequireDefault"  hits="0"  signature="()V" >
				<lines><line number="1127"  hits="0" /></lines>
			</method>
			<method name="_classCallCheck"  hits="0"  signature="()V" >
				<lines><line number="1133"  hits="0" /></lines>
			</method>
			<method name="(anonymous_135)"  hits="0"  signature="()V" >
				<lines><line number="1139"  hits="0" /></lines>
			</method>
			<method name="defineProperties"  hits="0"  signature="()V" >
				<lines><line number="1140"  hits="0" /></lines>
			</method>
			<method name="(anonymous_137)"  hits="0"  signature="()V" >
				<lines><line number="1150"  hits="0" /></lines>
			</method>
			<method name="(anonymous_138)"  hits="0"  signature="()V" >
				<lines><line number="1157"  hits="0" /></lines>
			</method>
			<method name="Login"  hits="0"  signature="()V" >
				<lines><line number="1158"  hits="0" /></lines>
			</method>
			<method name="onSubmit"  hits="0"  signature="()V" >
				<lines><line number="1178"  hits="0" /></lines>
			</method>
			<method name="enableSubmitButton"  hits="0"  signature="()V" >
				<lines><line number="1184"  hits="0" /></lines>
			</method>
			<method name="(anonymous_142)"  hits="0"  signature="()V" >
				<lines><line number="1194"  hits="0" /></lines>
			</method>
			<method name="(anonymous_143)"  hits="0"  signature="()V" >
				<lines><line number="1220"  hits="0" /></lines>
			</method>
			<method name="onLoginSuccess"  hits="0"  signature="()V" >
				<lines><line number="1237"  hits="0" /></lines>
			</method>
			<method name="watch"  hits="0"  signature="()V" >
				<lines><line number="1244"  hits="0" /></lines>
			</method>
			<method name="(anonymous_146)"  hits="0"  signature="()V" >
				<lines><line number="1248"  hits="0" /></lines>
			</method>
			<method name="getCredentials"  hits="0"  signature="()V" >
				<lines><line number="1257"  hits="0" /></lines>
			</method>
			<method name="displayError"  hits="0"  signature="()V" >
				<lines><line number="1265"  hits="0" /></lines>
			</method>
			<method name="clearError"  hits="0"  signature="()V" >
				<lines><line number="1273"  hits="0" /></lines>
			</method>
			<method name="(anonymous_150)"  hits="1"  signature="()V" >
				<lines><line number="1289"  hits="1" /></lines>
			</method>
			<method name="_classCallCheck"  hits="2"  signature="()V" >
				<lines><line number="1294"  hits="2" /></lines>
			</method>
			<method name="(anonymous_152)"  hits="1"  signature="()V" >
				<lines><line number="1300"  hits="1" /></lines>
			</method>
			<method name="defineProperties"  hits="1"  signature="()V" >
				<lines><line number="1301"  hits="1" /></lines>
			</method>
			<method name="(anonymous_154)"  hits="1"  signature="()V" >
				<lines><line number="1311"  hits="1" /></lines>
			</method>
			<method name="(anonymous_155)"  hits="1"  signature="()V" >
				<lines><line number="1318"  hits="1" /></lines>
			</method>
			<method name="UrlHelper"  hits="2"  signature="()V" >
				<lines><line number="1319"  hits="2" /></lines>
			</method>
			<method name="urlEncode"  hits="4"  signature="()V" >
				<lines><line number="1325"  hits="4" /></lines>
			</method>
			<method name="(anonymous_158)"  hits="5"  signature="()V" >
				<lines><line number="1326"  hits="5" /></lines>
			</method>
			<method name="urlDecode"  hits="3"  signature="()V" >
				<lines><line number="1332"  hits="3" /></lines>
			</method>
			<method name="(anonymous_160)"  hits="5"  signature="()V" >
				<lines><line number="1334"  hits="5" /></lines>
			</method>
			<method name="(anonymous_161)"  hits="1"  signature="()V" >
				<lines><line number="1348"  hits="1" /></lines>
			</method>
			<method name="_classCallCheck"  hits="0"  signature="()V" >
				<lines><line number="1353"  hits="0" /></lines>
			</method>
			<method name="(anonymous_163)"  hits="1"  signature="()V" >
				<lines><line number="1359"  hits="1" /></lines>
			</method>
			<method name="defineProperties"  hits="1"  signature="()V" >
				<lines><line number="1360"  hits="1" /></lines>
			</method>
			<method name="(anonymous_165)"  hits="1"  signature="()V" >
				<lines><line number="1370"  hits="1" /></lines>
			</method>
			<method name="(anonymous_166)"  hits="1"  signature="()V" >
				<lines><line number="1377"  hits="1" /></lines>
			</method>
			<method name="VisitSourceWrapper"  hits="0"  signature="()V" >
				<lines><line number="1378"  hits="0" /></lines>
			</method>
			<method name="init"  hits="0"  signature="()V" >
				<lines><line number="1384"  hits="0" /></lines>
			</method>
			<method name="get"  hits="0"  signature="()V" >
				<lines><line number="1392"  hits="0" /></lines>
			</method>
			<method name="get"  hits="0"  signature="()V" >
				<lines><line number="1397"  hits="0" /></lines>
			</method>
			<method name="_typeof"  hits="0"  signature="()V" >
				<lines><line number="1409"  hits="0" /></lines>
			</method>
			<method name="(anonymous_172)"  hits="0"  signature="()V" >
				<lines><line number="1411"  hits="0" /></lines>
			</method>
			<method name="_interopRequireDefault"  hits="0"  signature="()V" >
				<lines><line number="1428"  hits="0" /></lines>
			</method>
			<method name="_classCallCheck"  hits="0"  signature="()V" >
				<lines><line number="1434"  hits="0" /></lines>
			</method>
			<method name="(anonymous_175)"  hits="0"  signature="()V" >
				<lines><line number="1440"  hits="0" /></lines>
			</method>
			<method name="defineProperties"  hits="0"  signature="()V" >
				<lines><line number="1441"  hits="0" /></lines>
			</method>
			<method name="(anonymous_177)"  hits="0"  signature="()V" >
				<lines><line number="1451"  hits="0" /></lines>
			</method>
			<method name="_possibleConstructorReturn"  hits="0"  signature="()V" >
				<lines><line number="1458"  hits="0" /></lines>
			</method>
			<method name="_inherits"  hits="0"  signature="()V" >
				<lines><line number="1466"  hits="0" /></lines>
			</method>
			<method name="(anonymous_180)"  hits="0"  signature="()V" >
				<lines><line number="1482"  hits="0" /></lines>
			</method>
			<method name="FacebookConnect"  hits="0"  signature="()V" >
				<lines><line number="1485"  hits="0" /></lines>
			</method>
			<method name="init"  hits="0"  signature="()V" >
				<lines><line number="1499"  hits="0" /></lines>
			</method>
			<method name="(anonymous_183)"  hits="0"  signature="()V" >
				<lines><line number="1502"  hits="0" /></lines>
			</method>
			<method name="getHeliosFacebookConnectData"  hits="0"  signature="()V" >
				<lines><line number="1514"  hits="0" /></lines>
			</method>
			<method name="getHeliosFacebookConnectUrl"  hits="0"  signature="()V" >
				<lines><line number="1521"  hits="0" /></lines>
			</method>
			<method name="onLoginSuccess"  hits="0"  signature="()V" >
				<lines><line number="1526"  hits="0" /></lines>
			</method>
			<method name="(anonymous_187)"  hits="0"  signature="()V" >
				<lines><line number="1533"  hits="0" /></lines>
			</method>
			<method name="(anonymous_188)"  hits="0"  signature="()V" >
				<lines><line number="1541"  hits="0" /></lines>
			</method>
			<method name="(anonymous_189)"  hits="0"  signature="()V" >
				<lines><line number="1545"  hits="0" /></lines>
			</method>
			<method name="(anonymous_190)"  hits="0"  signature="()V" >
				<lines><line number="1561"  hits="0" /></lines>
			</method>
			<method name="(anonymous_191)"  hits="0"  signature="()V" >
				<lines><line number="1581"  hits="0" /></lines>
			</method>
			<method name="_interopRequireDefault"  hits="0"  signature="()V" >
				<lines><line number="1598"  hits="0" /></lines>
			</method>
			<method name="_classCallCheck"  hits="0"  signature="()V" >
				<lines><line number="1604"  hits="0" /></lines>
			</method>
			<method name="(anonymous_194)"  hits="0"  signature="()V" >
				<lines><line number="1610"  hits="0" /></lines>
			</method>
			<method name="defineProperties"  hits="0"  signature="()V" >
				<lines><line number="1611"  hits="0" /></lines>
			</method>
			<method name="(anonymous_196)"  hits="0"  signature="()V" >
				<lines><line number="1621"  hits="0" /></lines>
			</method>
			<method name="(anonymous_197)"  hits="0"  signature="()V" >
				<lines><line number="1628"  hits="0" /></lines>
			</method>
			<method name="FacebookLogin"  hits="0"  signature="()V" >
				<lines><line number="1629"  hits="0" /></lines>
			</method>
			<method name="init"  hits="0"  signature="()V" >
				<lines><line number="1641"  hits="0" /></lines>
			</method>
			<method name="login"  hits="0"  signature="()V" >
				<lines><line number="1647"  hits="0" /></lines>
			</method>
			<method name="onLogin"  hits="0"  signature="()V" >
				<lines><line number="1655"  hits="0" /></lines>
			</method>
			<method name="activateButton"  hits="0"  signature="()V" >
				<lines><line number="1664"  hits="0" /></lines>
			</method>
			<method name="deactivateButton"  hits="0"  signature="()V" >
				<lines><line number="1670"  hits="0" /></lines>
			</method>
			<method name="onSuccessfulLogin"  hits="0"  signature="()V" >
				<lines><line number="1676"  hits="0" /></lines>
			</method>
			<method name="onUnsuccessfulLogin"  hits="0"  signature="()V" >
				<lines><line number="1681"  hits="0" /></lines>
			</method>
			<method name="getFacebookRegistrationUrl"  hits="0"  signature="()V" >
				<lines><line number="1687"  hits="0" /></lines>
			</method>
			<method name="getHeliosInfoFromFBToken"  hits="0"  signature="()V" >
				<lines><line number="1700"  hits="0" /></lines>
			</method>
			<method name="(anonymous_208)"  hits="0"  signature="()V" >
				<lines><line number="1709"  hits="0" /></lines>
			</method>
			<method name="(anonymous_209)"  hits="0"  signature="()V" >
				<lines><line number="1729"  hits="0" /></lines>
			</method>
			<method name="(anonymous_210)"  hits="0"  signature="()V" >
				<lines><line number="1751"  hits="0" /></lines>
			</method>
			<method name="_interopRequireDefault"  hits="0"  signature="()V" >
				<lines><line number="1774"  hits="0" /></lines>
			</method>
			<method name="_classCallCheck"  hits="0"  signature="()V" >
				<lines><line number="1780"  hits="0" /></lines>
			</method>
			<method name="(anonymous_213)"  hits="0"  signature="()V" >
				<lines><line number="1786"  hits="0" /></lines>
			</method>
			<method name="defineProperties"  hits="0"  signature="()V" >
				<lines><line number="1787"  hits="0" /></lines>
			</method>
			<method name="(anonymous_215)"  hits="0"  signature="()V" >
				<lines><line number="1797"  hits="0" /></lines>
			</method>
			<method name="(anonymous_216)"  hits="0"  signature="()V" >
				<lines><line number="1804"  hits="0" /></lines>
			</method>
			<method name="FacebookRegistration"  hits="0"  signature="()V" >
				<lines><line number="1805"  hits="0" /></lines>
			</method>
			<method name="init"  hits="0"  signature="()V" >
				<lines><line number="1830"  hits="0" /></lines>
			</method>
			<method name="(anonymous_219)"  hits="0"  signature="()V" >
				<lines><line number="1833"  hits="0" /></lines>
			</method>
			<method name="getEmailFromFacebook"  hits="0"  signature="()V" >
				<lines><line number="1841"  hits="0" /></lines>
			</method>
			<method name="setUpEmailInput"  hits="0"  signature="()V" >
				<lines><line number="1846"  hits="0" /></lines>
			</method>
			<method name="getHeliosRegistrationDataFromForm"  hits="0"  signature="()V" >
				<lines><line number="1859"  hits="0" /></lines>
			</method>
			<method name="loginWithFacebookAccessToken"  hits="0"  signature="()V" >
				<lines><line number="1873"  hits="0" /></lines>
			</method>
			<method name="(anonymous_224)"  hits="0"  signature="()V" >
				<lines><line number="1881"  hits="0" /></lines>
			</method>
			<method name="(anonymous_225)"  hits="0"  signature="()V" >
				<lines><line number="1895"  hits="0" /></lines>
			</method>
			<method name="onSubmit"  hits="0"  signature="()V" >
				<lines><line number="1910"  hits="0" /></lines>
			</method>
			<method name="(anonymous_227)"  hits="0"  signature="()V" >
				<lines><line number="1919"  hits="0" /></lines>
			</method>
			<method name="(anonymous_228)"  hits="0"  signature="()V" >
				<lines><line number="1933"  hits="0" /></lines>
			</method>
			<method name="(anonymous_229)"  hits="0"  signature="()V" >
				<lines><line number="1955"  hits="0" /></lines>
			</method>
			<method name="_classCallCheck"  hits="0"  signature="()V" >
				<lines><line number="1960"  hits="0" /></lines>
			</method>
			<method name="(anonymous_231)"  hits="0"  signature="()V" >
				<lines><line number="1966"  hits="0" /></lines>
			</method>
			<method name="defineProperties"  hits="0"  signature="()V" >
				<lines><line number="1967"  hits="0" /></lines>
			</method>
			<method name="(anonymous_233)"  hits="0"  signature="()V" >
				<lines><line number="1977"  hits="0" /></lines>
			</method>
			<method name="(anonymous_234)"  hits="0"  signature="()V" >
				<lines><line number="1984"  hits="0" /></lines>
			</method>
			<method name="get"  hits="0"  signature="()V" >
				<lines><line number="1987"  hits="0" /></lines>
			</method>
			<method name="FacebookSDK"  hits="0"  signature="()V" >
				<lines><line number="1992"  hits="0" /></lines>
			</method>
			<method name="(anonymous_237)"  hits="0"  signature="()V" >
				<lines><line number="2007"  hits="0" /></lines>
			</method>
			<method name="(anonymous_238)"  hits="0"  signature="()V" >
				<lines><line number="2024"  hits="0" /></lines>
			</method>
			<method name="_classCallCheck"  hits="0"  signature="()V" >
				<lines><line number="2029"  hits="0" /></lines>
			</method>
			<method name="(anonymous_240)"  hits="0"  signature="()V" >
				<lines><line number="2035"  hits="0" /></lines>
			</method>
			<method name="defineProperties"  hits="0"  signature="()V" >
				<lines><line number="2036"  hits="0" /></lines>
			</method>
			<method name="(anonymous_242)"  hits="0"  signature="()V" >
				<lines><line number="2046"  hits="0" /></lines>
			</method>
			<method name="(anonymous_243)"  hits="0"  signature="()V" >
				<lines><line number="2053"  hits="0" /></lines>
			</method>
			<method name="LoginValidator"  hits="0"  signature="()V" >
				<lines><line number="2054"  hits="0" /></lines>
			</method>
			<method name="onInput"  hits="0"  signature="()V" >
				<lines><line number="2064"  hits="0" /></lines>
			</method>
			<method name="isNotEmpty"  hits="0"  signature="()V" >
				<lines><line number="2073"  hits="0" /></lines>
			</method>
			<method name="activateSubmit"  hits="0"  signature="()V" >
				<lines><line number="2078"  hits="0" /></lines>
			</method>
			<method name="deactivateSubmit"  hits="0"  signature="()V" >
				<lines><line number="2083"  hits="0" /></lines>
			</method>
			<method name="watch"  hits="0"  signature="()V" >
				<lines><line number="2088"  hits="0" /></lines>
			</method>
			<method name="(anonymous_250)"  hits="0"  signature="()V" >
				<lines><line number="2101"  hits="0" /></lines>
			</method>
			<method name="_classCallCheck"  hits="0"  signature="()V" >
				<lines><line number="2106"  hits="0" /></lines>
			</method>
			<method name="(anonymous_252)"  hits="0"  signature="()V" >
				<lines><line number="2112"  hits="0" /></lines>
			</method>
			<method name="defineProperties"  hits="0"  signature="()V" >
				<lines><line number="2113"  hits="0" /></lines>
			</method>
			<method name="(anonymous_254)"  hits="0"  signature="()V" >
				<lines><line number="2123"  hits="0" /></lines>
			</method>
			<method name="(anonymous_255)"  hits="0"  signature="()V" >
				<lines><line number="2130"  hits="0" /></lines>
			</method>
			<method name="SubmitValidator"  hits="0"  signature="()V" >
				<lines><line number="2131"  hits="0" /></lines>
			</method>
			<method name="onChange"  hits="0"  signature="()V" >
				<lines><line number="2141"  hits="0" /></lines>
			</method>
			<method name="areAllFieldsFilled"  hits="0"  signature="()V" >
				<lines><line number="2150"  hits="0" /></lines>
			</method>
			<method name="(anonymous_259)"  hits="0"  signature="()V" >
				<lines><line number="2152"  hits="0" /></lines>
			</method>
			<method name="activateSubmit"  hits="0"  signature="()V" >
				<lines><line number="2158"  hits="0" /></lines>
			</method>
			<method name="deactivateSubmit"  hits="0"  signature="()V" >
				<lines><line number="2163"  hits="0" /></lines>
			</method>
			<method name="disablePermanently"  hits="0"  signature="()V" >
				<lines><line number="2168"  hits="0" /></lines>
			</method>
			<method name="watch"  hits="0"  signature="()V" >
				<lines><line number="2174"  hits="0" /></lines>
			</method>
			<method name="(anonymous_264)"  hits="1"  signature="()V" >
				<lines><line number="2188"  hits="1" /></lines>
			</method>
			<method name="_interopRequireDefault"  hits="1"  signature="()V" >
				<lines><line number="2195"  hits="1" /></lines>
			</method>
			<method name="_classCallCheck"  hits="0"  signature="()V" >
				<lines><line number="2201"  hits="0" /></lines>
			</method>
			<method name="(anonymous_267)"  hits="1"  signature="()V" >
				<lines><line number="2207"  hits="1" /></lines>
			</method>
			<method name="defineProperties"  hits="1"  signature="()V" >
				<lines><line number="2208"  hits="1" /></lines>
			</method>
			<method name="(anonymous_269)"  hits="1"  signature="()V" >
				<lines><line number="2218"  hits="1" /></lines>
			</method>
			<method name="(anonymous_270)"  hits="1"  signature="()V" >
				<lines><line number="2225"  hits="1" /></lines>
			</method>
			<method name="MarketingOptIn"  hits="0"  signature="()V" >
				<lines><line number="2226"  hits="0" /></lines>
			</method>
			<method name="shouldBeEnabled"  hits="0"  signature="()V" >
				<lines><line number="2239"  hits="0" /></lines>
			</method>
			<method name="shouldBeChecked"  hits="0"  signature="()V" >
				<lines><line number="2244"  hits="0" /></lines>
			</method>
			<method name="init"  hits="0"  signature="()V" >
				<lines><line number="2249"  hits="0" /></lines>
			</method>
			<method name="(anonymous_275)"  hits="6"  signature="()V" >
				<lines><line number="2267"  hits="6" /></lines>
			</method>
			<method name="_interopRequireDefault"  hits="60"  signature="()V" >
				<lines><line number="2292"  hits="60" /></lines>
			</method>
			<method name="_classCallCheck"  hits="5"  signature="()V" >
				<lines><line number="2298"  hits="5" /></lines>
			</method>
			<method name="(anonymous_278)"  hits="6"  signature="()V" >
				<lines><line number="2304"  hits="6" /></lines>
			</method>
			<method name="defineProperties"  hits="6"  signature="()V" >
				<lines><line number="2305"  hits="6" /></lines>
			</method>
			<method name="(anonymous_280)"  hits="6"  signature="()V" >
				<lines><line number="2315"  hits="6" /></lines>
			</method>
			<method name="(anonymous_281)"  hits="6"  signature="()V" >
				<lines><line number="2322"  hits="6" /></lines>
			</method>
			<method name="SignupForm"  hits="5"  signature="()V" >
				<lines><line number="2323"  hits="5" /></lines>
			</method>
			<method name="getFormValues"  hits="0"  signature="()V" >
				<lines><line number="2346"  hits="0" /></lines>
			</method>
			<method name="getWikiaDomain"  hits="0"  signature="()V" >
				<lines><line number="2359"  hits="0" /></lines>
			</method>
			<method name="onSuccessfulRegistration"  hits="0"  signature="()V" >
				<lines><line number="2370"  hits="0" /></lines>
			</method>
			<method name="onSubmit"  hits="4"  signature="()V" >
				<lines><line number="2395"  hits="4" /></lines>
			</method>
			<method name="enableSubmitButton"  hits="3"  signature="()V" >
				<lines><line number="2401"  hits="3" /></lines>
			</method>
			<method name="(anonymous_288)"  hits="4"  signature="()V" >
				<lines><line number="2410"  hits="4" /></lines>
			</method>
			<method name="(anonymous_289)"  hits="0"  signature="()V" >
				<lines><line number="2428"  hits="0" /></lines>
			</method>
			<method name="watch"  hits="0"  signature="()V" >
				<lines><line number="2444"  hits="0" /></lines>
			</method>
			<method name="(anonymous_291)"  hits="1"  signature="()V" >
				<lines><line number="2456"  hits="1" /></lines>
			</method>
			<method name="_interopRequireDefault"  hits="1"  signature="()V" >
				<lines><line number="2463"  hits="1" /></lines>
			</method>
			<method name="_classCallCheck"  hits="0"  signature="()V" >
				<lines><line number="2469"  hits="0" /></lines>
			</method>
			<method name="(anonymous_294)"  hits="1"  signature="()V" >
				<lines><line number="2475"  hits="1" /></lines>
			</method>
			<method name="defineProperties"  hits="1"  signature="()V" >
				<lines><line number="2476"  hits="1" /></lines>
			</method>
			<method name="(anonymous_296)"  hits="1"  signature="()V" >
				<lines><line number="2486"  hits="1" /></lines>
			</method>
			<method name="(anonymous_297)"  hits="1"  signature="()V" >
				<lines><line number="2493"  hits="1" /></lines>
			</method>
			<method name="TermsOfUse"  hits="0"  signature="()V" >
				<lines><line number="2494"  hits="0" /></lines>
			</method>
			<method name="shouldDisplayCheckbox"  hits="0"  signature="()V" >
				<lines><line number="2504"  hits="0" /></lines>
			</method>
			<method name="init"  hits="0"  signature="()V" >
				<lines><line number="2509"  hits="0" /></lines>
			</method>
			<method name="(anonymous_301)"  hits="0"  signature="()V" >
				<lines><line number="2537"  hits="0" /></lines>
			</method>
			<method name="(anonymous_302)"  hits="0"  signature="()V" >
				<lines><line number="2549"  hits="0" /></lines>
			</method>
			<method name="_interopRequireDefault"  hits="0"  signature="()V" >
				<lines><line number="2556"  hits="0" /></lines>
			</method>
			<method name="(anonymous_304)"  hits="0"  signature="()V" >
				<lines><line number="2582"  hits="0" /></lines>
			</method>
			<method name="(anonymous_305)"  hits="0"  signature="()V" >
				<lines><line number="2586"  hits="0" /></lines>
			</method>
			<method name="showSortComponent"  hits="0"  signature="()V" >
				<lines><line number="2598"  hits="0" /></lines>
			</method>
			<method name="hideSortComponent"  hits="0"  signature="()V" >
				<lines><line number="2605"  hits="0" /></lines>
			</method>
			<method name="retry"  hits="0"  signature="()V" >
				<lines><line number="2614"  hits="0" /></lines>
			</method>
			<method name="goToAllDiscussions"  hits="0"  signature="()V" >
				<lines><line number="2623"  hits="0" /></lines>
			</method>
			<method name="toggleEditorActive"  hits="0"  signature="()V" >
				<lines><line number="2626"  hits="0" /></lines>
			</method>
			<method name="(anonymous_311)"  hits="0"  signature="()V" >
				<lines><line number="2634"  hits="0" /></lines>
			</method>
			<method name="_interopRequireDefault"  hits="0"  signature="()V" >
				<lines><line number="2641"  hits="0" /></lines>
			</method>
			<method name="(anonymous_313)"  hits="0"  signature="()V" >
				<lines><line number="2650"  hits="0" /></lines>
			</method>
			<method name="expand"  hits="0"  signature="()V" >
				<lines><line number="2661"  hits="0" /></lines>
			</method>
			<method name="(anonymous_315)"  hits="0"  signature="()V" >
				<lines><line number="2666"  hits="0" /></lines>
			</method>
			<method name="retry"  hits="0"  signature="()V" >
				<lines><line number="2681"  hits="0" /></lines>
			</method>
			<method name="goToAllDiscussions"  hits="0"  signature="()V" >
				<lines><line number="2688"  hits="0" /></lines>
			</method>
			<method name="goToForum"  hits="0"  signature="()V" >
				<lines><line number="2695"  hits="0" /></lines>
			</method>
			<method name="(anonymous_319)"  hits="0"  signature="()V" >
				<lines><line number="2705"  hits="0" /></lines>
			</method>
			<method name="_interopRequireDefault"  hits="0"  signature="()V" >
				<lines><line number="2714"  hits="0" /></lines>
			</method>
			<method name="model"  hits="0"  signature="()V" >
				<lines><line number="2725"  hits="0" /></lines>
			</method>
			<method name="setupController"  hits="0"  signature="()V" >
				<lines><line number="2735"  hits="0" /></lines>
			</method>
			<method name="renderTemplate"  hits="0"  signature="()V" >
				<lines><line number="2748"  hits="0" /></lines>
			</method>
			<method name="goBack"  hits="0"  signature="()V" >
				<lines><line number="2759"  hits="0" /></lines>
			</method>
			<method name="done"  hits="0"  signature="()V" >
				<lines><line number="2767"  hits="0" /></lines>
			</method>
			<method name="deleteItem"  hits="0"  signature="()V" >
				<lines><line number="2779"  hits="0" /></lines>
			</method>
			<method name="(anonymous_327)"  hits="0"  signature="()V" >
				<lines><line number="2787"  hits="0" /></lines>
			</method>
			<method name="_interopRequireDefault"  hits="0"  signature="()V" >
				<lines><line number="2794"  hits="0" /></lines>
			</method>
			<method name="model"  hits="0"  signature="()V" >
				<lines><line number="2806"  hits="0" /></lines>
			</method>
			<method name="setupController"  hits="0"  signature="()V" >
				<lines><line number="2821"  hits="0" /></lines>
			</method>
			<method name="renderTemplate"  hits="0"  signature="()V" >
				<lines><line number="2835"  hits="0" /></lines>
			</method>
			<method name="goBack"  hits="0"  signature="()V" >
				<lines><line number="2846"  hits="0" /></lines>
			</method>
			<method name="done"  hits="0"  signature="()V" >
				<lines><line number="2854"  hits="0" /></lines>
			</method>
			<method name="deleteItem"  hits="0"  signature="()V" >
				<lines><line number="2868"  hits="0" /></lines>
			</method>
			<method name="(anonymous_335)"  hits="0"  signature="()V" >
				<lines><line number="2883"  hits="0" /></lines>
			</method>
			<method name="renderTemplate"  hits="0"  signature="()V" >
				<lines><line number="2892"  hits="0" /></lines>
			</method>
			<method name="(anonymous_337)"  hits="0"  signature="()V" >
				<lines><line number="2901"  hits="0" /></lines>
			</method>
			<method name="beforeModel"  hits="0"  signature="()V" >
				<lines><line number="2912"  hits="0" /></lines>
			</method>
			<method name="(anonymous_339)"  hits="0"  signature="()V" >
				<lines><line number="2919"  hits="0" /></lines>
			</method>
			<method name="_interopRequireDefault"  hits="0"  signature="()V" >
				<lines><line number="2928"  hits="0" /></lines>
			</method>
			<method name="model"  hits="0"  signature="()V" >
				<lines><line number="2939"  hits="0" /></lines>
			</method>
			<method name="setupController"  hits="0"  signature="()V" >
				<lines><line number="2952"  hits="0" /></lines>
			</method>
			<method name="renderTemplate"  hits="0"  signature="()V" >
				<lines><line number="2960"  hits="0" /></lines>
			</method>
			<method name="goBack"  hits="0"  signature="()V" >
				<lines><line number="2971"  hits="0" /></lines>
			</method>
			<method name="done"  hits="0"  signature="()V" >
				<lines><line number="2979"  hits="0" /></lines>
			</method>
			<method name="deleteItem"  hits="0"  signature="()V" >
				<lines><line number="2990"  hits="0" /></lines>
			</method>
			<method name="(anonymous_347)"  hits="0"  signature="()V" >
				<lines><line number="2998"  hits="0" /></lines>
			</method>
			<method name="_interopRequireDefault"  hits="0"  signature="()V" >
				<lines><line number="3005"  hits="0" /></lines>
			</method>
			<method name="serialize"  hits="0"  signature="()V" >
				<lines><line number="3017"  hits="0" /></lines>
			</method>
			<method name="model"  hits="0"  signature="()V" >
				<lines><line number="3027"  hits="0" /></lines>
			</method>
			<method name="setupController"  hits="0"  signature="()V" >
				<lines><line number="3040"  hits="0" /></lines>
			</method>
			<method name="goBack"  hits="0"  signature="()V" >
				<lines><line number="3056"  hits="0" /></lines>
			</method>
			<method name="addItem"  hits="0"  signature="()V" >
				<lines><line number="3063"  hits="0" /></lines>
			</method>
			<method name="editItem"  hits="0"  signature="()V" >
				<lines><line number="3071"  hits="0" /></lines>
			</method>
			<method name="editSection"  hits="0"  signature="()V" >
				<lines><line number="3078"  hits="0" /></lines>
			</method>
			<method name="done"  hits="0"  signature="()V" >
				<lines><line number="3086"  hits="0" /></lines>
			</method>
			<method name="(anonymous_357)"  hits="0"  signature="()V" >
				<lines><line number="3106"  hits="0" /></lines>
			</method>
			<method name="retry"  hits="0"  signature="()V" >
				<lines><line number="3118"  hits="0" /></lines>
			</method>
			<method name="goToAllDiscussions"  hits="0"  signature="()V" >
				<lines><line number="3125"  hits="0" /></lines>
			</method>
			<method name="didTransition"  hits="0"  signature="()V" >
				<lines><line number="3132"  hits="0" /></lines>
			</method>
			<method name="(anonymous_361)"  hits="0"  signature="()V" >
				<lines><line number="3141"  hits="0" /></lines>
			</method>
			<method name="_interopRequireDefault"  hits="0"  signature="()V" >
				<lines><line number="3156"  hits="0" /></lines>
			</method>
			<method name="model"  hits="0"  signature="()V" >
				<lines><line number="3170"  hits="0" /></lines>
			</method>
			<method name="setupController"  hits="0"  signature="()V" >
				<lines><line number="3184"  hits="0" /></lines>
			</method>
			<method name="setSortBy"  hits="0"  signature="()V" >
				<lines><line number="3193"  hits="0" /></lines>
			</method>
			<method name="goToPost"  hits="0"  signature="()V" >
				<lines><line number="3212"  hits="0" /></lines>
			</method>
			<method name="loadPage"  hits="0"  signature="()V" >
				<lines><line number="3230"  hits="0" /></lines>
			</method>
			<method name="create"  hits="0"  signature="()V" >
				<lines><line number="3235"  hits="0" /></lines>
			</method>
			<method name="(anonymous_369)"  hits="0"  signature="()V" >
				<lines><line number="3238"  hits="0" /></lines>
			</method>
			<method name="setSortBy"  hits="0"  signature="()V" >
				<lines><line number="3247"  hits="0" /></lines>
			</method>
			<method name="(anonymous_371)"  hits="0"  signature="()V" >
				<lines><line number="3255"  hits="0" /></lines>
			</method>
			<method name="_interopRequireDefault"  hits="0"  signature="()V" >
				<lines><line number="3262"  hits="0" /></lines>
			</method>
			<method name="beforeModel"  hits="0"  signature="()V" >
				<lines><line number="3273"  hits="0" /></lines>
			</method>
			<method name="model"  hits="0"  signature="()V" >
				<lines><line number="3282"  hits="0" /></lines>
			</method>
			<method name="(anonymous_375)"  hits="0"  signature="()V" >
				<lines><line number="3289"  hits="0" /></lines>
			</method>
			<method name="_interopRequireDefault"  hits="0"  signature="()V" >
				<lines><line number="3304"  hits="0" /></lines>
			</method>
			<method name="model"  hits="0"  signature="()V" >
				<lines><line number="3317"  hits="0" /></lines>
			</method>
			<method name="afterModel"  hits="0"  signature="()V" >
				<lines><line number="3325"  hits="0" /></lines>
			</method>
			<method name="activate"  hits="0"  signature="()V" >
				<lines><line number="3338"  hits="0" /></lines>
			</method>
			<method name="deactivate"  hits="0"  signature="()V" >
				<lines><line number="3350"  hits="0" /></lines>
			</method>
			<method name="create"  hits="0"  signature="()V" >
				<lines><line number="3366"  hits="0" /></lines>
			</method>
			<method name="goToForum"  hits="0"  signature="()V" >
				<lines><line number="3375"  hits="0" /></lines>
			</method>
			<method name="(anonymous_383)"  hits="0"  signature="()V" >
				<lines><line number="3383"  hits="0" /></lines>
			</method>
			<method name="_interopRequireDefault"  hits="0"  signature="()V" >
				<lines><line number="3392"  hits="0" /></lines>
			</method>
			<method name="model"  hits="0"  signature="()V" >
				<lines><line number="3403"  hits="0" /></lines>
			</method>
			<method name="renderTemplate"  hits="0"  signature="()V" >
				<lines><line number="3410"  hits="0" /></lines>
			</method>
			<method name="goBack"  hits="0"  signature="()V" >
				<lines><line number="3421"  hits="0" /></lines>
			</method>
			<method name="done"  hits="0"  signature="()V" >
				<lines><line number="3429"  hits="0" /></lines>
			</method>
			<method name="deleteItem"  hits="0"  signature="()V" >
				<lines><line number="3439"  hits="0" /></lines>
			</method>
			<method name="(anonymous_390)"  hits="0"  signature="()V" >
				<lines><line number="3447"  hits="0" /></lines>
			</method>
			<method name="_interopRequireDefault"  hits="0"  signature="()V" >
				<lines><line number="3454"  hits="0" /></lines>
			</method>
			<method name="model"  hits="0"  signature="()V" >
				<lines><line number="3466"  hits="0" /></lines>
			</method>
			<method name="setupController"  hits="0"  signature="()V" >
				<lines><line number="3479"  hits="0" /></lines>
			</method>
			<method name="renderTemplate"  hits="0"  signature="()V" >
				<lines><line number="3487"  hits="0" /></lines>
			</method>
			<method name="goBack"  hits="0"  signature="()V" >
				<lines><line number="3498"  hits="0" /></lines>
			</method>
			<method name="done"  hits="0"  signature="()V" >
				<lines><line number="3506"  hits="0" /></lines>
			</method>
			<method name="deleteItem"  hits="0"  signature="()V" >
				<lines><line number="3517"  hits="0" /></lines>
			</method>
			<method name="(anonymous_398)"  hits="0"  signature="()V" >
				<lines><line number="3530"  hits="0" /></lines>
			</method>
			<method name="_interopRequireDefault"  hits="0"  signature="()V" >
				<lines><line number="3537"  hits="0" /></lines>
			</method>
			<method name="model"  hits="0"  signature="()V" >
				<lines><line number="3548"  hits="0" /></lines>
			</method>
			<method name="setupController"  hits="0"  signature="()V" >
				<lines><line number="3558"  hits="0" /></lines>
			</method>
			<method name="renderTemplate"  hits="0"  signature="()V" >
				<lines><line number="3567"  hits="0" /></lines>
			</method>
			<method name="goBack"  hits="0"  signature="()V" >
				<lines><line number="3578"  hits="0" /></lines>
			</method>
			<method name="done"  hits="0"  signature="()V" >
				<lines><line number="3588"  hits="0" /></lines>
			</method>
			<method name="deleteItem"  hits="0"  signature="()V" >
				<lines><line number="3598"  hits="0" /></lines>
			</method>
			<method name="(anonymous_406)"  hits="0"  signature="()V" >
				<lines><line number="3611"  hits="0" /></lines>
			</method>
			<method name="renderTemplate"  hits="0"  signature="()V" >
				<lines><line number="3620"  hits="0" /></lines>
			</method>
			<method name="(anonymous_408)"  hits="1"  signature="()V" >
				<lines><line number="3630"  hits="1" /></lines>
			</method>
			<method name="_interopRequireDefault"  hits="2"  signature="()V" >
				<lines><line number="3639"  hits="2" /></lines>
			</method>
			<method name="(anonymous_410)"  hits="1"  signature="()V" >
				<lines><line number="3662"  hits="1" /></lines>
			</method>
			<method name="(anonymous_411)"  hits="1"  signature="()V" >
				<lines><line number="3667"  hits="1" /></lines>
			</method>
			<method name="(anonymous_412)"  hits="245"  signature="()V" >
				<lines><line number="3671"  hits="245" /></lines>
			</method>
			<method name="(anonymous_413)"  hits="245"  signature="()V" >
				<lines><line number="3676"  hits="245" /></lines>
			</method>
			<method name="(anonymous_414)"  hits="11"  signature="()V" >
				<lines><line number="3678"  hits="11" /></lines>
			</method>
			<method name="(anonymous_415)"  hits="1"  signature="()V" >
				<lines><line number="3701"  hits="1" /></lines>
			</method>
			<method name="(anonymous_416)"  hits="0"  signature="()V" >
				<lines><line number="3706"  hits="0" /></lines>
			</method>
			<method name="(anonymous_417)"  hits="0"  signature="()V" >
				<lines><line number="3719"  hits="0" /></lines>
			</method>
			<method name="(anonymous_418)"  hits="0"  signature="()V" >
				<lines><line number="3722"  hits="0" /></lines>
			</method>
			<method name="(anonymous_419)"  hits="0"  signature="()V" >
				<lines><line number="3758"  hits="0" /></lines>
			</method>
			<method name="(anonymous_420)"  hits="0"  signature="()V" >
				<lines><line number="3774"  hits="0" /></lines>
			</method>
			<method name="(anonymous_421)"  hits="0"  signature="()V" >
				<lines><line number="3783"  hits="0" /></lines>
			</method>
			<method name="_interopRequireDefault"  hits="0"  signature="()V" >
				<lines><line number="3792"  hits="0" /></lines>
			</method>
			<method name="(anonymous_423)"  hits="0"  signature="()V" >
				<lines><line number="3829"  hits="0" /></lines>
			</method>
			<method name="init"  hits="0"  signature="()V" >
				<lines><line number="3840"  hits="0" /></lines>
			</method>
			<method name="closeLightbox"  hits="0"  signature="()V" >
				<lines><line number="3864"  hits="0" /></lines>
			</method>
			<method name="createHiddenLightbox"  hits="0"  signature="()V" >
				<lines><line number="3885"  hits="0" /></lines>
			</method>
			<method name="handleLink"  hits="0"  signature="()V" >
				<lines><line number="3901"  hits="0" /></lines>
			</method>
			<method name="handleLightbox"  hits="0"  signature="()V" >
				<lines><line number="3911"  hits="0" /></lines>
			</method>
			<method name="loadRandomArticle"  hits="0"  signature="()V" >
				<lines><line number="3927"  hits="0" /></lines>
			</method>
			<method name="openLightbox"  hits="0"  signature="()V" >
				<lines><line number="3940"  hits="0" /></lines>
			</method>
			<method name="search"  hits="0"  signature="()V" >
				<lines><line number="3956"  hits="0" /></lines>
			</method>
			<method name="setQueryParam"  hits="0"  signature="()V" >
				<lines><line number="3967"  hits="0" /></lines>
			</method>
			<method name="showLightbox"  hits="0"  signature="()V" >
				<lines><line number="3988"  hits="0" /></lines>
			</method>
			<method name="toggleSideNav"  hits="0"  signature="()V" >
				<lines><line number="3999"  hits="0" /></lines>
			</method>
			<method name="toggleSmartBanner"  hits="0"  signature="()V" >
				<lines><line number="4007"  hits="0" /></lines>
			</method>
			<method name="toggleUserMenu"  hits="0"  signature="()V" >
				<lines><line number="4015"  hits="0" /></lines>
			</method>
			<method name="toggleSiteHeadPinned"  hits="0"  signature="()V" >
				<lines><line number="4023"  hits="0" /></lines>
			</method>
			<method name="openLightboxForMedia"  hits="0"  signature="()V" >
				<lines><line number="4037"  hits="0" /></lines>
			</method>
			<method name="openLightboxForMap"  hits="0"  signature="()V" >
				<lines><line number="4059"  hits="0" /></lines>
			</method>
			<method name="(anonymous_440)"  hits="0"  signature="()V" >
				<lines><line number="4072"  hits="0" /></lines>
			</method>
			<method name="_interopRequireDefault"  hits="0"  signature="()V" >
				<lines><line number="4079"  hits="0" /></lines>
			</method>
			<method name="handleAddContentSuccess"  hits="0"  signature="()V" >
				<lines><line number="4097"  hits="0" /></lines>
			</method>
			<method name="(anonymous_443)"  hits="0"  signature="()V" >
				<lines><line number="4106"  hits="0" /></lines>
			</method>
			<method name="handleUploadSuccess"  hits="0"  signature="()V" >
				<lines><line number="4124"  hits="0" /></lines>
			</method>
			<method name="handleError"  hits="0"  signature="()V" >
				<lines><line number="4132"  hits="0" /></lines>
			</method>
			<method name="upload"  hits="0"  signature="()V" >
				<lines><line number="4155"  hits="0" /></lines>
			</method>
			<method name="back"  hits="0"  signature="()V" >
				<lines><line number="4164"  hits="0" /></lines>
			</method>
			<method name="(anonymous_448)"  hits="0"  signature="()V" >
				<lines><line number="4172"  hits="0" /></lines>
			</method>
			<method name="_interopRequireDefault"  hits="0"  signature="()V" >
				<lines><line number="4179"  hits="0" /></lines>
			</method>
			<method name="(anonymous_450)"  hits="0"  signature="()V" >
				<lines><line number="4190"  hits="0" /></lines>
			</method>
			<method name="handlePublishSuccess"  hits="0"  signature="()V" >
				<lines><line number="4206"  hits="0" /></lines>
			</method>
			<method name="(anonymous_452)"  hits="0"  signature="()V" >
				<lines><line number="4215"  hits="0" /></lines>
			</method>
			<method name="handlePublishError"  hits="0"  signature="()V" >
				<lines><line number="4236"  hits="0" /></lines>
			</method>
			<method name="publish"  hits="0"  signature="()V" >
				<lines><line number="4261"  hits="0" /></lines>
			</method>
			<method name="back"  hits="0"  signature="()V" >
				<lines><line number="4277"  hits="0" /></lines>
			</method>
			<method name="(anonymous_456)"  hits="0"  signature="()V" >
				<lines><line number="4291"  hits="0" /></lines>
			</method>
			<method name="_interopRequireDefault"  hits="0"  signature="()V" >
				<lines><line number="4300"  hits="0" /></lines>
			</method>
			<method name="init"  hits="0"  signature="()V" >
				<lines><line number="4314"  hits="0" /></lines>
			</method>
			<method name="edit"  hits="0"  signature="()V" >
				<lines><line number="4328"  hits="0" /></lines>
			</method>
			<method name="addPhoto"  hits="0"  signature="()V" >
				<lines><line number="4346"  hits="0" /></lines>
			</method>
			<method name="(anonymous_461)"  hits="0"  signature="()V" >
				<lines><line number="4352"  hits="0" /></lines>
			</method>
			<method name="articleRendered"  hits="0"  signature="()V" >
				<lines><line number="4365"  hits="0" /></lines>
			</method>
			<method name="(anonymous_463)"  hits="0"  signature="()V" >
				<lines><line number="4373"  hits="0" /></lines>
			</method>
			<method name="init"  hits="0"  signature="()V" >
				<lines><line number="4385"  hits="0" /></lines>
			</method>
			<method name="(anonymous_465)"  hits="0"  signature="()V" >
				<lines><line number="4395"  hits="0" /></lines>
			</method>
			<method name="(anonymous_466)"  hits="1"  signature="()V" >
				<lines><line number="4406"  hits="1" /></lines>
			</method>
			<method name="_interopRequireDefault"  hits="1"  signature="()V" >
				<lines><line number="4413"  hits="1" /></lines>
			</method>
			<method name="(anonymous_468)"  hits="5"  signature="()V" >
				<lines><line number="4427"  hits="5" /></lines>
			</method>
			<method name="get"  hits="1"  signature="()V" >
				<lines><line number="4442"  hits="1" /></lines>
			</method>
			<method name="set"  hits="6"  signature="()V" >
				<lines><line number="4445"  hits="6" /></lines>
			</method>
			<method name="didInsertElement"  hits="7"  signature="()V" >
				<lines><line number="4453"  hits="7" /></lines>
			</method>
			<method name="willDestroyElement"  hits="0"  signature="()V" >
				<lines><line number="4465"  hits="0" /></lines>
			</method>
			<method name="(anonymous_473)"  hits="0"  signature="()V" >
				<lines><line number="4477"  hits="0" /></lines>
			</method>
			<method name="close"  hits="0"  signature="()V" >
				<lines><line number="4493"  hits="0" /></lines>
			</method>
			<method name="didInsertElement"  hits="0"  signature="()V" >
				<lines><line number="4507"  hits="0" /></lines>
			</method>
			<method name="willDestroyElement"  hits="0"  signature="()V" >
				<lines><line number="4523"  hits="0" /></lines>
			</method>
			<method name="dismissNotification"  hits="0"  signature="()V" >
				<lines><line number="4530"  hits="0" /></lines>
			</method>
			<method name="(anonymous_478)"  hits="1"  signature="()V" >
				<lines><line number="4537"  hits="1" /></lines>
			</method>
			<method name="dismissAlert"  hits="1"  signature="()V" >
				<lines><line number="4552"  hits="1" /></lines>
			</method>
			<method name="(anonymous_480)"  hits="1"  signature="()V" >
				<lines><line number="4560"  hits="1" /></lines>
			</method>
			<method name="(anonymous_481)"  hits="0"  signature="()V" >
				<lines><line number="4567"  hits="0" /></lines>
			</method>
			<method name="(anonymous_482)"  hits="0"  signature="()V" >
				<lines><line number="4573"  hits="0" /></lines>
			</method>
			<method name="(anonymous_483)"  hits="0"  signature="()V" >
				<lines><line number="4584"  hits="0" /></lines>
			</method>
			<method name="willInsertElement"  hits="0"  signature="()V" >
				<lines><line number="4605"  hits="0" /></lines>
			</method>
			<method name="didRender"  hits="0"  signature="()V" >
				<lines><line number="4612"  hits="0" /></lines>
			</method>
			<method name="click"  hits="0"  signature="()V" >
				<lines><line number="4631"  hits="0" /></lines>
			</method>
			<method name="shouldHandleClick"  hits="3"  signature="()V" >
				<lines><line number="4658"  hits="3" /></lines>
			</method>
			<method name="targetIsReference"  hits="3"  signature="()V" >
				<lines><line number="4675"  hits="3" /></lines>
			</method>
			<method name="handleLink"  hits="0"  signature="()V" >
				<lines><line number="4685"  hits="0" /></lines>
			</method>
			<method name="(anonymous_490)"  hits="0"  signature="()V" >
				<lines><line number="4709"  hits="0" /></lines>
			</method>
			<method name="back"  hits="0"  signature="()V" >
				<lines><line number="4719"  hits="0" /></lines>
			</method>
			<method name="upload"  hits="0"  signature="()V" >
				<lines><line number="4727"  hits="0" /></lines>
			</method>
			<method name="track"  hits="0"  signature="()V" >
				<lines><line number="4737"  hits="0" /></lines>
			</method>
			<method name="(anonymous_494)"  hits="1"  signature="()V" >
				<lines><line number="4748"  hits="1" /></lines>
			</method>
			<method name="_interopRequireDefault"  hits="1"  signature="()V" >
				<lines><line number="4755"  hits="1" /></lines>
			</method>
			<method name="(anonymous_496)"  hits="0"  signature="()V" >
				<lines><line number="4770"  hits="0" /></lines>
			</method>
			<method name="(anonymous_497)"  hits="2"  signature="()V" >
				<lines><line number="4781"  hits="2" /></lines>
			</method>
			<method name="(anonymous_498)"  hits="0"  signature="()V" >
				<lines><line number="4789"  hits="0" /></lines>
			</method>
			<method name="toggleExpand"  hits="0"  signature="()V" >
				<lines><line number="4802"  hits="0" /></lines>
			</method>
			<method name="convertThumbnails"  hits="0"  signature="()V" >
				<lines><line number="4817"  hits="0" /></lines>
			</method>
			<method name="createFigureFromThumbnailData"  hits="0"  signature="()V" >
				<lines><line number="4826"  hits="0" /></lines>
			</method>
			<method name="(anonymous_502)"  hits="1"  signature="()V" >
				<lines><line number="4869"  hits="1" /></lines>
			</method>
			<method name="_interopRequireDefault"  hits="1"  signature="()V" >
				<lines><line number="4876"  hits="1" /></lines>
			</method>
			<method name="(anonymous_504)"  hits="9"  signature="()V" >
				<lines><line number="4898"  hits="9" /></lines>
			</method>
			<method name="(anonymous_505)"  hits="9"  signature="()V" >
				<lines><line number="4901"  hits="9" /></lines>
			</method>
			<method name="(anonymous_506)"  hits="1"  signature="()V" >
				<lines><line number="4930"  hits="1" /></lines>
			</method>
			<method name="(anonymous_507)"  hits="0"  signature="()V" >
				<lines><line number="4939"  hits="0" /></lines>
			</method>
			<method name="didInsertElement"  hits="0"  signature="()V" >
				<lines><line number="4951"  hits="0" /></lines>
			</method>
			<method name="nextPage"  hits="2"  signature="()V" >
				<lines><line number="4966"  hits="2" /></lines>
			</method>
			<method name="prevPage"  hits="3"  signature="()V" >
				<lines><line number="4973"  hits="3" /></lines>
			</method>
			<method name="toggleComments"  hits="0"  signature="()V" >
				<lines><line number="4980"  hits="0" /></lines>
			</method>
			<method name="scrollToTop"  hits="0"  signature="()V" >
				<lines><line number="4998"  hits="0" /></lines>
			</method>
			<method name="(anonymous_513)"  hits="0"  signature="()V" >
				<lines><line number="5005"  hits="0" /></lines>
			</method>
			<method name="_interopRequireDefault"  hits="0"  signature="()V" >
				<lines><line number="5038"  hits="0" /></lines>
			</method>
			<method name="newFromMedia"  hits="0"  signature="()V" >
				<lines><line number="5056"  hits="0" /></lines>
			</method>
			<method name="(anonymous_516)"  hits="0"  signature="()V" >
				<lines><line number="5060"  hits="0" /></lines>
			</method>
			<method name="(anonymous_517)"  hits="0"  signature="()V" >
				<lines><line number="5074"  hits="0" /></lines>
			</method>
			<method name="(anonymous_518)"  hits="0"  signature="()V" >
				<lines><line number="5079"  hits="0" /></lines>
			</method>
			<method name="(anonymous_519)"  hits="0"  signature="()V" >
				<lines><line number="5094"  hits="0" /></lines>
			</method>
			<method name="(anonymous_520)"  hits="0"  signature="()V" >
				<lines><line number="5106"  hits="0" /></lines>
			</method>
			<method name="(anonymous_521)"  hits="0"  signature="()V" >
				<lines><line number="5110"  hits="0" /></lines>
			</method>
			<method name="(anonymous_522)"  hits="0"  signature="()V" >
				<lines><line number="5115"  hits="0" /></lines>
			</method>
			<method name="openLightbox"  hits="0"  signature="()V" >
				<lines><line number="5132"  hits="0" /></lines>
			</method>
			<method name="edit"  hits="0"  signature="()V" >
				<lines><line number="5141"  hits="0" /></lines>
			</method>
			<method name="addPhoto"  hits="0"  signature="()V" >
				<lines><line number="5151"  hits="0" /></lines>
			</method>
			<method name="hackIntoEmberRendering"  hits="0"  signature="()V" >
				<lines><line number="5169"  hits="0" /></lines>
			</method>
			<method name="handleJumpLink"  hits="0"  signature="()V" >
				<lines><line number="5179"  hits="0" /></lines>
			</method>
			<method name="createArticleContributionComponent"  hits="0"  signature="()V" >
				<lines><line number="5199"  hits="0" /></lines>
			</method>
			<method name="loadTableOfContentsData"  hits="0"  signature="()V" >
				<lines><line number="5234"  hits="0" /></lines>
			</method>
			<method name="(anonymous_530)"  hits="0"  signature="()V" >
				<lines><line number="5240"  hits="0" /></lines>
			</method>
			<method name="createMediaComponent"  hits="0"  signature="()V" >
				<lines><line number="5261"  hits="0" /></lines>
			</method>
			<method name="replaceMediaPlaceholdersWithMediaComponents"  hits="0"  signature="()V" >
				<lines><line number="5280"  hits="0" /></lines>
			</method>
			<method name="replaceImageCollectionPlaceholdersWithComponents"  hits="0"  signature="()V" >
				<lines><line number="5298"  hits="0" /></lines>
			</method>
			<method name="getCollectionMediaFromRefs"  hits="0"  signature="()V" >
				<lines><line number="5302"  hits="0" /></lines>
			</method>
			<method name="(anonymous_535)"  hits="0"  signature="()V" >
				<lines><line number="5311"  hits="0" /></lines>
			</method>
			<method name="replaceMapsWithMapComponents"  hits="0"  signature="()V" >
				<lines><line number="5330"  hits="0" /></lines>
			</method>
			<method name="(anonymous_537)"  hits="0"  signature="()V" >
				<lines><line number="5338"  hits="0" /></lines>
			</method>
			<method name="replaceMapWithMapComponent"  hits="0"  signature="()V" >
				<lines><line number="5347"  hits="0" /></lines>
			</method>
			<method name="replaceInfoboxesWithInfoboxComponents"  hits="0"  signature="()V" >
				<lines><line number="5367"  hits="0" /></lines>
			</method>
			<method name="(anonymous_540)"  hits="0"  signature="()V" >
				<lines><line number="5375"  hits="0" /></lines>
			</method>
			<method name="replaceInfoboxWithInfoboxComponent"  hits="0"  signature="()V" >
				<lines><line number="5384"  hits="0" /></lines>
			</method>
			<method name="replaceWikiaWidgetsWithComponents"  hits="0"  signature="()V" >
				<lines><line number="5399"  hits="0" /></lines>
			</method>
			<method name="(anonymous_543)"  hits="0"  signature="()V" >
				<lines><line number="5407"  hits="0" /></lines>
			</method>
			<method name="replaceWikiaWidgetWithComponent"  hits="0"  signature="()V" >
				<lines><line number="5416"  hits="0" /></lines>
			</method>
			<method name="createWidgetComponent"  hits="0"  signature="()V" >
				<lines><line number="5437"  hits="0" /></lines>
			</method>
			<method name="handleWikiaWidgetWrappers"  hits="0"  signature="()V" >
				<lines><line number="5456"  hits="0" /></lines>
			</method>
			<method name="(anonymous_547)"  hits="0"  signature="()V" >
				<lines><line number="5457"  hits="0" /></lines>
			</method>
			<method name="handleInfoboxes"  hits="0"  signature="()V" >
				<lines><line number="5469"  hits="0" /></lines>
			</method>
			<method name="(anonymous_549)"  hits="0"  signature="()V" >
				<lines><line number="5476"  hits="0" /></lines>
			</method>
			<method name="(anonymous_550)"  hits="0"  signature="()V" >
				<lines><line number="5478"  hits="0" /></lines>
			</method>
			<method name="handleTables"  hits="0"  signature="()V" >
				<lines><line number="5492"  hits="0" /></lines>
			</method>
			<method name="(anonymous_552)"  hits="0"  signature="()V" >
				<lines><line number="5495"  hits="0" /></lines>
			</method>
			<method name="(anonymous_553)"  hits="1"  signature="()V" >
				<lines><line number="5506"  hits="1" /></lines>
			</method>
			<method name="_interopRequireDefault"  hits="1"  signature="()V" >
				<lines><line number="5513"  hits="1" /></lines>
			</method>
			<method name="edit"  hits="1"  signature="()V" >
				<lines><line number="5536"  hits="1" /></lines>
			</method>
			<method name="addPhoto"  hits="1"  signature="()V" >
				<lines><line number="5558"  hits="1" /></lines>
			</method>
			<method name="openLocation"  hits="0"  signature="()V" >
				<lines><line number="5575"  hits="0" /></lines>
			</method>
			<method name="redirectToLogin"  hits="2"  signature="()V" >
				<lines><line number="5584"  hits="2" /></lines>
			</method>
			<method name="(anonymous_559)"  hits="0"  signature="()V" >
				<lines><line number="5606"  hits="0" /></lines>
			</method>
			<method name="_interopRequireDefault"  hits="0"  signature="()V" >
				<lines><line number="5613"  hits="0" /></lines>
			</method>
			<method name="(anonymous_561)"  hits="0"  signature="()V" >
				<lines><line number="5622"  hits="0" /></lines>
			</method>
			<method name="(anonymous_562)"  hits="0"  signature="()V" >
				<lines><line number="5626"  hits="0" /></lines>
			</method>
			<method name="back"  hits="0"  signature="()V" >
				<lines><line number="5635"  hits="0" /></lines>
			</method>
			<method name="publish"  hits="0"  signature="()V" >
				<lines><line number="5642"  hits="0" /></lines>
			</method>
			<method name="(anonymous_565)"  hits="1"  signature="()V" >
				<lines><line number="5650"  hits="1" /></lines>
			</method>
			<method name="_interopRequireDefault"  hits="3"  signature="()V" >
				<lines><line number="5661"  hits="3" /></lines>
			</method>
			<method name="swipeLeft"  hits="0"  signature="()V" >
				<lines><line number="5690"  hits="0" /></lines>
			</method>
			<method name="swipeRight"  hits="0"  signature="()V" >
				<lines><line number="5710"  hits="0" /></lines>
			</method>
			<method name="(anonymous_569)"  hits="6"  signature="()V" >
				<lines><line number="5727"  hits="6" /></lines>
			</method>
			<method name="(anonymous_570)"  hits="7"  signature="()V" >
				<lines><line number="5742"  hits="7" /></lines>
			</method>
			<method name="(anonymous_571)"  hits="3"  signature="()V" >
				<lines><line number="5769"  hits="3" /></lines>
			</method>
			<method name="(anonymous_572)"  hits="2"  signature="()V" >
				<lines><line number="5787"  hits="2" /></lines>
			</method>
			<method name="(anonymous_573)"  hits="0"  signature="()V" >
				<lines><line number="5793"  hits="0" /></lines>
			</method>
			<method name="edit"  hits="0"  signature="()V" >
				<lines><line number="5806"  hits="0" /></lines>
			</method>
			<method name="addPhoto"  hits="0"  signature="()V" >
				<lines><line number="5816"  hits="0" /></lines>
			</method>
			<method name="expandSideNav"  hits="0"  signature="()V" >
				<lines><line number="5823"  hits="0" /></lines>
			</method>
			<method name="openLightbox"  hits="0"  signature="()V" >
				<lines><line number="5832"  hits="0" /></lines>
			</method>
			<method name="updateHeaders"  hits="0"  signature="()V" >
				<lines><line number="5840"  hits="0" /></lines>
			</method>
			<method name="didInsertElement"  hits="0"  signature="()V" >
				<lines><line number="5848"  hits="0" /></lines>
			</method>
			<method name="(anonymous_580)"  hits="0"  signature="()V" >
				<lines><line number="5854"  hits="0" /></lines>
			</method>
			<method name="click"  hits="0"  signature="()V" >
				<lines><line number="5865"  hits="0" /></lines>
			</method>
			<method name="performArticleTransforms"  hits="0"  signature="()V" >
				<lines><line number="5890"  hits="0" /></lines>
			</method>
			<method name="shouldHandleMedia"  hits="6"  signature="()V" >
				<lines><line number="5914"  hits="6" /></lines>
			</method>
			<method name="handleMedia"  hits="0"  signature="()V" >
				<lines><line number="5924"  hits="0" /></lines>
			</method>
			<method name="(anonymous_585)"  hits="1"  signature="()V" >
				<lines><line number="5960"  hits="1" /></lines>
			</method>
			<method name="_interopRequireDefault"  hits="1"  signature="()V" >
				<lines><line number="5967"  hits="1" /></lines>
			</method>
			<method name="toggleMenu"  hits="2"  signature="()V" >
				<lines><line number="5990"  hits="2" /></lines>
			</method>
			<method name="didInsertElement"  hits="0"  signature="()V" >
				<lines><line number="6006"  hits="0" /></lines>
			</method>
			<method name="willDestroyElement"  hits="0"  signature="()V" >
				<lines><line number="6013"  hits="0" /></lines>
			</method>
			<method name="titleDidChange"  hits="0"  signature="()V" >
				<lines><line number="6020"  hits="0" /></lines>
			</method>
			<method name="(anonymous_591)"  hits="0"  signature="()V" >
				<lines><line number="6029"  hits="0" /></lines>
			</method>
			<method name="_interopRequireDefault"  hits="0"  signature="()V" >
				<lines><line number="6036"  hits="0" /></lines>
			</method>
			<method name="(anonymous_593)"  hits="0"  signature="()V" >
[...]
			<line number="19948"  hits="1"  branch="true"  condition-coverage="50% (1/2)" />
			<line number="19949"  hits="1"  branch="true"  condition-coverage="50% (1/2)" />
			<line number="19950"  hits="1"  branch="false" />
			<line number="19954"  hits="1"  branch="false" />
			<line number="19955"  hits="1"  branch="false" />
			<line number="19956"  hits="0"  branch="false" />
			<line number="19958"  hits="0"  branch="true"  condition-coverage="0% (0/2)" />
			<line number="19961"  hits="1"  branch="false" />
			<line number="19964"  hits="0"  branch="true"  condition-coverage="0% (0/2)" />
			<line number="19965"  hits="0"  branch="false" />
			<line number="19970"  hits="1"  branch="false" />
			<line number="19973"  hits="1"  branch="false" />
			<line number="19975"  hits="1"  branch="false" />
			<line number="19977"  hits="1"  branch="true"  condition-coverage="0% (0/5)" />
			<line number="19979"  hits="1"  branch="false" />
			<line number="19980"  hits="3"  branch="false" />
			<line number="19984"  hits="3"  branch="false" />
			<line number="19986"  hits="1"  branch="false" />
			<line number="19987"  hits="3"  branch="true"  condition-coverage="100% (4/4)" />
			<line number="19992"  hits="1"  branch="false" />
			<line number="19993"  hits="1"  branch="true"  condition-coverage="50% (1/2)" />
			<line number="19994"  hits="0"  branch="false" />
			<line number="19998"  hits="3"  branch="false" />
			<line number="19999"  hits="1"  branch="false" />
			<line number="20000"  hits="3"  branch="false" />
			<line number="20001"  hits="6"  branch="false" />
			<line number="20002"  hits="6"  branch="true"  condition-coverage="100% (2/2)" />
			<line number="20003"  hits="6"  branch="false" />
			<line number="20004"  hits="6"  branch="true"  condition-coverage="50% (1/2)" />
			<line number="20005"  hits="6"  branch="false" />
			<line number="20009"  hits="3"  branch="false" />
			<line number="20010"  hits="3"  branch="true"  condition-coverage="50% (1/2)" />
			<line number="20011"  hits="3"  branch="true"  condition-coverage="50% (1/2)" />
			<line number="20012"  hits="3"  branch="false" />
			<line number="20016"  hits="1"  branch="false" />
			<line number="20017"  hits="1"  branch="true"  condition-coverage="50% (1/2)" />
			<line number="20018"  hits="0"  branch="false" />
			<line number="20021"  hits="1"  branch="true"  condition-coverage="28.57142857142857% (2/7)" />
			<line number="20024"  hits="1"  branch="false" />
			<line number="20025"  hits="3"  branch="true"  condition-coverage="75% (3/4)" />
			<line number="20026"  hits="0"  branch="false" />
			<line number="20029"  hits="3"  branch="true"  condition-coverage="100% (2/2)" />
			<line number="20037"  hits="3"  branch="true"  condition-coverage="75% (3/4)" />
			<line number="20040"  hits="3"  branch="false" />
			<line number="20041"  hits="3"  branch="false" />
			<line number="20043"  hits="1"  branch="false" />
			<line number="20044"  hits="1"  branch="false" />
			<line number="20046"  hits="1"  branch="false" />
			<line number="20048"  hits="1"  branch="false" />
			<line number="20050"  hits="1"  branch="false" />
			<line number="20051"  hits="1"  branch="false" />
			<line number="20054"  hits="3"  branch="false" />
			<line number="20057"  hits="0"  branch="true"  condition-coverage="0% (0/2)" />
			<line number="20058"  hits="0"  branch="false" />
			<line number="20063"  hits="1"  branch="false" />
			<line number="20065"  hits="1"  branch="true"  condition-coverage="50% (1/2)" />
			<line number="20066"  hits="1"  branch="false" />
			<line number="20069"  hits="1"  branch="false" />
			<line number="20070"  hits="1"  branch="false" />
			<line number="20074"  hits="1"  branch="false" />
			<line number="20078"  hits="3"  branch="false" />
			<line number="20081"  hits="3"  branch="false" />
			<line number="20083"  hits="1"  branch="false" />
			<line number="20085"  hits="1"  branch="false" />
			<line number="20086"  hits="6"  branch="false" />
			<line number="20090"  hits="1"  branch="false" />
			<line number="20091"  hits="4"  branch="true"  condition-coverage="50% (1/2)" />
			<line number="20092"  hits="0"  branch="false" />
			<line number="20096"  hits="6"  branch="false" />
			<line number="20097"  hits="1"  branch="false" />
			<line number="20098"  hits="12"  branch="false" />
			<line number="20099"  hits="60"  branch="false" />
			<line number="20100"  hits="60"  branch="true"  condition-coverage="100% (2/2)" />
			<line number="20101"  hits="60"  branch="false" />
			<line number="20102"  hits="60"  branch="true"  condition-coverage="50% (1/2)" />
			<line number="20103"  hits="60"  branch="false" />
			<line number="20107"  hits="6"  branch="false" />
			<line number="20108"  hits="6"  branch="true"  condition-coverage="50% (1/2)" />
			<line number="20109"  hits="6"  branch="true"  condition-coverage="50% (1/2)" />
			<line number="20110"  hits="6"  branch="false" />
			<line number="20114"  hits="6"  branch="false" />
			<line number="20115"  hits="1"  branch="false" />
			<line number="20116"  hits="4"  branch="true"  condition-coverage="50% (2/4)" />
			<line number="20118"  hits="4"  branch="false" />
			<line number="20120"  hits="4"  branch="false" />
			<line number="20121"  hits="4"  branch="false" />
			<line number="20122"  hits="4"  branch="false" />
			<line number="20123"  hits="4"  branch="false" />
			<line number="20125"  hits="4"  branch="true"  condition-coverage="50% (1/2)" />
			<line number="20126"  hits="0"  branch="false" />
			<line number="20129"  hits="4"  branch="false" />
			<line number="20130"  hits="36"  branch="false" />
			<line number="20132"  hits="4"  branch="false" />
			<line number="20133"  hits="4"  branch="false" />
			<line number="20134"  hits="4"  branch="false" />
			<line number="20136"  hits="4"  branch="true"  condition-coverage="50% (1/2)" />
			<line number="20137"  hits="0"  branch="false" />
			<line number="20141"  hits="6"  branch="false" />
			<line number="20144"  hits="8"  branch="false" />
			<line number="20149"  hits="8"  branch="false" />
			<line number="20152"  hits="8"  branch="true"  condition-coverage="100% (2/2)" />
			<line number="20153"  hits="4"  branch="false" />
			<line number="20154"  hits="4"  branch="false" />
			<line number="20155"  hits="4"  branch="false" />
			<line number="20158"  hits="8"  branch="false" />
			<line number="20160"  hits="8"  branch="true"  condition-coverage="50% (1/2)" />
			<line number="20161"  hits="0"  branch="false" />
			<line number="20164"  hits="8"  branch="false" />
			<line number="20165"  hits="8"  branch="false" />
			<line number="20167"  hits="8"  branch="false" />
			<line number="20172"  hits="1"  branch="false" />
			<line number="20174"  hits="1"  branch="false" />
			<line number="20175"  hits="2"  branch="true"  condition-coverage="100% (2/2)" />
			<line number="20176"  hits="1"  branch="false" />
			<line number="20177"  hits="1"  branch="false" />
			<line number="20191"  hits="1"  branch="false" />
			<line number="20203"  hits="0"  branch="false" />
			<line number="20204"  hits="0"  branch="false" />
			<line number="20205"  hits="0"  branch="false" />
			<line number="20206"  hits="0"  branch="false" />
			<line number="20207"  hits="0"  branch="false" />
			<line number="20213"  hits="1"  branch="false" />
			<line number="20215"  hits="1"  branch="true"  condition-coverage="50% (1/2)" />
			<line number="20216"  hits="0"  branch="false" />
			<line number="20219"  hits="1"  branch="false" />
			<line number="20220"  hits="2"  branch="false" />
			<line number="20221"  hits="2"  branch="false" />
			<line number="20222"  hits="2"  branch="false" />
			<line number="20228"  hits="0"  branch="false" />
			<line number="20229"  hits="0"  branch="false" />
			<line number="20230"  hits="0"  branch="false" />
			<line number="20236"  hits="5"  branch="true"  condition-coverage="50% (1/2)" />
			<line number="20237"  hits="0"  branch="false" />
			<line number="20240"  hits="5"  branch="true"  condition-coverage="50% (1/2)" />
			<line number="20241"  hits="0"  branch="false" />
			<line number="20243"  hits="5"  branch="false" />
			<line number="20246"  hits="5"  branch="false" />
			<line number="20251"  hits="9"  branch="false" />
			<line number="20252"  hits="9"  branch="true"  condition-coverage="50% (1/2)" />
			<line number="20257"  hits="8"  branch="true"  condition-coverage="50% (1/2)" />
			<line number="20258"  hits="8"  branch="false" />
			<line number="20259"  hits="8"  branch="false" />
			<line number="20260"  hits="8"  branch="false" />
			<line number="20266"  hits="3"  branch="true"  condition-coverage="100% (2/2)" />
			<line number="20270"  hits="6"  branch="false" />
			<line number="20273"  hits="6"  branch="false" />
			<line number="20274"  hits="6"  branch="false" />
			<line number="20275"  hits="6"  branch="false" />
			<line number="20277"  hits="1"  branch="false" />
			<line number="20279"  hits="1"  branch="false" />
			<line number="20280"  hits="8"  branch="false" />
			<line number="20284"  hits="8"  branch="false" />
			<line number="20286"  hits="1"  branch="false" />
			<line number="20287"  hits="8"  branch="true"  condition-coverage="75% (3/4)" />
			<line number="20292"  hits="1"  branch="false" />
			<line number="20293"  hits="7"  branch="true"  condition-coverage="50% (1/2)" />
			<line number="20294"  hits="0"  branch="false" />
			<line number="20298"  hits="8"  branch="false" />
			<line number="20299"  hits="1"  branch="false" />
			<line number="20300"  hits="16"  branch="false" />
			<line number="20301"  hits="48"  branch="false" />
			<line number="20302"  hits="48"  branch="true"  condition-coverage="100% (2/2)" />
			<line number="20303"  hits="48"  branch="false" />
			<line number="20304"  hits="48"  branch="true"  condition-coverage="50% (1/2)" />
			<line number="20305"  hits="48"  branch="false" />
			<line number="20309"  hits="8"  branch="false" />
			<line number="20310"  hits="8"  branch="true"  condition-coverage="50% (1/2)" />
			<line number="20311"  hits="8"  branch="true"  condition-coverage="50% (1/2)" />
			<line number="20312"  hits="8"  branch="false" />
			<line number="20316"  hits="8"  branch="false" />
			<line number="20317"  hits="1"  branch="false" />
			<line number="20318"  hits="7"  branch="false" />
			<line number="20320"  hits="7"  branch="true"  condition-coverage="100% (2/2)" />
			<line number="20321"  hits="1"  branch="false" />
			<line number="20324"  hits="6"  branch="false" />
			<line number="20325"  hits="6"  branch="false" />
			<line number="20326"  hits="6"  branch="false" />
			<line number="20327"  hits="6"  branch="false" />
			<line number="20328"  hits="6"  branch="false" />
			<line number="20329"  hits="6"  branch="false" />
			<line number="20332"  hits="8"  branch="false" />
			<line number="20338"  hits="1"  branch="false" />
			<line number="20340"  hits="1"  branch="false" />
			<line number="20341"  hits="1"  branch="false" />
			<line number="20350"  hits="0"  branch="true"  condition-coverage="0% (0/4)" />
			<line number="20351"  hits="0"  branch="false" />
			<line number="20356"  hits="0"  branch="false" />
			<line number="20358"  hits="0"  branch="true"  condition-coverage="0% (0/4)" />
			<line number="20359"  hits="0"  branch="false" />
			<line number="20364"  hits="0"  branch="false" />
			<line number="20370"  hits="0"  branch="false" />
			<line number="20375"  hits="1"  branch="false" />
			<line number="20384"  hits="5"  branch="false" />
			<line number="20387"  hits="5"  branch="true"  condition-coverage="50% (1/2)" />
			<line number="20388"  hits="0"  branch="false" />
			<line number="20391"  hits="5"  branch="false" />
			<line number="20395"  hits="8"  branch="false" />
			<line number="20398"  hits="8"  branch="false" />
			<line number="20400"  hits="1"  branch="false" />
			<line number="20402"  hits="1"  branch="true"  condition-coverage="0% (0/5)" />
			<line number="20404"  hits="1"  branch="false" />
			<line number="20405"  hits="2"  branch="false" />
			<line number="20409"  hits="2"  branch="false" />
			<line number="20411"  hits="1"  branch="false" />
			<line number="20412"  hits="2"  branch="true"  condition-coverage="75% (3/4)" />
			<line number="20417"  hits="1"  branch="false" />
			<line number="20418"  hits="2"  branch="true"  condition-coverage="50% (1/2)" />
			<line number="20419"  hits="0"  branch="false" />
			<line number="20423"  hits="2"  branch="false" />
			<line number="20424"  hits="1"  branch="false" />
			<line number="20425"  hits="2"  branch="false" />
			<line number="20426"  hits="8"  branch="false" />
			<line number="20427"  hits="8"  branch="true"  condition-coverage="100% (2/2)" />
			<line number="20428"  hits="8"  branch="false" />
			<line number="20429"  hits="8"  branch="true"  condition-coverage="50% (1/2)" />
			<line number="20430"  hits="8"  branch="false" />
			<line number="20434"  hits="2"  branch="false" />
			<line number="20435"  hits="2"  branch="true"  condition-coverage="50% (1/2)" />
			<line number="20436"  hits="2"  branch="true"  condition-coverage="50% (1/2)" />
			<line number="20437"  hits="2"  branch="false" />
			<line number="20441"  hits="1"  branch="false" />
			<line number="20442"  hits="2"  branch="true"  condition-coverage="50% (1/2)" />
			<line number="20443"  hits="0"  branch="false" />
			<line number="20446"  hits="2"  branch="true"  condition-coverage="28.57142857142857% (2/7)" />
			<line number="20449"  hits="1"  branch="false" />
			<line number="20450"  hits="2"  branch="true"  condition-coverage="50% (2/4)" />
			<line number="20451"  hits="0"  branch="false" />
			<line number="20454"  hits="2"  branch="true"  condition-coverage="100% (2/2)" />
			<line number="20462"  hits="2"  branch="true"  condition-coverage="50% (2/4)" />
			<line number="20465"  hits="2"  branch="false" />
			<line number="20466"  hits="2"  branch="false" />
			<line number="20468"  hits="1"  branch="false" />
			<line number="20469"  hits="2"  branch="false" />
			<line number="20471"  hits="2"  branch="false" />
			<line number="20473"  hits="2"  branch="false" />
			<line number="20474"  hits="2"  branch="false" />
			<line number="20475"  hits="2"  branch="false" />
			<line number="20476"  hits="2"  branch="false" />
			<line number="20477"  hits="2"  branch="false" />
			<line number="20478"  hits="2"  branch="false" />
			<line number="20481"  hits="2"  branch="false" />
			<line number="20484"  hits="0"  branch="false" />
			<line number="20486"  hits="0"  branch="false" />
			<line number="20488"  hits="0"  branch="false" />
			<line number="20489"  hits="0"  branch="false" />
			<line number="20492"  hits="0"  branch="false" />
			<line number="20496"  hits="0"  branch="true"  condition-coverage="0% (0/2)" />
			<line number="20497"  hits="0"  branch="false" />
			<line number="20499"  hits="0"  branch="false" />
			<line number="20505"  hits="0"  branch="false" />
			<line number="20510"  hits="0"  branch="false" />
			<line number="20515"  hits="0"  branch="false" />
			<line number="20517"  hits="0"  branch="false" />
			<line number="20518"  hits="0"  branch="false" />
			<line number="20519"  hits="0"  branch="false" />
			<line number="20521"  hits="0"  branch="false" />
			<line number="20522"  hits="0"  branch="true"  condition-coverage="0% (0/2)" />
			<line number="20523"  hits="0"  branch="false" />
			<line number="20525"  hits="0"  branch="false" />
			<line number="20528"  hits="0"  branch="false" />
			<line number="20529"  hits="0"  branch="false" />
			<line number="20531"  hits="0"  branch="false" />
			<line number="20532"  hits="0"  branch="false" />
			<line number="20537"  hits="2"  branch="false" />
			<line number="20540"  hits="2"  branch="false" />
			<line number="20542"  hits="1"  branch="false" />
			<line number="20544"  hits="20"  branch="true"  condition-coverage="60% (3/5)" />
			<line number="20546"  hits="1"  branch="false" />
			<line number="20547"  hits="2"  branch="false" />
			<line number="20551"  hits="2"  branch="false" />
			<line number="20553"  hits="1"  branch="false" />
			<line number="20554"  hits="2"  branch="true"  condition-coverage="75% (3/4)" />
			<line number="20559"  hits="1"  branch="false" />
			<line number="20560"  hits="2"  branch="true"  condition-coverage="50% (1/2)" />
			<line number="20561"  hits="0"  branch="false" />
			<line number="20565"  hits="2"  branch="false" />
			<line number="20566"  hits="1"  branch="false" />
			<line number="20567"  hits="2"  branch="false" />
			<line number="20568"  hits="8"  branch="false" />
			<line number="20569"  hits="8"  branch="true"  condition-coverage="100% (2/2)" />
			<line number="20570"  hits="8"  branch="false" />
			<line number="20571"  hits="8"  branch="true"  condition-coverage="50% (1/2)" />
			<line number="20572"  hits="8"  branch="false" />
			<line number="20576"  hits="2"  branch="false" />
			<line number="20577"  hits="2"  branch="true"  condition-coverage="50% (1/2)" />
			<line number="20578"  hits="2"  branch="true"  condition-coverage="50% (1/2)" />
			<line number="20579"  hits="2"  branch="false" />
			<line number="20583"  hits="1"  branch="false" />
			<line number="20584"  hits="2"  branch="true"  condition-coverage="50% (1/2)" />
			<line number="20585"  hits="0"  branch="false" />
			<line number="20588"  hits="2"  branch="true"  condition-coverage="28.57142857142857% (2/7)" />
			<line number="20591"  hits="1"  branch="false" />
			<line number="20592"  hits="2"  branch="true"  condition-coverage="50% (2/4)" />
			<line number="20593"  hits="0"  branch="false" />
			<line number="20596"  hits="2"  branch="true"  condition-coverage="100% (2/2)" />
			<line number="20604"  hits="2"  branch="true"  condition-coverage="50% (2/4)" />
			<line number="20607"  hits="2"  branch="false" />
			<line number="20608"  hits="2"  branch="false" />
			<line number="20610"  hits="1"  branch="false" />
			<line number="20611"  hits="2"  branch="false" />
			<line number="20613"  hits="2"  branch="false" />
			<line number="20615"  hits="2"  branch="false" />
			<line number="20616"  hits="2"  branch="false" />
			<line number="20617"  hits="2"  branch="false" />
			<line number="20618"  hits="2"  branch="false" />
			<line number="20619"  hits="2"  branch="false" />
			<line number="20622"  hits="2"  branch="false" />
			<line number="20625"  hits="0"  branch="false" />
			<line number="20627"  hits="0"  branch="false" />
			<line number="20629"  hits="0"  branch="false" />
			<line number="20630"  hits="0"  branch="false" />
			<line number="20633"  hits="0"  branch="false" />
			<line number="20636"  hits="0"  branch="false" />
			<line number="20637"  hits="0"  branch="false" />
			<line number="20640"  hits="0"  branch="false" />
			<line number="20644"  hits="0"  branch="true"  condition-coverage="0% (0/2)" />
			<line number="20645"  hits="0"  branch="false" />
			<line number="20647"  hits="0"  branch="false" />
			<line number="20648"  hits="0"  branch="false" />
			<line number="20651"  hits="0"  branch="false" />
			<line number="20657"  hits="0"  branch="false" />
			<line number="20662"  hits="0"  branch="false" />
			<line number="20663"  hits="0"  branch="false" />
			<line number="20668"  hits="0"  branch="true"  condition-coverage="0% (0/4)" />
			<line number="20669"  hits="0"  branch="false" />
			<line number="20670"  hits="0"  branch="false" />
			<line number="20673"  hits="0"  branch="true"  condition-coverage="0% (0/4)" />
			<line number="20674"  hits="0"  branch="false" />
			<line number="20675"  hits="0"  branch="false" />
			<line number="20680"  hits="2"  branch="false" />
			<line number="20683"  hits="2"  branch="false" />
		</lines>
		</class>
	</classes>
	</package>
</packages>
</coverage>
