<?xml version="1.0" ?>
<!DOCTYPE coverage SYSTEM "http://cobertura.sourceforge.net/xml/coverage-04.dtd">
<coverage lines-valid="6503"  lines-covered="2302"  line-rate="0.354"  branches-valid="3269"  branches-covered="837"  branch-rate="0.256"  timestamp="1449487197316" complexity="0" version="0.1">
<sources>
	<source>/Users/brt/projects/wikia/mercury</source>
</sources>
<packages>
	<package name="scripts"  line-rate="0.354"  branch-rate="0.256" >
	<classes>
		<class name="baseline.js"  filename="www/front/scripts/baseline.js"  line-rate="1"  branch-rate="0.7328" >
		<methods>
			<method name="_typeof"  hits="0"  signature="()V" >
				<lines><line number="1"  hits="0" /></lines>
			</method>
			<method name="_typeof"  hits="0"  signature="()V" >
				<lines><line number="1"  hits="0" /></lines>
			</method>
			<method name="(anonymous_3)"  hits="1"  signature="()V" >
				<lines><line number="1"  hits="1" /></lines>
			</method>
			<method name="n"  hits="7"  signature="()V" >
				<lines><line number="1"  hits="7" /></lines>
			</method>
			<method name="(anonymous_5)"  hits="10"  signature="()V" >
				<lines><line number="1"  hits="10" /></lines>
			</method>
			<method name="(anonymous_6)"  hits="22"  signature="()V" >
				<lines><line number="1"  hits="22" /></lines>
			</method>
			<method name="(anonymous_7)"  hits="27"  signature="()V" >
				<lines><line number="1"  hits="27" /></lines>
			</method>
			<method name="(anonymous_8)"  hits="4"  signature="()V" >
				<lines><line number="1"  hits="4" /></lines>
			</method>
			<method name="(anonymous_9)"  hits="1"  signature="()V" >
				<lines><line number="1"  hits="1" /></lines>
			</method>
			<method name="(anonymous_10)"  hits="21"  signature="()V" >
				<lines><line number="1"  hits="21" /></lines>
			</method>
			<method name="(anonymous_11)"  hits="1"  signature="()V" >
				<lines><line number="1"  hits="1" /></lines>
			</method>
			<method name="n"  hits="0"  signature="()V" >
				<lines><line number="1"  hits="0" /></lines>
			</method>
			<method name="t"  hits="0"  signature="()V" >
				<lines><line number="1"  hits="0" /></lines>
			</method>
			<method name="r"  hits="0"  signature="()V" >
				<lines><line number="1"  hits="0" /></lines>
			</method>
			<method name="o"  hits="0"  signature="()V" >
				<lines><line number="1"  hits="0" /></lines>
			</method>
			<method name="(anonymous_16)"  hits="0"  signature="()V" >
				<lines><line number="1"  hits="0" /></lines>
			</method>
			<method name="(anonymous_17)"  hits="0"  signature="()V" >
				<lines><line number="1"  hits="0" /></lines>
			</method>
			<method name="(anonymous_18)"  hits="1"  signature="()V" >
				<lines><line number="1"  hits="1" /></lines>
			</method>
			<method name="n"  hits="33"  signature="()V" >
				<lines><line number="1"  hits="33" /></lines>
			</method>
			<method name="t"  hits="73"  signature="()V" >
				<lines><line number="1"  hits="73" /></lines>
			</method>
			<method name="r"  hits="19"  signature="()V" >
				<lines><line number="1"  hits="19" /></lines>
			</method>
			<method name="(anonymous_22)"  hits="92"  signature="()V" >
				<lines><line number="1"  hits="92" /></lines>
			</method>
			<method name="(anonymous_23)"  hits="10"  signature="()V" >
				<lines><line number="1"  hits="10" /></lines>
			</method>
			<method name="(anonymous_24)"  hits="14"  signature="()V" >
				<lines><line number="1"  hits="14" /></lines>
			</method>
		</methods>
		<lines>
			<line number="1"  hits="92"  branch="true"  condition-coverage="73.2824427480916% (96/131)" />
		</lines>
		</class>
		<class name="modules-test.js"  filename="www/front/scripts/modules-test.js"  line-rate="0.3539"  branch-rate="0.2361" >
		<methods>
			<method name="(anonymous_1)"  hits="0"  signature="()V" >
				<lines><line number="3"  hits="0" /></lines>
			</method>
			<method name="_interopRequireDefault"  hits="0"  signature="()V" >
				<lines><line number="22"  hits="0" /></lines>
			</method>
			<method name="(anonymous_3)"  hits="0"  signature="()V" >
				<lines><line number="44"  hits="0" /></lines>
			</method>
			<method name="(anonymous_4)"  hits="0"  signature="()V" >
				<lines><line number="80"  hits="0" /></lines>
			</method>
			<method name="_interopRequireDefault"  hits="0"  signature="()V" >
				<lines><line number="85"  hits="0" /></lines>
			</method>
			<method name="(anonymous_6)"  hits="0"  signature="()V" >
				<lines><line number="91"  hits="0" /></lines>
			</method>
			<method name="setTrackingDimensions"  hits="0"  signature="()V" >
				<lines><line number="92"  hits="0" /></lines>
			</method>
			<method name="setupTracking"  hits="0"  signature="()V" >
				<lines><line number="103"  hits="0" /></lines>
			</method>
			<method name="setTrackingForSignInPage"  hits="0"  signature="()V" >
				<lines><line number="114"  hits="0" /></lines>
			</method>
			<method name="setTrackingForRegisterPage"  hits="0"  signature="()V" >
				<lines><line number="123"  hits="0" /></lines>
			</method>
			<method name="setTrackingForJoinPage"  hits="0"  signature="()V" >
				<lines><line number="131"  hits="0" /></lines>
			</method>
			<method name="setTrackingForFBConnectPage"  hits="0"  signature="()V" >
				<lines><line number="141"  hits="0" /></lines>
			</method>
			<method name="setTrackingForFBRegisterPage"  hits="0"  signature="()V" >
				<lines><line number="150"  hits="0" /></lines>
			</method>
			<method name="init"  hits="0"  signature="()V" >
				<lines><line number="158"  hits="0" /></lines>
			</method>
			<method name="(anonymous_15)"  hits="0"  signature="()V" >
				<lines><line number="176"  hits="0" /></lines>
			</method>
			<method name="(anonymous_16)"  hits="1"  signature="()V" >
				<lines><line number="183"  hits="1" /></lines>
			</method>
			<method name="_classCallCheck"  hits="0"  signature="()V" >
				<lines><line number="188"  hits="0" /></lines>
			</method>
			<method name="(anonymous_18)"  hits="1"  signature="()V" >
				<lines><line number="194"  hits="1" /></lines>
			</method>
			<method name="defineProperties"  hits="2"  signature="()V" >
				<lines><line number="195"  hits="2" /></lines>
			</method>
			<method name="(anonymous_20)"  hits="1"  signature="()V" >
				<lines><line number="205"  hits="1" /></lines>
			</method>
			<method name="(anonymous_21)"  hits="1"  signature="()V" >
				<lines><line number="223"  hits="1" /></lines>
			</method>
			<method name="AuthLogger"  hits="0"  signature="()V" >
				<lines><line number="224"  hits="0" /></lines>
			</method>
			<method name="log"  hits="0"  signature="()V" >
				<lines><line number="235"  hits="0" /></lines>
			</method>
			<method name="getClickStreamPayload"  hits="0"  signature="()V" >
				<lines><line number="246"  hits="0" /></lines>
			</method>
			<method name="xhrError"  hits="0"  signature="()V" >
				<lines><line number="261"  hits="0" /></lines>
			</method>
			<method name="getInstance"  hits="0"  signature="()V" >
				<lines><line number="272"  hits="0" /></lines>
			</method>
			<method name="(anonymous_27)"  hits="1"  signature="()V" >
				<lines><line number="288"  hits="1" /></lines>
			</method>
			<method name="_classCallCheck"  hits="0"  signature="()V" >
				<lines><line number="293"  hits="0" /></lines>
			</method>
			<method name="(anonymous_29)"  hits="1"  signature="()V" >
				<lines><line number="299"  hits="1" /></lines>
			</method>
			<method name="defineProperties"  hits="1"  signature="()V" >
				<lines><line number="300"  hits="1" /></lines>
			</method>
			<method name="(anonymous_31)"  hits="1"  signature="()V" >
				<lines><line number="310"  hits="1" /></lines>
			</method>
			<method name="(anonymous_32)"  hits="1"  signature="()V" >
				<lines><line number="317"  hits="1" /></lines>
			</method>
			<method name="AuthTracker"  hits="0"  signature="()V" >
				<lines><line number="318"  hits="0" /></lines>
			</method>
			<method name="trackClick"  hits="0"  signature="()V" >
				<lines><line number="330"  hits="0" /></lines>
			</method>
			<method name="(anonymous_35)"  hits="0"  signature="()V" >
				<lines><line number="339"  hits="0" /></lines>
			</method>
			<method name="trackPageView"  hits="0"  signature="()V" >
				<lines><line number="345"  hits="0" /></lines>
			</method>
			<method name="trackSubmit"  hits="0"  signature="()V" >
				<lines><line number="350"  hits="0" /></lines>
			</method>
			<method name="(anonymous_38)"  hits="0"  signature="()V" >
				<lines><line number="357"  hits="0" /></lines>
			</method>
			<method name="track"  hits="0"  signature="()V" >
				<lines><line number="363"  hits="0" /></lines>
			</method>
			<method name="(anonymous_40)"  hits="1"  signature="()V" >
				<lines><line number="387"  hits="1" /></lines>
			</method>
			<method name="_classCallCheck"  hits="0"  signature="()V" >
				<lines><line number="392"  hits="0" /></lines>
			</method>
			<method name="(anonymous_42)"  hits="1"  signature="()V" >
				<lines><line number="398"  hits="1" /></lines>
			</method>
			<method name="defineProperties"  hits="1"  signature="()V" >
				<lines><line number="399"  hits="1" /></lines>
			</method>
			<method name="(anonymous_44)"  hits="1"  signature="()V" >
				<lines><line number="409"  hits="1" /></lines>
			</method>
			<method name="(anonymous_45)"  hits="1"  signature="()V" >
				<lines><line number="416"  hits="1" /></lines>
			</method>
			<method name="AuthUtils"  hits="0"  signature="()V" >
				<lines><line number="417"  hits="0" /></lines>
			</method>
			<method name="authSuccessCallback"  hits="0"  signature="()V" >
				<lines><line number="423"  hits="0" /></lines>
			</method>
			<method name="loadUrl"  hits="0"  signature="()V" >
				<lines><line number="438"  hits="0" /></lines>
			</method>
			<method name="(anonymous_49)"  hits="0"  signature="()V" >
				<lines><line number="457"  hits="0" /></lines>
			</method>
			<method name="_interopRequireDefault"  hits="0"  signature="()V" >
				<lines><line number="464"  hits="0" /></lines>
			</method>
			<method name="_classCallCheck"  hits="0"  signature="()V" >
				<lines><line number="470"  hits="0" /></lines>
			</method>
			<method name="(anonymous_52)"  hits="0"  signature="()V" >
				<lines><line number="476"  hits="0" /></lines>
			</method>
			<method name="defineProperties"  hits="0"  signature="()V" >
				<lines><line number="477"  hits="0" /></lines>
			</method>
			<method name="(anonymous_54)"  hits="0"  signature="()V" >
				<lines><line number="487"  hits="0" /></lines>
			</method>
			<method name="(anonymous_55)"  hits="0"  signature="()V" >
				<lines><line number="494"  hits="0" /></lines>
			</method>
			<method name="BirthdateInput"  hits="0"  signature="()V" >
				<lines><line number="495"  hits="0" /></lines>
			</method>
			<method name="init"  hits="0"  signature="()V" >
				<lines><line number="509"  hits="0" /></lines>
			</method>
			<method name="initFocus"  hits="0"  signature="()V" >
				<lines><line number="516"  hits="0" /></lines>
			</method>
			<method name="(anonymous_59)"  hits="0"  signature="()V" >
				<lines><line number="521"  hits="0" /></lines>
			</method>
			<method name="(anonymous_60)"  hits="0"  signature="()V" >
				<lines><line number="534"  hits="0" /></lines>
			</method>
			<method name="initAutoTab"  hits="0"  signature="()V" >
				<lines><line number="540"  hits="0" /></lines>
			</method>
			<method name="(anonymous_62)"  hits="0"  signature="()V" >
				<lines><line number="541"  hits="0" /></lines>
			</method>
			<method name="initBirthdateValue"  hits="0"  signature="()V" >
				<lines><line number="547"  hits="0" /></lines>
			</method>
			<method name="setRealValue"  hits="0"  signature="()V" >
				<lines><line number="552"  hits="0" /></lines>
			</method>
			<method name="padLeft"  hits="0"  signature="()V" >
				<lines><line number="560"  hits="0" /></lines>
			</method>
			<method name="(anonymous_66)"  hits="1"  signature="()V" >
				<lines><line number="573"  hits="1" /></lines>
			</method>
			<method name="_classCallCheck"  hits="0"  signature="()V" >
				<lines><line number="578"  hits="0" /></lines>
			</method>
			<method name="(anonymous_68)"  hits="1"  signature="()V" >
				<lines><line number="584"  hits="1" /></lines>
			</method>
			<method name="defineProperties"  hits="1"  signature="()V" >
				<lines><line number="585"  hits="1" /></lines>
			</method>
			<method name="(anonymous_70)"  hits="1"  signature="()V" >
				<lines><line number="595"  hits="1" /></lines>
			</method>
			<method name="(anonymous_71)"  hits="1"  signature="()V" >
				<lines><line number="602"  hits="1" /></lines>
			</method>
			<method name="Cookie"  hits="0"  signature="()V" >
				<lines><line number="603"  hits="0" /></lines>
			</method>
			<method name="get"  hits="5"  signature="()V" >
				<lines><line number="609"  hits="5" /></lines>
			</method>
			<method name="set"  hits="0"  signature="()V" >
				<lines><line number="632"  hits="0" /></lines>
			</method>
			<method name="(anonymous_75)"  hits="0"  signature="()V" >
				<lines><line number="650"  hits="0" /></lines>
			</method>
			<method name="_classCallCheck"  hits="0"  signature="()V" >
				<lines><line number="655"  hits="0" /></lines>
			</method>
			<method name="(anonymous_77)"  hits="0"  signature="()V" >
				<lines><line number="661"  hits="0" /></lines>
			</method>
			<method name="defineProperties"  hits="0"  signature="()V" >
				<lines><line number="662"  hits="0" /></lines>
			</method>
			<method name="(anonymous_79)"  hits="0"  signature="()V" >
				<lines><line number="672"  hits="0" /></lines>
			</method>
			<method name="(anonymous_80)"  hits="0"  signature="()V" >
				<lines><line number="679"  hits="0" /></lines>
			</method>
			<method name="Form"  hits="0"  signature="()V" >
				<lines><line number="680"  hits="0" /></lines>
			</method>
			<method name="onFocus"  hits="0"  signature="()V" >
				<lines><line number="689"  hits="0" /></lines>
			</method>
			<method name="onBlur"  hits="0"  signature="()V" >
				<lines><line number="707"  hits="0" /></lines>
			</method>
			<method name="(anonymous_84)"  hits="0"  signature="()V" >
				<lines><line number="710"  hits="0" /></lines>
			</method>
			<method name="togglePasswordInput"  hits="0"  signature="()V" >
				<lines><line number="721"  hits="0" /></lines>
			</method>
			<method name="onClick"  hits="0"  signature="()V" >
				<lines><line number="734"  hits="0" /></lines>
			</method>
			<method name="onChange"  hits="0"  signature="()V" >
				<lines><line number="747"  hits="0" /></lines>
			</method>
			<method name="(anonymous_88)"  hits="0"  signature="()V" >
				<lines><line number="750"  hits="0" /></lines>
			</method>
			<method name="findWrapper"  hits="0"  signature="()V" >
				<lines><line number="761"  hits="0" /></lines>
			</method>
			<method name="findLabel"  hits="0"  signature="()V" >
				<lines><line number="770"  hits="0" /></lines>
			</method>
			<method name="watch"  hits="0"  signature="()V" >
				<lines><line number="775"  hits="0" /></lines>
			</method>
			<method name="(anonymous_92)"  hits="4"  signature="()V" >
				<lines><line number="791"  hits="4" /></lines>
			</method>
			<method name="_interopRequireDefault"  hits="4"  signature="()V" >
				<lines><line number="798"  hits="4" /></lines>
			</method>
			<method name="_classCallCheck"  hits="3"  signature="()V" >
				<lines><line number="804"  hits="3" /></lines>
			</method>
			<method name="(anonymous_95)"  hits="4"  signature="()V" >
				<lines><line number="810"  hits="4" /></lines>
			</method>
			<method name="defineProperties"  hits="4"  signature="()V" >
				<lines><line number="811"  hits="4" /></lines>
			</method>
			<method name="(anonymous_97)"  hits="4"  signature="()V" >
				<lines><line number="821"  hits="4" /></lines>
			</method>
			<method name="(anonymous_98)"  hits="4"  signature="()V" >
				<lines><line number="828"  hits="4" /></lines>
			</method>
			<method name="FormErrors"  hits="3"  signature="()V" >
				<lines><line number="829"  hits="3" /></lines>
			</method>
			<method name="clearValidationErrors"  hits="0"  signature="()V" >
				<lines><line number="844"  hits="0" /></lines>
			</method>
			<method name="(anonymous_101)"  hits="0"  signature="()V" >
				<lines><line number="846"  hits="0" /></lines>
			</method>
			<method name="displayValidationErrors"  hits="2"  signature="()V" >
				<lines><line number="859"  hits="2" /></lines>
			</method>
			<method name="(anonymous_103)"  hits="3"  signature="()V" >
				<lines><line number="863"  hits="3" /></lines>
			</method>
			<method name="displayFieldValidationError"  hits="0"  signature="()V" >
				<lines><line number="876"  hits="0" /></lines>
			</method>
			<method name="displayGeneralError"  hits="0"  signature="()V" >
				<lines><line number="891"  hits="0" /></lines>
			</method>
			<method name="createValidationErrorHTMLNode"  hits="0"  signature="()V" >
				<lines><line number="900"  hits="0" /></lines>
			</method>
			<method name="translateValidationError"  hits="0"  signature="()V" >
				<lines><line number="908"  hits="0" /></lines>
			</method>
			<method name="trackValidationErrors"  hits="0"  signature="()V" >
				<lines><line number="913"  hits="0" /></lines>
			</method>
			<method name="(anonymous_109)"  hits="6"  signature="()V" >
				<lines><line number="925"  hits="6" /></lines>
			</method>
			<method name="_interopRequireDefault"  hits="6"  signature="()V" >
				<lines><line number="932"  hits="6" /></lines>
			</method>
			<method name="_classCallCheck"  hits="4"  signature="()V" >
				<lines><line number="938"  hits="4" /></lines>
			</method>
			<method name="(anonymous_112)"  hits="6"  signature="()V" >
				<lines><line number="944"  hits="6" /></lines>
			</method>
			<method name="defineProperties"  hits="6"  signature="()V" >
				<lines><line number="945"  hits="6" /></lines>
			</method>
			<method name="(anonymous_114)"  hits="6"  signature="()V" >
				<lines><line number="955"  hits="6" /></lines>
			</method>
			<method name="(anonymous_115)"  hits="6"  signature="()V" >
				<lines><line number="962"  hits="6" /></lines>
			</method>
			<method name="Geo"  hits="4"  signature="()V" >
				<lines><line number="963"  hits="4" /></lines>
			</method>
			<method name="getCountry"  hits="1"  signature="()V" >
				<lines><line number="988"  hits="1" /></lines>
			</method>
			<method name="getContinent"  hits="1"  signature="()V" >
				<lines><line number="993"  hits="1" /></lines>
			</method>
			<method name="(anonymous_119)"  hits="1"  signature="()V" >
				<lines><line number="1005"  hits="1" /></lines>
			</method>
			<method name="(anonymous_120)"  hits="0"  signature="()V" >
				<lines><line number="1017"  hits="0" /></lines>
			</method>
			<method name="_interopRequireDefault"  hits="0"  signature="()V" >
				<lines><line number="1032"  hits="0" /></lines>
			</method>
			<method name="_classCallCheck"  hits="0"  signature="()V" >
				<lines><line number="1038"  hits="0" /></lines>
			</method>
			<method name="(anonymous_123)"  hits="0"  signature="()V" >
				<lines><line number="1044"  hits="0" /></lines>
			</method>
			<method name="defineProperties"  hits="0"  signature="()V" >
				<lines><line number="1045"  hits="0" /></lines>
			</method>
			<method name="(anonymous_125)"  hits="0"  signature="()V" >
				<lines><line number="1055"  hits="0" /></lines>
			</method>
			<method name="(anonymous_126)"  hits="0"  signature="()V" >
				<lines><line number="1062"  hits="0" /></lines>
			</method>
			<method name="Login"  hits="0"  signature="()V" >
				<lines><line number="1063"  hits="0" /></lines>
			</method>
			<method name="onSubmit"  hits="0"  signature="()V" >
				<lines><line number="1083"  hits="0" /></lines>
			</method>
			<method name="enableSubmitButton"  hits="0"  signature="()V" >
				<lines><line number="1089"  hits="0" /></lines>
			</method>
			<method name="(anonymous_130)"  hits="0"  signature="()V" >
				<lines><line number="1099"  hits="0" /></lines>
			</method>
			<method name="(anonymous_131)"  hits="0"  signature="()V" >
				<lines><line number="1125"  hits="0" /></lines>
			</method>
			<method name="onLoginSuccess"  hits="0"  signature="()V" >
				<lines><line number="1142"  hits="0" /></lines>
			</method>
			<method name="watch"  hits="0"  signature="()V" >
				<lines><line number="1149"  hits="0" /></lines>
			</method>
			<method name="(anonymous_134)"  hits="0"  signature="()V" >
				<lines><line number="1153"  hits="0" /></lines>
			</method>
			<method name="getCredentials"  hits="0"  signature="()V" >
				<lines><line number="1162"  hits="0" /></lines>
			</method>
			<method name="displayError"  hits="0"  signature="()V" >
				<lines><line number="1170"  hits="0" /></lines>
			</method>
			<method name="clearError"  hits="0"  signature="()V" >
				<lines><line number="1178"  hits="0" /></lines>
			</method>
			<method name="(anonymous_138)"  hits="1"  signature="()V" >
				<lines><line number="1194"  hits="1" /></lines>
			</method>
			<method name="_classCallCheck"  hits="2"  signature="()V" >
				<lines><line number="1199"  hits="2" /></lines>
			</method>
			<method name="(anonymous_140)"  hits="1"  signature="()V" >
				<lines><line number="1205"  hits="1" /></lines>
			</method>
			<method name="defineProperties"  hits="1"  signature="()V" >
				<lines><line number="1206"  hits="1" /></lines>
			</method>
			<method name="(anonymous_142)"  hits="1"  signature="()V" >
				<lines><line number="1216"  hits="1" /></lines>
			</method>
			<method name="(anonymous_143)"  hits="1"  signature="()V" >
				<lines><line number="1223"  hits="1" /></lines>
			</method>
			<method name="UrlHelper"  hits="2"  signature="()V" >
				<lines><line number="1224"  hits="2" /></lines>
			</method>
			<method name="urlEncode"  hits="4"  signature="()V" >
				<lines><line number="1230"  hits="4" /></lines>
			</method>
			<method name="(anonymous_146)"  hits="5"  signature="()V" >
				<lines><line number="1231"  hits="5" /></lines>
			</method>
			<method name="urlDecode"  hits="3"  signature="()V" >
				<lines><line number="1237"  hits="3" /></lines>
			</method>
			<method name="(anonymous_148)"  hits="5"  signature="()V" >
				<lines><line number="1239"  hits="5" /></lines>
			</method>
			<method name="(anonymous_149)"  hits="1"  signature="()V" >
				<lines><line number="1253"  hits="1" /></lines>
			</method>
			<method name="_classCallCheck"  hits="0"  signature="()V" >
				<lines><line number="1258"  hits="0" /></lines>
			</method>
			<method name="(anonymous_151)"  hits="1"  signature="()V" >
				<lines><line number="1264"  hits="1" /></lines>
			</method>
			<method name="defineProperties"  hits="1"  signature="()V" >
				<lines><line number="1265"  hits="1" /></lines>
			</method>
			<method name="(anonymous_153)"  hits="1"  signature="()V" >
				<lines><line number="1275"  hits="1" /></lines>
			</method>
			<method name="(anonymous_154)"  hits="1"  signature="()V" >
				<lines><line number="1282"  hits="1" /></lines>
			</method>
			<method name="VisitSourceWrapper"  hits="0"  signature="()V" >
				<lines><line number="1283"  hits="0" /></lines>
			</method>
			<method name="init"  hits="0"  signature="()V" >
				<lines><line number="1289"  hits="0" /></lines>
			</method>
			<method name="get"  hits="0"  signature="()V" >
				<lines><line number="1297"  hits="0" /></lines>
			</method>
			<method name="get"  hits="0"  signature="()V" >
				<lines><line number="1302"  hits="0" /></lines>
			</method>
			<method name="(anonymous_159)"  hits="0"  signature="()V" >
				<lines><line number="1314"  hits="0" /></lines>
			</method>
			<method name="_classCallCheck"  hits="0"  signature="()V" >
				<lines><line number="1319"  hits="0" /></lines>
			</method>
			<method name="(anonymous_161)"  hits="0"  signature="()V" >
				<lines><line number="1325"  hits="0" /></lines>
			</method>
			<method name="defineProperties"  hits="0"  signature="()V" >
				<lines><line number="1326"  hits="0" /></lines>
			</method>
			<method name="(anonymous_163)"  hits="0"  signature="()V" >
				<lines><line number="1336"  hits="0" /></lines>
			</method>
			<method name="(anonymous_164)"  hits="0"  signature="()V" >
				<lines><line number="1343"  hits="0" /></lines>
			</method>
			<method name="AutoTab"  hits="0"  signature="()V" >
				<lines><line number="1344"  hits="0" /></lines>
			</method>
			<method name="init"  hits="0"  signature="()V" >
				<lines><line number="1354"  hits="0" /></lines>
			</method>
			<method name="onInput"  hits="0"  signature="()V" >
				<lines><line number="1360"  hits="0" /></lines>
			</method>
			<method name="getVisibleElements"  hits="0"  signature="()V" >
				<lines><line number="1370"  hits="0" /></lines>
			</method>
			<method name="(anonymous_169)"  hits="0"  signature="()V" >
				<lines><line number="1371"  hits="0" /></lines>
			</method>
			<method name="getNextVisibleInput"  hits="0"  signature="()V" >
				<lines><line number="1377"  hits="0" /></lines>
			</method>
			<method name="(anonymous_171)"  hits="0"  signature="()V" >
				<lines><line number="1382"  hits="0" /></lines>
			</method>
			<method name="_typeof"  hits="0"  signature="()V" >
				<lines><line number="1401"  hits="0" /></lines>
			</method>
			<method name="(anonymous_173)"  hits="0"  signature="()V" >
				<lines><line number="1403"  hits="0" /></lines>
			</method>
			<method name="_interopRequireDefault"  hits="0"  signature="()V" >
				<lines><line number="1420"  hits="0" /></lines>
			</method>
			<method name="_classCallCheck"  hits="0"  signature="()V" >
				<lines><line number="1426"  hits="0" /></lines>
			</method>
			<method name="(anonymous_176)"  hits="0"  signature="()V" >
				<lines><line number="1432"  hits="0" /></lines>
			</method>
			<method name="defineProperties"  hits="0"  signature="()V" >
				<lines><line number="1433"  hits="0" /></lines>
			</method>
			<method name="(anonymous_178)"  hits="0"  signature="()V" >
				<lines><line number="1443"  hits="0" /></lines>
			</method>
			<method name="_possibleConstructorReturn"  hits="0"  signature="()V" >
				<lines><line number="1450"  hits="0" /></lines>
			</method>
			<method name="_inherits"  hits="0"  signature="()V" >
				<lines><line number="1458"  hits="0" /></lines>
			</method>
			<method name="(anonymous_181)"  hits="0"  signature="()V" >
				<lines><line number="1474"  hits="0" /></lines>
			</method>
			<method name="FacebookConnect"  hits="0"  signature="()V" >
				<lines><line number="1477"  hits="0" /></lines>
			</method>
			<method name="init"  hits="0"  signature="()V" >
				<lines><line number="1491"  hits="0" /></lines>
			</method>
			<method name="(anonymous_184)"  hits="0"  signature="()V" >
				<lines><line number="1494"  hits="0" /></lines>
			</method>
			<method name="getHeliosFacebookConnectData"  hits="0"  signature="()V" >
				<lines><line number="1506"  hits="0" /></lines>
			</method>
			<method name="getHeliosFacebookConnectUrl"  hits="0"  signature="()V" >
				<lines><line number="1513"  hits="0" /></lines>
			</method>
			<method name="onLoginSuccess"  hits="0"  signature="()V" >
				<lines><line number="1518"  hits="0" /></lines>
			</method>
			<method name="(anonymous_188)"  hits="0"  signature="()V" >
				<lines><line number="1525"  hits="0" /></lines>
			</method>
			<method name="(anonymous_189)"  hits="0"  signature="()V" >
				<lines><line number="1533"  hits="0" /></lines>
			</method>
			<method name="(anonymous_190)"  hits="0"  signature="()V" >
				<lines><line number="1537"  hits="0" /></lines>
			</method>
			<method name="(anonymous_191)"  hits="0"  signature="()V" >
				<lines><line number="1553"  hits="0" /></lines>
			</method>
			<method name="(anonymous_192)"  hits="0"  signature="()V" >
				<lines><line number="1573"  hits="0" /></lines>
			</method>
			<method name="_interopRequireDefault"  hits="0"  signature="()V" >
				<lines><line number="1590"  hits="0" /></lines>
			</method>
			<method name="_classCallCheck"  hits="0"  signature="()V" >
				<lines><line number="1596"  hits="0" /></lines>
			</method>
			<method name="(anonymous_195)"  hits="0"  signature="()V" >
				<lines><line number="1602"  hits="0" /></lines>
			</method>
			<method name="defineProperties"  hits="0"  signature="()V" >
				<lines><line number="1603"  hits="0" /></lines>
			</method>
			<method name="(anonymous_197)"  hits="0"  signature="()V" >
				<lines><line number="1613"  hits="0" /></lines>
			</method>
			<method name="(anonymous_198)"  hits="0"  signature="()V" >
				<lines><line number="1620"  hits="0" /></lines>
			</method>
			<method name="FacebookLogin"  hits="0"  signature="()V" >
				<lines><line number="1621"  hits="0" /></lines>
			</method>
			<method name="init"  hits="0"  signature="()V" >
				<lines><line number="1633"  hits="0" /></lines>
			</method>
			<method name="login"  hits="0"  signature="()V" >
				<lines><line number="1639"  hits="0" /></lines>
			</method>
			<method name="onLogin"  hits="0"  signature="()V" >
				<lines><line number="1647"  hits="0" /></lines>
			</method>
			<method name="activateButton"  hits="0"  signature="()V" >
				<lines><line number="1656"  hits="0" /></lines>
			</method>
			<method name="deactivateButton"  hits="0"  signature="()V" >
				<lines><line number="1662"  hits="0" /></lines>
			</method>
			<method name="onSuccessfulLogin"  hits="0"  signature="()V" >
				<lines><line number="1668"  hits="0" /></lines>
			</method>
			<method name="onUnsuccessfulLogin"  hits="0"  signature="()V" >
				<lines><line number="1673"  hits="0" /></lines>
			</method>
			<method name="getFacebookRegistrationUrl"  hits="0"  signature="()V" >
				<lines><line number="1679"  hits="0" /></lines>
			</method>
			<method name="getHeliosInfoFromFBToken"  hits="0"  signature="()V" >
				<lines><line number="1692"  hits="0" /></lines>
			</method>
			<method name="(anonymous_209)"  hits="0"  signature="()V" >
				<lines><line number="1701"  hits="0" /></lines>
			</method>
			<method name="(anonymous_210)"  hits="0"  signature="()V" >
				<lines><line number="1721"  hits="0" /></lines>
			</method>
			<method name="(anonymous_211)"  hits="0"  signature="()V" >
				<lines><line number="1743"  hits="0" /></lines>
			</method>
			<method name="_interopRequireDefault"  hits="0"  signature="()V" >
				<lines><line number="1766"  hits="0" /></lines>
			</method>
			<method name="_classCallCheck"  hits="0"  signature="()V" >
				<lines><line number="1772"  hits="0" /></lines>
			</method>
			<method name="(anonymous_214)"  hits="0"  signature="()V" >
				<lines><line number="1778"  hits="0" /></lines>
			</method>
			<method name="defineProperties"  hits="0"  signature="()V" >
				<lines><line number="1779"  hits="0" /></lines>
			</method>
			<method name="(anonymous_216)"  hits="0"  signature="()V" >
				<lines><line number="1789"  hits="0" /></lines>
			</method>
			<method name="(anonymous_217)"  hits="0"  signature="()V" >
				<lines><line number="1796"  hits="0" /></lines>
			</method>
			<method name="FacebookRegistration"  hits="0"  signature="()V" >
				<lines><line number="1797"  hits="0" /></lines>
			</method>
			<method name="init"  hits="0"  signature="()V" >
				<lines><line number="1822"  hits="0" /></lines>
			</method>
			<method name="(anonymous_220)"  hits="0"  signature="()V" >
				<lines><line number="1825"  hits="0" /></lines>
			</method>
			<method name="getEmailFromFacebook"  hits="0"  signature="()V" >
				<lines><line number="1833"  hits="0" /></lines>
			</method>
			<method name="setUpEmailInput"  hits="0"  signature="()V" >
				<lines><line number="1838"  hits="0" /></lines>
			</method>
			<method name="getHeliosRegistrationDataFromForm"  hits="0"  signature="()V" >
				<lines><line number="1851"  hits="0" /></lines>
			</method>
			<method name="loginWithFacebookAccessToken"  hits="0"  signature="()V" >
				<lines><line number="1865"  hits="0" /></lines>
			</method>
			<method name="(anonymous_225)"  hits="0"  signature="()V" >
				<lines><line number="1873"  hits="0" /></lines>
			</method>
			<method name="(anonymous_226)"  hits="0"  signature="()V" >
				<lines><line number="1887"  hits="0" /></lines>
			</method>
			<method name="onSubmit"  hits="0"  signature="()V" >
				<lines><line number="1902"  hits="0" /></lines>
			</method>
			<method name="(anonymous_228)"  hits="0"  signature="()V" >
				<lines><line number="1911"  hits="0" /></lines>
			</method>
			<method name="(anonymous_229)"  hits="0"  signature="()V" >
				<lines><line number="1925"  hits="0" /></lines>
			</method>
			<method name="(anonymous_230)"  hits="0"  signature="()V" >
				<lines><line number="1947"  hits="0" /></lines>
			</method>
			<method name="_classCallCheck"  hits="0"  signature="()V" >
				<lines><line number="1952"  hits="0" /></lines>
			</method>
			<method name="(anonymous_232)"  hits="0"  signature="()V" >
				<lines><line number="1958"  hits="0" /></lines>
			</method>
			<method name="defineProperties"  hits="0"  signature="()V" >
				<lines><line number="1959"  hits="0" /></lines>
			</method>
			<method name="(anonymous_234)"  hits="0"  signature="()V" >
				<lines><line number="1969"  hits="0" /></lines>
			</method>
			<method name="(anonymous_235)"  hits="0"  signature="()V" >
				<lines><line number="1976"  hits="0" /></lines>
			</method>
			<method name="get"  hits="0"  signature="()V" >
				<lines><line number="1979"  hits="0" /></lines>
			</method>
			<method name="FacebookSDK"  hits="0"  signature="()V" >
				<lines><line number="1984"  hits="0" /></lines>
			</method>
			<method name="(anonymous_238)"  hits="0"  signature="()V" >
				<lines><line number="1999"  hits="0" /></lines>
			</method>
			<method name="(anonymous_239)"  hits="0"  signature="()V" >
				<lines><line number="2016"  hits="0" /></lines>
			</method>
			<method name="_classCallCheck"  hits="0"  signature="()V" >
				<lines><line number="2021"  hits="0" /></lines>
			</method>
			<method name="(anonymous_241)"  hits="0"  signature="()V" >
				<lines><line number="2027"  hits="0" /></lines>
			</method>
			<method name="defineProperties"  hits="0"  signature="()V" >
				<lines><line number="2028"  hits="0" /></lines>
			</method>
			<method name="(anonymous_243)"  hits="0"  signature="()V" >
				<lines><line number="2038"  hits="0" /></lines>
			</method>
			<method name="(anonymous_244)"  hits="0"  signature="()V" >
				<lines><line number="2045"  hits="0" /></lines>
			</method>
			<method name="LoginValidator"  hits="0"  signature="()V" >
				<lines><line number="2046"  hits="0" /></lines>
			</method>
			<method name="onInput"  hits="0"  signature="()V" >
				<lines><line number="2056"  hits="0" /></lines>
			</method>
			<method name="isNotEmpty"  hits="0"  signature="()V" >
				<lines><line number="2065"  hits="0" /></lines>
			</method>
			<method name="activateSubmit"  hits="0"  signature="()V" >
				<lines><line number="2070"  hits="0" /></lines>
			</method>
			<method name="deactivateSubmit"  hits="0"  signature="()V" >
				<lines><line number="2075"  hits="0" /></lines>
			</method>
			<method name="watch"  hits="0"  signature="()V" >
				<lines><line number="2080"  hits="0" /></lines>
			</method>
			<method name="(anonymous_251)"  hits="0"  signature="()V" >
				<lines><line number="2093"  hits="0" /></lines>
			</method>
			<method name="_classCallCheck"  hits="0"  signature="()V" >
				<lines><line number="2098"  hits="0" /></lines>
			</method>
			<method name="(anonymous_253)"  hits="0"  signature="()V" >
				<lines><line number="2104"  hits="0" /></lines>
			</method>
			<method name="defineProperties"  hits="0"  signature="()V" >
				<lines><line number="2105"  hits="0" /></lines>
			</method>
			<method name="(anonymous_255)"  hits="0"  signature="()V" >
				<lines><line number="2115"  hits="0" /></lines>
			</method>
			<method name="(anonymous_256)"  hits="0"  signature="()V" >
				<lines><line number="2122"  hits="0" /></lines>
			</method>
			<method name="SubmitValidator"  hits="0"  signature="()V" >
				<lines><line number="2123"  hits="0" /></lines>
			</method>
			<method name="onChange"  hits="0"  signature="()V" >
				<lines><line number="2133"  hits="0" /></lines>
			</method>
			<method name="areAllFieldsFilled"  hits="0"  signature="()V" >
				<lines><line number="2142"  hits="0" /></lines>
			</method>
			<method name="(anonymous_260)"  hits="0"  signature="()V" >
				<lines><line number="2144"  hits="0" /></lines>
			</method>
			<method name="activateSubmit"  hits="0"  signature="()V" >
				<lines><line number="2150"  hits="0" /></lines>
			</method>
			<method name="deactivateSubmit"  hits="0"  signature="()V" >
				<lines><line number="2155"  hits="0" /></lines>
			</method>
			<method name="disablePermanently"  hits="0"  signature="()V" >
				<lines><line number="2160"  hits="0" /></lines>
			</method>
			<method name="watch"  hits="0"  signature="()V" >
				<lines><line number="2166"  hits="0" /></lines>
			</method>
			<method name="(anonymous_265)"  hits="1"  signature="()V" >
				<lines><line number="2180"  hits="1" /></lines>
			</method>
			<method name="_interopRequireDefault"  hits="1"  signature="()V" >
				<lines><line number="2187"  hits="1" /></lines>
			</method>
			<method name="_classCallCheck"  hits="0"  signature="()V" >
				<lines><line number="2193"  hits="0" /></lines>
			</method>
			<method name="(anonymous_268)"  hits="1"  signature="()V" >
				<lines><line number="2199"  hits="1" /></lines>
			</method>
			<method name="defineProperties"  hits="1"  signature="()V" >
				<lines><line number="2200"  hits="1" /></lines>
			</method>
			<method name="(anonymous_270)"  hits="1"  signature="()V" >
				<lines><line number="2210"  hits="1" /></lines>
			</method>
			<method name="(anonymous_271)"  hits="1"  signature="()V" >
				<lines><line number="2217"  hits="1" /></lines>
			</method>
			<method name="MarketingOptIn"  hits="0"  signature="()V" >
				<lines><line number="2218"  hits="0" /></lines>
			</method>
			<method name="shouldBeEnabled"  hits="0"  signature="()V" >
				<lines><line number="2231"  hits="0" /></lines>
			</method>
			<method name="shouldBeChecked"  hits="0"  signature="()V" >
				<lines><line number="2236"  hits="0" /></lines>
			</method>
			<method name="init"  hits="0"  signature="()V" >
				<lines><line number="2241"  hits="0" /></lines>
			</method>
			<method name="(anonymous_276)"  hits="6"  signature="()V" >
				<lines><line number="2259"  hits="6" /></lines>
			</method>
			<method name="_interopRequireDefault"  hits="60"  signature="()V" >
				<lines><line number="2284"  hits="60" /></lines>
			</method>
			<method name="_classCallCheck"  hits="5"  signature="()V" >
				<lines><line number="2290"  hits="5" /></lines>
			</method>
			<method name="(anonymous_279)"  hits="6"  signature="()V" >
				<lines><line number="2296"  hits="6" /></lines>
			</method>
			<method name="defineProperties"  hits="6"  signature="()V" >
				<lines><line number="2297"  hits="6" /></lines>
			</method>
			<method name="(anonymous_281)"  hits="6"  signature="()V" >
				<lines><line number="2307"  hits="6" /></lines>
			</method>
			<method name="(anonymous_282)"  hits="6"  signature="()V" >
				<lines><line number="2314"  hits="6" /></lines>
			</method>
			<method name="SignupForm"  hits="5"  signature="()V" >
				<lines><line number="2315"  hits="5" /></lines>
			</method>
			<method name="getFormValues"  hits="0"  signature="()V" >
				<lines><line number="2338"  hits="0" /></lines>
			</method>
			<method name="getWikiaDomain"  hits="0"  signature="()V" >
				<lines><line number="2351"  hits="0" /></lines>
			</method>
			<method name="onSuccessfulRegistration"  hits="0"  signature="()V" >
				<lines><line number="2362"  hits="0" /></lines>
			</method>
			<method name="onSubmit"  hits="4"  signature="()V" >
				<lines><line number="2387"  hits="4" /></lines>
			</method>
			<method name="enableSubmitButton"  hits="3"  signature="()V" >
				<lines><line number="2393"  hits="3" /></lines>
			</method>
			<method name="(anonymous_289)"  hits="4"  signature="()V" >
				<lines><line number="2402"  hits="4" /></lines>
			</method>
			<method name="(anonymous_290)"  hits="0"  signature="()V" >
				<lines><line number="2420"  hits="0" /></lines>
			</method>
			<method name="watch"  hits="0"  signature="()V" >
				<lines><line number="2436"  hits="0" /></lines>
			</method>
			<method name="(anonymous_292)"  hits="1"  signature="()V" >
				<lines><line number="2448"  hits="1" /></lines>
			</method>
			<method name="_interopRequireDefault"  hits="1"  signature="()V" >
				<lines><line number="2455"  hits="1" /></lines>
			</method>
			<method name="_classCallCheck"  hits="0"  signature="()V" >
				<lines><line number="2461"  hits="0" /></lines>
			</method>
			<method name="(anonymous_295)"  hits="1"  signature="()V" >
				<lines><line number="2467"  hits="1" /></lines>
			</method>
			<method name="defineProperties"  hits="1"  signature="()V" >
				<lines><line number="2468"  hits="1" /></lines>
			</method>
			<method name="(anonymous_297)"  hits="1"  signature="()V" >
				<lines><line number="2478"  hits="1" /></lines>
			</method>
			<method name="(anonymous_298)"  hits="1"  signature="()V" >
				<lines><line number="2485"  hits="1" /></lines>
			</method>
			<method name="TermsOfUse"  hits="0"  signature="()V" >
				<lines><line number="2486"  hits="0" /></lines>
			</method>
			<method name="shouldDisplayCheckbox"  hits="0"  signature="()V" >
				<lines><line number="2496"  hits="0" /></lines>
			</method>
			<method name="init"  hits="0"  signature="()V" >
				<lines><line number="2501"  hits="0" /></lines>
			</method>
			<method name="(anonymous_302)"  hits="1"  signature="()V" >
				<lines><line number="2529"  hits="1" /></lines>
			</method>
			<method name="_interopRequireDefault"  hits="2"  signature="()V" >
				<lines><line number="2538"  hits="2" /></lines>
			</method>
			<method name="(anonymous_304)"  hits="0"  signature="()V" >
				<lines><line number="2549"  hits="0" /></lines>
			</method>
			<method name="init"  hits="0"  signature="()V" >
				<lines><line number="2558"  hits="0" /></lines>
			</method>
			<method name="(anonymous_306)"  hits="0"  signature="()V" >
				<lines><line number="2564"  hits="0" /></lines>
			</method>
			<method name="(anonymous_307)"  hits="0"  signature="()V" >
				<lines><line number="2566"  hits="0" /></lines>
			</method>
			<method name="(anonymous_308)"  hits="0"  signature="()V" >
				<lines><line number="2570"  hits="0" /></lines>
			</method>
			<method name="setUserLanguage"  hits="0"  signature="()V" >
				<lines><line number="2585"  hits="0" /></lines>
			</method>
			<method name="loadUserLanguage"  hits="0"  signature="()V" >
				<lines><line number="2599"  hits="0" /></lines>
			</method>
			<method name="(anonymous_311)"  hits="0"  signature="()V" >
				<lines><line number="2602"  hits="0" /></lines>
			</method>
			<method name="loadUserRights"  hits="0"  signature="()V" >
				<lines><line number="2615"  hits="0" /></lines>
			</method>
			<method name="(anonymous_313)"  hits="0"  signature="()V" >
				<lines><line number="2618"  hits="0" /></lines>
			</method>
			<method name="(anonymous_314)"  hits="0"  signature="()V" >
				<lines><line number="2626"  hits="0" /></lines>
			</method>
			<method name="loadUserInfo"  hits="0"  signature="()V" >
				<lines><line number="2639"  hits="0" /></lines>
			</method>
			<method name="(anonymous_316)"  hits="0"  signature="()V" >
				<lines><line number="2640"  hits="0" /></lines>
			</method>
			<method name="(anonymous_317)"  hits="1"  signature="()V" >
				<lines><line number="2659"  hits="1" /></lines>
			</method>
			<method name="_interopRequireDefault"  hits="3"  signature="()V" >
				<lines><line number="2672"  hits="3" /></lines>
			</method>
			<method name="_interopRequireWildcard"  hits="1"  signature="()V" >
				<lines><line number="2678"  hits="1" /></lines>
			</method>
			<method name="initialize"  hits="1"  signature="()V" >
				<lines><line number="2707"  hits="1" /></lines>
			</method>
			<method name="initialize"  hits="1"  signature="()V" >
				<lines><line number="2715"  hits="1" /></lines>
			</method>
			<method name="initialize"  hits="1"  signature="()V" >
				<lines><line number="2724"  hits="1" /></lines>
			</method>
			<method name="(anonymous_323)"  hits="0"  signature="()V" >
				<lines><line number="2729"  hits="0" /></lines>
			</method>
			<method name="initialize"  hits="1"  signature="()V" >
				<lines><line number="2738"  hits="1" /></lines>
			</method>
			<method name="(anonymous_325)"  hits="0"  signature="()V" >
				<lines><line number="2743"  hits="0" /></lines>
			</method>
			<method name="initialize"  hits="1"  signature="()V" >
				<lines><line number="2775"  hits="1" /></lines>
			</method>
			<method name="(anonymous_327)"  hits="0"  signature="()V" >
				<lines><line number="2783"  hits="0" /></lines>
			</method>
			<method name="send"  hits="0"  signature="()V" >
				<lines><line number="2790"  hits="0" /></lines>
			</method>
			<method name="initialize"  hits="1"  signature="()V" >
				<lines><line number="2804"  hits="1" /></lines>
			</method>
			<method name="initialize"  hits="1"  signature="()V" >
				<lines><line number="2812"  hits="1" /></lines>
			</method>
			<method name="getPageType"  hits="0"  signature="()V" >
				<lines><line number="2817"  hits="0" /></lines>
			</method>
			<method name="initialize"  hits="1"  signature="()V" >
				<lines><line number="2855"  hits="1" /></lines>
			</method>
			<method name="(anonymous_333)"  hits="0"  signature="()V" >
				<lines><line number="2874"  hits="0" /></lines>
			</method>
			<method name="_interopRequireDefault"  hits="0"  signature="()V" >
				<lines><line number="2877"  hits="0" /></lines>
			</method>
			<method name="(anonymous_335)"  hits="0"  signature="()V" >
				<lines><line number="2883"  hits="0" /></lines>
			</method>
			<method name="(anonymous_336)"  hits="0"  signature="()V" >
				<lines><line number="2896"  hits="0" /></lines>
			</method>
			<method name="(anonymous_337)"  hits="0"  signature="()V" >
				<lines><line number="2899"  hits="0" /></lines>
			</method>
			<method name="(anonymous_338)"  hits="0"  signature="()V" >
				<lines><line number="2935"  hits="0" /></lines>
			</method>
			<method name="(anonymous_339)"  hits="0"  signature="()V" >
				<lines><line number="2952"  hits="0" /></lines>
			</method>
			<method name="(anonymous_340)"  hits="0"  signature="()V" >
				<lines><line number="2960"  hits="0" /></lines>
			</method>
			<method name="_interopRequireDefault"  hits="0"  signature="()V" >
				<lines><line number="2971"  hits="0" /></lines>
			</method>
			<method name="(anonymous_342)"  hits="0"  signature="()V" >
				<lines><line number="3008"  hits="0" /></lines>
			</method>
			<method name="init"  hits="0"  signature="()V" >
				<lines><line number="3019"  hits="0" /></lines>
			</method>
			<method name="closeLightbox"  hits="0"  signature="()V" >
				<lines><line number="3043"  hits="0" /></lines>
			</method>
			<method name="createHiddenLightbox"  hits="0"  signature="()V" >
				<lines><line number="3064"  hits="0" /></lines>
			</method>
			<method name="handleLink"  hits="0"  signature="()V" >
				<lines><line number="3080"  hits="0" /></lines>
			</method>
			<method name="handleLightbox"  hits="0"  signature="()V" >
				<lines><line number="3090"  hits="0" /></lines>
			</method>
			<method name="loadRandomArticle"  hits="0"  signature="()V" >
				<lines><line number="3106"  hits="0" /></lines>
			</method>
			<method name="openLightbox"  hits="0"  signature="()V" >
				<lines><line number="3119"  hits="0" /></lines>
			</method>
			<method name="search"  hits="0"  signature="()V" >
				<lines><line number="3135"  hits="0" /></lines>
			</method>
			<method name="setQueryParam"  hits="0"  signature="()V" >
				<lines><line number="3146"  hits="0" /></lines>
			</method>
			<method name="showLightbox"  hits="0"  signature="()V" >
				<lines><line number="3167"  hits="0" /></lines>
			</method>
			<method name="toggleSideNav"  hits="0"  signature="()V" >
				<lines><line number="3178"  hits="0" /></lines>
			</method>
			<method name="toggleSmartBanner"  hits="0"  signature="()V" >
				<lines><line number="3186"  hits="0" /></lines>
			</method>
			<method name="toggleUserMenu"  hits="0"  signature="()V" >
				<lines><line number="3194"  hits="0" /></lines>
			</method>
			<method name="toggleSiteHeadPinned"  hits="0"  signature="()V" >
				<lines><line number="3202"  hits="0" /></lines>
			</method>
			<method name="openLightboxForMedia"  hits="0"  signature="()V" >
				<lines><line number="3216"  hits="0" /></lines>
			</method>
			<method name="openLightboxForMap"  hits="0"  signature="()V" >
				<lines><line number="3238"  hits="0" /></lines>
			</method>
			<method name="(anonymous_359)"  hits="0"  signature="()V" >
				<lines><line number="3251"  hits="0" /></lines>
			</method>
			<method name="_interopRequireDefault"  hits="0"  signature="()V" >
				<lines><line number="3260"  hits="0" /></lines>
			</method>
			<method name="handleAddContentSuccess"  hits="0"  signature="()V" >
				<lines><line number="3278"  hits="0" /></lines>
			</method>
			<method name="(anonymous_362)"  hits="0"  signature="()V" >
				<lines><line number="3283"  hits="0" /></lines>
			</method>
			<method name="handleUploadSuccess"  hits="0"  signature="()V" >
				<lines><line number="3301"  hits="0" /></lines>
			</method>
			<method name="handleError"  hits="0"  signature="()V" >
				<lines><line number="3309"  hits="0" /></lines>
			</method>
			<method name="upload"  hits="0"  signature="()V" >
				<lines><line number="3332"  hits="0" /></lines>
			</method>
			<method name="back"  hits="0"  signature="()V" >
				<lines><line number="3341"  hits="0" /></lines>
			</method>
			<method name="(anonymous_367)"  hits="0"  signature="()V" >
				<lines><line number="3349"  hits="0" /></lines>
			</method>
			<method name="_interopRequireDefault"  hits="0"  signature="()V" >
				<lines><line number="3358"  hits="0" /></lines>
			</method>
			<method name="(anonymous_369)"  hits="0"  signature="()V" >
				<lines><line number="3369"  hits="0" /></lines>
			</method>
			<method name="handlePublishSuccess"  hits="0"  signature="()V" >
				<lines><line number="3385"  hits="0" /></lines>
			</method>
			<method name="(anonymous_371)"  hits="0"  signature="()V" >
				<lines><line number="3390"  hits="0" /></lines>
			</method>
			<method name="handlePublishError"  hits="0"  signature="()V" >
				<lines><line number="3411"  hits="0" /></lines>
			</method>
			<method name="publish"  hits="0"  signature="()V" >
				<lines><line number="3436"  hits="0" /></lines>
			</method>
			<method name="back"  hits="0"  signature="()V" >
				<lines><line number="3452"  hits="0" /></lines>
			</method>
			<method name="(anonymous_375)"  hits="0"  signature="()V" >
				<lines><line number="3466"  hits="0" /></lines>
			</method>
			<method name="_interopRequireDefault"  hits="0"  signature="()V" >
				<lines><line number="3475"  hits="0" /></lines>
			</method>
			<method name="init"  hits="0"  signature="()V" >
				<lines><line number="3489"  hits="0" /></lines>
			</method>
			<method name="edit"  hits="0"  signature="()V" >
				<lines><line number="3503"  hits="0" /></lines>
			</method>
			<method name="addPhoto"  hits="0"  signature="()V" >
				<lines><line number="3521"  hits="0" /></lines>
			</method>
			<method name="(anonymous_380)"  hits="0"  signature="()V" >
				<lines><line number="3527"  hits="0" /></lines>
			</method>
			<method name="articleRendered"  hits="0"  signature="()V" >
				<lines><line number="3540"  hits="0" /></lines>
			</method>
			<method name="(anonymous_382)"  hits="0"  signature="()V" >
				<lines><line number="3548"  hits="0" /></lines>
			</method>
			<method name="_interopRequireDefault"  hits="0"  signature="()V" >
				<lines><line number="3555"  hits="0" /></lines>
			</method>
			<method name="(anonymous_384)"  hits="0"  signature="()V" >
				<lines><line number="3569"  hits="0" /></lines>
			</method>
			<method name="_interopRequireDefault"  hits="0"  signature="()V" >
				<lines><line number="3578"  hits="0" /></lines>
			</method>
			<method name="(anonymous_386)"  hits="0"  signature="()V" >
				<lines><line number="3604"  hits="0" /></lines>
			</method>
			<method name="(anonymous_387)"  hits="0"  signature="()V" >
				<lines><line number="3608"  hits="0" /></lines>
			</method>
			<method name="showSortComponent"  hits="0"  signature="()V" >
				<lines><line number="3620"  hits="0" /></lines>
			</method>
			<method name="hideSortComponent"  hits="0"  signature="()V" >
				<lines><line number="3627"  hits="0" /></lines>
			</method>
			<method name="retry"  hits="0"  signature="()V" >
				<lines><line number="3636"  hits="0" /></lines>
			</method>
			<method name="goToAllDiscussions"  hits="0"  signature="()V" >
				<lines><line number="3645"  hits="0" /></lines>
			</method>
			<method name="toggleEditorActive"  hits="0"  signature="()V" >
				<lines><line number="3648"  hits="0" /></lines>
			</method>
			<method name="(anonymous_393)"  hits="0"  signature="()V" >
				<lines><line number="3656"  hits="0" /></lines>
			</method>
			<method name="_interopRequireDefault"  hits="0"  signature="()V" >
				<lines><line number="3665"  hits="0" /></lines>
			</method>
			<method name="(anonymous_395)"  hits="0"  signature="()V" >
				<lines><line number="3675"  hits="0" /></lines>
			</method>
			<method name="expand"  hits="0"  signature="()V" >
				<lines><line number="3692"  hits="0" /></lines>
			</method>
			<method name="(anonymous_397)"  hits="0"  signature="()V" >
				<lines><line number="3697"  hits="0" /></lines>
			</method>
			<method name="retry"  hits="0"  signature="()V" >
				<lines><line number="3713"  hits="0" /></lines>
			</method>
			<method name="goToAllDiscussions"  hits="0"  signature="()V" >
				<lines><line number="3720"  hits="0" /></lines>
			</method>
			<method name="goToForum"  hits="0"  signature="()V" >
				<lines><line number="3727"  hits="0" /></lines>
			</method>
			<method name="(anonymous_401)"  hits="0"  signature="()V" >
				<lines><line number="3737"  hits="0" /></lines>
			</method>
			<method name="_interopRequireDefault"  hits="0"  signature="()V" >
				<lines><line number="3744"  hits="0" /></lines>
			</method>
			<method name="init"  hits="0"  signature="()V" >
				<lines><line number="3758"  hits="0" /></lines>
			</method>
			<method name="(anonymous_404)"  hits="0"  signature="()V" >
				<lines><line number="3768"  hits="0" /></lines>
			</method>
			<method name="_interopRequireDefault"  hits="0"  signature="()V" >
				<lines><line number="3775"  hits="0" /></lines>
			</method>
			<method name="(anonymous_406)"  hits="1"  signature="()V" >
				<lines><line number="3788"  hits="1" /></lines>
			</method>
			<method name="_interopRequireDefault"  hits="2"  signature="()V" >
				<lines><line number="3797"  hits="2" /></lines>
			</method>
			<method name="(anonymous_408)"  hits="5"  signature="()V" >
				<lines><line number="3811"  hits="5" /></lines>
			</method>
			<method name="get"  hits="1"  signature="()V" >
				<lines><line number="3826"  hits="1" /></lines>
			</method>
			<method name="set"  hits="6"  signature="()V" >
				<lines><line number="3829"  hits="6" /></lines>
			</method>
			<method name="didInsertElement"  hits="7"  signature="()V" >
				<lines><line number="3837"  hits="7" /></lines>
			</method>
			<method name="willDestroyElement"  hits="0"  signature="()V" >
				<lines><line number="3849"  hits="0" /></lines>
			</method>
			<method name="(anonymous_413)"  hits="0"  signature="()V" >
				<lines><line number="3861"  hits="0" /></lines>
			</method>
			<method name="_interopRequireDefault"  hits="0"  signature="()V" >
				<lines><line number="3868"  hits="0" /></lines>
			</method>
			<method name="close"  hits="0"  signature="()V" >
				<lines><line number="3886"  hits="0" /></lines>
			</method>
			<method name="didInsertElement"  hits="0"  signature="()V" >
				<lines><line number="3900"  hits="0" /></lines>
			</method>
			<method name="willDestroyElement"  hits="0"  signature="()V" >
				<lines><line number="3916"  hits="0" /></lines>
			</method>
			<method name="dismissNotification"  hits="0"  signature="()V" >
				<lines><line number="3923"  hits="0" /></lines>
			</method>
			<method name="(anonymous_419)"  hits="1"  signature="()V" >
				<lines><line number="3930"  hits="1" /></lines>
			</method>
			<method name="_interopRequireDefault"  hits="1"  signature="()V" >
				<lines><line number="3937"  hits="1" /></lines>
			</method>
			<method name="dismissAlert"  hits="1"  signature="()V" >
				<lines><line number="3954"  hits="1" /></lines>
			</method>
			<method name="(anonymous_422)"  hits="1"  signature="()V" >
				<lines><line number="3962"  hits="1" /></lines>
			</method>
			<method name="_interopRequireDefault"  hits="1"  signature="()V" >
				<lines><line number="3969"  hits="1" /></lines>
			</method>
			<method name="(anonymous_424)"  hits="0"  signature="()V" >
				<lines><line number="3978"  hits="0" /></lines>
			</method>
			<method name="(anonymous_425)"  hits="0"  signature="()V" >
				<lines><line number="3984"  hits="0" /></lines>
			</method>
			<method name="(anonymous_426)"  hits="0"  signature="()V" >
				<lines><line number="3995"  hits="0" /></lines>
			</method>
			<method name="willInsertElement"  hits="0"  signature="()V" >
				<lines><line number="4016"  hits="0" /></lines>
			</method>
			<method name="didRender"  hits="0"  signature="()V" >
				<lines><line number="4023"  hits="0" /></lines>
			</method>
			<method name="click"  hits="0"  signature="()V" >
				<lines><line number="4042"  hits="0" /></lines>
			</method>
			<method name="shouldHandleClick"  hits="3"  signature="()V" >
				<lines><line number="4069"  hits="3" /></lines>
			</method>
			<method name="targetIsReference"  hits="3"  signature="()V" >
				<lines><line number="4086"  hits="3" /></lines>
			</method>
			<method name="handleLink"  hits="0"  signature="()V" >
				<lines><line number="4096"  hits="0" /></lines>
			</method>
			<method name="(anonymous_433)"  hits="0"  signature="()V" >
				<lines><line number="4120"  hits="0" /></lines>
			</method>
			<method name="_interopRequireDefault"  hits="0"  signature="()V" >
				<lines><line number="4127"  hits="0" /></lines>
			</method>
			<method name="back"  hits="0"  signature="()V" >
				<lines><line number="4139"  hits="0" /></lines>
			</method>
			<method name="upload"  hits="0"  signature="()V" >
				<lines><line number="4147"  hits="0" /></lines>
			</method>
			<method name="track"  hits="0"  signature="()V" >
				<lines><line number="4157"  hits="0" /></lines>
			</method>
			<method name="(anonymous_438)"  hits="1"  signature="()V" >
				<lines><line number="4168"  hits="1" /></lines>
			</method>
			<method name="_interopRequireDefault"  hits="2"  signature="()V" >
				<lines><line number="4177"  hits="2" /></lines>
			</method>
			<method name="(anonymous_440)"  hits="0"  signature="()V" >
				<lines><line number="4192"  hits="0" /></lines>
			</method>
			<method name="(anonymous_441)"  hits="2"  signature="()V" >
				<lines><line number="4203"  hits="2" /></lines>
			</method>
			<method name="(anonymous_442)"  hits="0"  signature="()V" >
				<lines><line number="4211"  hits="0" /></lines>
			</method>
			<method name="toggleExpand"  hits="0"  signature="()V" >
				<lines><line number="4224"  hits="0" /></lines>
			</method>
			<method name="convertThumbnails"  hits="0"  signature="()V" >
				<lines><line number="4239"  hits="0" /></lines>
			</method>
			<method name="createFigureFromThumbnailData"  hits="0"  signature="()V" >
				<lines><line number="4248"  hits="0" /></lines>
			</method>
			<method name="(anonymous_446)"  hits="1"  signature="()V" >
				<lines><line number="4291"  hits="1" /></lines>
			</method>
			<method name="_interopRequireDefault"  hits="2"  signature="()V" >
				<lines><line number="4300"  hits="2" /></lines>
			</method>
			<method name="(anonymous_448)"  hits="9"  signature="()V" >
				<lines><line number="4322"  hits="9" /></lines>
			</method>
			<method name="(anonymous_449)"  hits="9"  signature="()V" >
				<lines><line number="4325"  hits="9" /></lines>
			</method>
			<method name="(anonymous_450)"  hits="1"  signature="()V" >
				<lines><line number="4354"  hits="1" /></lines>
			</method>
			<method name="(anonymous_451)"  hits="0"  signature="()V" >
				<lines><line number="4363"  hits="0" /></lines>
			</method>
			<method name="didInsertElement"  hits="0"  signature="()V" >
				<lines><line number="4375"  hits="0" /></lines>
			</method>
			<method name="nextPage"  hits="2"  signature="()V" >
				<lines><line number="4390"  hits="2" /></lines>
			</method>
			<method name="prevPage"  hits="3"  signature="()V" >
				<lines><line number="4397"  hits="3" /></lines>
			</method>
			<method name="toggleComments"  hits="0"  signature="()V" >
				<lines><line number="4404"  hits="0" /></lines>
			</method>
			<method name="scrollToTop"  hits="0"  signature="()V" >
				<lines><line number="4422"  hits="0" /></lines>
			</method>
			<method name="(anonymous_457)"  hits="0"  signature="()V" >
				<lines><line number="4429"  hits="0" /></lines>
			</method>
			<method name="_interopRequireDefault"  hits="0"  signature="()V" >
				<lines><line number="4456"  hits="0" /></lines>
			</method>
			<method name="newFromMedia"  hits="0"  signature="()V" >
				<lines><line number="4474"  hits="0" /></lines>
			</method>
			<method name="(anonymous_460)"  hits="0"  signature="()V" >
				<lines><line number="4478"  hits="0" /></lines>
			</method>
			<method name="(anonymous_461)"  hits="0"  signature="()V" >
				<lines><line number="4492"  hits="0" /></lines>
			</method>
			<method name="(anonymous_462)"  hits="0"  signature="()V" >
				<lines><line number="4497"  hits="0" /></lines>
			</method>
			<method name="(anonymous_463)"  hits="0"  signature="()V" >
				<lines><line number="4512"  hits="0" /></lines>
			</method>
			<method name="(anonymous_464)"  hits="0"  signature="()V" >
				<lines><line number="4524"  hits="0" /></lines>
			</method>
			<method name="(anonymous_465)"  hits="0"  signature="()V" >
				<lines><line number="4528"  hits="0" /></lines>
			</method>
			<method name="(anonymous_466)"  hits="0"  signature="()V" >
				<lines><line number="4533"  hits="0" /></lines>
			</method>
			<method name="openLightbox"  hits="0"  signature="()V" >
				<lines><line number="4550"  hits="0" /></lines>
			</method>
			<method name="edit"  hits="0"  signature="()V" >
				<lines><line number="4559"  hits="0" /></lines>
			</method>
			<method name="addPhoto"  hits="0"  signature="()V" >
				<lines><line number="4569"  hits="0" /></lines>
			</method>
			<method name="hackIntoEmberRendering"  hits="0"  signature="()V" >
				<lines><line number="4587"  hits="0" /></lines>
			</method>
			<method name="handleJumpLink"  hits="0"  signature="()V" >
				<lines><line number="4597"  hits="0" /></lines>
			</method>
			<method name="createArticleContributionComponent"  hits="0"  signature="()V" >
				<lines><line number="4617"  hits="0" /></lines>
			</method>
			<method name="loadTableOfContentsData"  hits="0"  signature="()V" >
				<lines><line number="4652"  hits="0" /></lines>
			</method>
			<method name="(anonymous_474)"  hits="0"  signature="()V" >
				<lines><line number="4658"  hits="0" /></lines>
			</method>
			<method name="createMediaComponent"  hits="0"  signature="()V" >
				<lines><line number="4679"  hits="0" /></lines>
			</method>
			<method name="replaceMediaPlaceholdersWithMediaComponents"  hits="0"  signature="()V" >
				<lines><line number="4698"  hits="0" /></lines>
			</method>
			<method name="replaceImageCollectionPlaceholdersWithComponents"  hits="0"  signature="()V" >
				<lines><line number="4716"  hits="0" /></lines>
			</method>
			<method name="getCollectionMediaFromRefs"  hits="0"  signature="()V" >
				<lines><line number="4720"  hits="0" /></lines>
			</method>
			<method name="(anonymous_479)"  hits="0"  signature="()V" >
				<lines><line number="4729"  hits="0" /></lines>
			</method>
			<method name="replaceMapsWithMapComponents"  hits="0"  signature="()V" >
				<lines><line number="4748"  hits="0" /></lines>
			</method>
			<method name="(anonymous_481)"  hits="0"  signature="()V" >
				<lines><line number="4756"  hits="0" /></lines>
			</method>
			<method name="replaceMapWithMapComponent"  hits="0"  signature="()V" >
				<lines><line number="4765"  hits="0" /></lines>
			</method>
			<method name="replaceInfoboxesWithInfoboxComponents"  hits="0"  signature="()V" >
				<lines><line number="4785"  hits="0" /></lines>
			</method>
			<method name="(anonymous_484)"  hits="0"  signature="()V" >
				<lines><line number="4793"  hits="0" /></lines>
			</method>
			<method name="replaceInfoboxWithInfoboxComponent"  hits="0"  signature="()V" >
				<lines><line number="4802"  hits="0" /></lines>
			</method>
			<method name="replaceWikiaWidgetsWithComponents"  hits="0"  signature="()V" >
				<lines><line number="4817"  hits="0" /></lines>
			</method>
			<method name="(anonymous_487)"  hits="0"  signature="()V" >
				<lines><line number="4825"  hits="0" /></lines>
			</method>
			<method name="replaceWikiaWidgetWithComponent"  hits="0"  signature="()V" >
				<lines><line number="4834"  hits="0" /></lines>
			</method>
			<method name="getWidgetComponentName"  hits="0"  signature="()V" >
				<lines><line number="4856"  hits="0" /></lines>
			</method>
			<method name="handleWikiaWidgetWrappers"  hits="0"  signature="()V" >
				<lines><line number="4875"  hits="0" /></lines>
			</method>
			<method name="(anonymous_491)"  hits="0"  signature="()V" >
				<lines><line number="4876"  hits="0" /></lines>
			</method>
			<method name="handleInfoboxes"  hits="0"  signature="()V" >
				<lines><line number="4888"  hits="0" /></lines>
			</method>
			<method name="(anonymous_493)"  hits="0"  signature="()V" >
				<lines><line number="4895"  hits="0" /></lines>
			</method>
			<method name="(anonymous_494)"  hits="0"  signature="()V" >
				<lines><line number="4897"  hits="0" /></lines>
			</method>
			<method name="handleTables"  hits="0"  signature="()V" >
				<lines><line number="4911"  hits="0" /></lines>
			</method>
			<method name="(anonymous_496)"  hits="1"  signature="()V" >
				<lines><line number="4918"  hits="1" /></lines>
			</method>
			<method name="_interopRequireDefault"  hits="2"  signature="()V" >
				<lines><line number="4927"  hits="2" /></lines>
			</method>
			<method name="edit"  hits="1"  signature="()V" >
				<lines><line number="4950"  hits="1" /></lines>
			</method>
			<method name="addPhoto"  hits="1"  signature="()V" >
				<lines><line number="4972"  hits="1" /></lines>
			</method>
			<method name="openLocation"  hits="0"  signature="()V" >
				<lines><line number="4989"  hits="0" /></lines>
			</method>
			<method name="redirectToLogin"  hits="2"  signature="()V" >
				<lines><line number="4998"  hits="2" /></lines>
			</method>
			<method name="(anonymous_502)"  hits="0"  signature="()V" >
				<lines><line number="5020"  hits="0" /></lines>
			</method>
			<method name="_interopRequireDefault"  hits="0"  signature="()V" >
				<lines><line number="5029"  hits="0" /></lines>
			</method>
			<method name="(anonymous_504)"  hits="0"  signature="()V" >
				<lines><line number="5038"  hits="0" /></lines>
			</method>
			<method name="(anonymous_505)"  hits="0"  signature="()V" >
				<lines><line number="5042"  hits="0" /></lines>
			</method>
			<method name="back"  hits="0"  signature="()V" >
				<lines><line number="5051"  hits="0" /></lines>
			</method>
			<method name="publish"  hits="0"  signature="()V" >
				<lines><line number="5058"  hits="0" /></lines>
			</method>
			<method name="(anonymous_508)"  hits="1"  signature="()V" >
				<lines><line number="5066"  hits="1" /></lines>
			</method>
			<method name="_interopRequireDefault"  hits="4"  signature="()V" >
				<lines><line number="5079"  hits="4" /></lines>
			</method>
			<method name="swipeLeft"  hits="0"  signature="()V" >
				<lines><line number="5107"  hits="0" /></lines>
			</method>
			<method name="swipeRight"  hits="0"  signature="()V" >
				<lines><line number="5127"  hits="0" /></lines>
			</method>
			<method name="(anonymous_512)"  hits="6"  signature="()V" >
				<lines><line number="5144"  hits="6" /></lines>
			</method>
			<method name="(anonymous_513)"  hits="7"  signature="()V" >
				<lines><line number="5159"  hits="7" /></lines>
			</method>
			<method name="(anonymous_514)"  hits="3"  signature="()V" >
				<lines><line number="5186"  hits="3" /></lines>
			</method>
			<method name="(anonymous_515)"  hits="2"  signature="()V" >
				<lines><line number="5204"  hits="2" /></lines>
			</method>
			<method name="(anonymous_516)"  hits="0"  signature="()V" >
				<lines><line number="5210"  hits="0" /></lines>
			</method>
			<method name="edit"  hits="0"  signature="()V" >
				<lines><line number="5223"  hits="0" /></lines>
			</method>
			<method name="addPhoto"  hits="0"  signature="()V" >
				<lines><line number="5233"  hits="0" /></lines>
			</method>
			<method name="expandSideNav"  hits="0"  signature="()V" >
				<lines><line number="5240"  hits="0" /></lines>
			</method>
			<method name="openLightbox"  hits="0"  signature="()V" >
				<lines><line number="5249"  hits="0" /></lines>
			</method>
			<method name="updateHeaders"  hits="0"  signature="()V" >
				<lines><line number="5257"  hits="0" /></lines>
			</method>
			<method name="didInsertElement"  hits="0"  signature="()V" >
				<lines><line number="5265"  hits="0" /></lines>
			</method>
			<method name="(anonymous_523)"  hits="0"  signature="()V" >
				<lines><line number="5271"  hits="0" /></lines>
			</method>
			<method name="click"  hits="0"  signature="()V" >
				<lines><line number="5282"  hits="0" /></lines>
			</method>
			<method name="performArticleTransforms"  hits="0"  signature="()V" >
				<lines><line number="5307"  hits="0" /></lines>
			</method>
			<method name="shouldHandleMedia"  hits="6"  signature="()V" >
				<lines><line number="5331"  hits="6" /></lines>
			</method>
			<method name="handleMedia"  hits="0"  signature="()V" >
				<lines><line number="5341"  hits="0" /></lines>
			</method>
			<method name="(anonymous_528)"  hits="1"  signature="()V" >
				<lines><line number="5377"  hits="1" /></lines>
			</method>
			<method name="_interopRequireDefault"  hits="2"  signature="()V" >
				<lines><line number="5386"  hits="2" /></lines>
			</method>
			<method name="toggleMenu"  hits="2"  signature="()V" >
				<lines><line number="5409"  hits="2" /></lines>
			</method>
			<method name="didInsertElement"  hits="0"  signature="()V" >
				<lines><line number="5425"  hits="0" /></lines>
			</method>
			<method name="willDestroyElement"  hits="0"  signature="()V" >
				<lines><line number="5432"  hits="0" /></lines>
			</method>
			<method name="titleDidChange"  hits="0"  signature="()V" >
				<lines><line number="5439"  hits="0" /></lines>
			</method>
			<method name="(anonymous_534)"  hits="0"  signature="()V" >
				<lines><line number="5448"  hits="0" /></lines>
			</method>
			<method name="_interopRequireDefault"  hits="0"  signature="()V" >
				<lines><line number="5457"  hits="0" /></lines>
			</method>
			<method name="(anonymous_536)"  hits="0"  signature="()V" >
				<lines><line number="5508"  hits="0" /></lines>
			</method>
			<method name="(anonymous_537)"  hits="0"  signature="()V" >
				<lines><line number="5527"  hits="0" /></lines>
			</method>
			<method name="_interopRequireDefault"  hits="0"  signature="()V" >
				<lines><line number="5536"  hits="0" /></lines>
			</method>
			<method name="addItem"  hits="0"  signature="()V" >
				<lines><line number="5554"  hits="0" /></lines>
			</method>
			<method name="editItem"  hits="0"  signature="()V" >
				<lines><line number="5562"  hits="0" /></lines>
			</method>
			<method name="openSection"  hits="0"  signature="()V" >
				<lines><line number="5570"  hits="0" /></lines>
			</method>
			<method name="showHelp"  hits="0"  signature="()V" >
				<lines><line number="5577"  hits="0" /></lines>
			</method>
			<method name="(anonymous_543)"  hits="0"  signature="()V" >
				<lines><line number="5586"  hits="0" /></lines>
			</method>
			<method name="_interopRequireDefault"  hits="0"  signature="()V" >
				<lines><line number="5601"  hits="0" /></lines>
			</method>
			<method name="(anonymous_545)"  hits="0"  signature="()V" >
				<lines><line number="5612"  hits="0" /></lines>
			</method>
			<method name="(anonymous_546)"  hits="0"  signature="()V" >
				<lines><line number="5630"  hits="0" /></lines>
			</method>
			<method name="goBack"  hits="0"  signature="()V" >
				<lines><line number="5641"  hits="0" /></lines>
			</method>
			<method name="done"  hits="0"  signature="()V" >
				<lines><line number="5649"  hits="0" /></lines>
			</method>
			<method name="(anonymous_549)"  hits="0"  signature="()V" >
				<lines><line number="5697"  hits="0" /></lines>
			</method>
			<method name="(anonymous_550)"  hits="0"  signature="()V" >
				<lines><line number="5707"  hits="0" /></lines>
			</method>
			<method name="onImageLoaded"  hits="0"  signature="()V" >
				<lines><line number="5717"  hits="0" /></lines>
			</method>
			<method name="initCropper"  hits="0"  signature="()V" >
				<lines><line number="5733"  hits="0" /></lines>
			</method>
			<method name="onResize"  hits="0"  signature="()V" >
				<lines><line number="5750"  hits="0" /></lines>
			</method>
			<method name="(anonymous_554)"  hits="0"  signature="()V" >
				<lines><line number="5763"  hits="0" /></lines>
			</method>
			<method name="_interopRequireDefault"  hits="0"  signature="()V" >
				<lines><line number="5782"  hits="0" /></lines>
			</method>
			<method name="(anonymous_556)"  hits="0"  signature="()V" >
				<lines><line number="5793"  hits="0" /></lines>
			</method>
			<method name="(anonymous_557)"  hits="0"  signature="()V" >
				<lines><line number="5797"  hits="0" /></lines>
			</method>
			<method name="goBack"  hits="0"  signature="()V" >
				<lines><line number="5816"  hits="0" /></lines>
			</method>
			<method name="select"  hits="0"  signature="()V" >
				<lines><line number="5825"  hits="0" /></lines>
			</method>
			<method name="loadMore"  hits="0"  signature="()V" >
				<lines><line number="5839"  hits="0" /></lines>
			</method>
			<method name="getNextBatch"  hits="0"  signature="()V" >
				<lines><line number="5852"  hits="0" /></lines>
			</method>
			<method name="(anonymous_562)"  hits="0"  signature="()V" >
				<lines><line number="5855"  hits="0" /></lines>
			</method>
			<method name="(anonymous_563)"  hits="0"  signature="()V" >
				<lines><line number="5859"  hits="0" /></lines>
			</method>
			<method name="(anonymous_564)"  hits="0"  signature="()V" >
				<lines><line number="5870"  hits="0" /></lines>
			</method>
			<method name="_interopRequireDefault"  hits="0"  signature="()V" >
				<lines><line number="5893"  hits="0" /></lines>
			</method>
			<method name="(anonymous_566)"  hits="0"  signature="()V" >
				<lines><line number="5912"  hits="0" /></lines>
			</method>
			<method name="(anonymous_567)"  hits="0"  signature="()V" >
				<lines><line number="5939"  hits="0" /></lines>
			</method>
			<method name="(anonymous_568)"  hits="0"  signature="()V" >
				<lines><line number="5947"  hits="0" /></lines>
			</method>
			<method name="(anonymous_569)"  hits="0"  signature="()V" >
				<lines><line number="5960"  hits="0" /></lines>
			</method>
			<method name="labelObserver"  hits="0"  signature="()V" >
				<lines><line number="5973"  hits="0" /></lines>
			</method>
			<method name="titleObserver"  hits="0"  signature="()V" >
				<lines><line number="5980"  hits="0" /></lines>
			</method>
			<method name="didRender"  hits="0"  signature="()V" >
				<lines><line number="6001"  hits="0" /></lines>
			</method>
			<method name="click"  hits="0"  signature="()V" >
				<lines><line number="6012"  hits="0" /></lines>
			</method>
			<method name="setLabelFocusedOut"  hits="0"  signature="()V" >
				<lines><line number="6021"  hits="0" /></lines>
			</method>
			<method name="setLabelFocusedIn"  hits="0"  signature="()V" >
				<lines><line number="6029"  hits="0" /></lines>
			</method>
			<method name="setTitleFocusedOut"  hits="0"  signature="()V" >
				<lines><line number="6036"  hits="0" /></lines>
			</method>
			<method name="setTitleFocusedIn"  hits="0"  signature="()V" >
				<lines><line number="6047"  hits="0" /></lines>
			</method>
			<method name="goBack"  hits="0"  signature="()V" >
				<lines><line number="6054"  hits="0" /></lines>
			</method>
			<method name="done"  hits="0"  signature="()V" >
				<lines><line number="6064"  hits="0" /></lines>
			</method>
			<method name="deleteItem"  hits="0"  signature="()V" >
				<lines><line number="6082"  hits="0" /></lines>
			</method>
			<method name="fileUpload"  hits="0"  signature="()V" >
				<lines><line number="6097"  hits="0" /></lines>
			</method>
			<method name="(anonymous_582)"  hits="0"  signature="()V" >
				<lines><line number="6103"  hits="0" /></lines>
			</method>
			<method name="(anonymous_583)"  hits="0"  signature="()V" >
				<lines><line number="6105"  hits="0" /></lines>
			</method>
			<method name="(anonymous_584)"  hits="0"  signature="()V" >
				<lines><line number="6121"  hits="0" /></lines>
			</method>
			<method name="(anonymous_585)"  hits="0"  signature="()V" >
				<lines><line number="6124"  hits="0" /></lines>
			</method>
			<method name="showImageMenu"  hits="0"  signature="()V" >
				<lines><line number="6132"  hits="0" /></lines>
			</method>
			<method name="hideImageMenu"  hits="0"  signature="()V" >
				<lines><line number="6140"  hits="0" /></lines>
			</method>
			<method name="showSearchImageForm"  hits="0"  signature="()V" >
				<lines><line number="6147"  hits="0" /></lines>
			</method>
			<method name="cropImage"  hits="0"  signature="()V" >
				<lines><line number="6155"  hits="0" /></lines>
			</method>
			<method name="setTitle"  hits="0"  signature="()V" >
				<lines><line number="6169"  hits="0" /></lines>
			</method>
			<method name="showTooltip"  hits="0"  signature="()V" >
				<lines><line number="6180"  hits="0" /></lines>
			</method>
			<method name="validateImage"  hits="0"  signature="()V" >
				<lines><line number="6192"  hits="0" /></lines>
			</method>
			<method name="validateLabel"  hits="0"  signature="()V" >
				<lines><line number="6208"  hits="0" /></lines>
			</method>
			<method name="validateTitle"  hits="0"  signature="()V" >
				<lines><line number="6229"  hits="0" /></lines>
			</method>
			<method name="getImage"  hits="0"  signature="()V" >
				<lines><line number="6251"  hits="0" /></lines>
			</method>
			<method name="(anonymous_596)"  hits="0"  signature="()V" >
				<lines><line number="6254"  hits="0" /></lines>
			</method>
			<method name="(anonymous_597)"  hits="0"  signature="()V" >
				<lines><line number="6266"  hits="0" /></lines>
			</method>
			<method name="(anonymous_598)"  hits="0"  signature="()V" >
				<lines><line number="6269"  hits="0" /></lines>
			</method>
			<method name="getImageDebounced"  hits="0"  signature="()V" >
				<lines><line number="6277"  hits="0" /></lines>
[...]
			<line number="20053"  hits="6"  branch="false" />
			<line number="20056"  hits="18"  branch="false" />
			<line number="20061"  hits="0"  branch="false" />
			<line number="20063"  hits="0"  branch="true"  condition-coverage="0% (0/2)" />
			<line number="20064"  hits="0"  branch="false" />
			<line number="20065"  hits="0"  branch="false" />
			<line number="20070"  hits="6"  branch="false" />
			<line number="20073"  hits="6"  branch="false" />
			<line number="20074"  hits="6"  branch="false" />
			<line number="20075"  hits="6"  branch="true"  condition-coverage="50% (1/2)" />
			<line number="20076"  hits="6"  branch="true"  condition-coverage="100% (2/2)" />
			<line number="20077"  hits="6"  branch="false" />
			<line number="20078"  hits="6"  branch="false" />
			<line number="20080"  hits="1"  branch="false" />
			<line number="20082"  hits="1"  branch="false" />
			<line number="20083"  hits="1"  branch="false" />
			<line number="20086"  hits="1"  branch="false" />
			<line number="20087"  hits="1"  branch="false" />
			<line number="20089"  hits="1"  branch="false" />
			<line number="20091"  hits="1"  branch="false" />
			<line number="20092"  hits="3"  branch="false" />
			<line number="20096"  hits="3"  branch="false" />
			<line number="20098"  hits="3"  branch="false" />
			<line number="20100"  hits="3"  branch="false" />
			<line number="20102"  hits="1"  branch="false" />
			<line number="20103"  hits="9"  branch="true"  condition-coverage="75% (3/4)" />
			<line number="20108"  hits="1"  branch="false" />
			<line number="20109"  hits="8"  branch="true"  condition-coverage="50% (1/2)" />
			<line number="20110"  hits="0"  branch="false" />
			<line number="20114"  hits="3"  branch="false" />
			<line number="20115"  hits="1"  branch="false" />
			<line number="20116"  hits="6"  branch="false" />
			<line number="20117"  hits="18"  branch="false" />
			<line number="20118"  hits="18"  branch="true"  condition-coverage="100% (2/2)" />
			<line number="20119"  hits="18"  branch="false" />
			<line number="20120"  hits="18"  branch="true"  condition-coverage="50% (1/2)" />
			<line number="20121"  hits="18"  branch="false" />
			<line number="20125"  hits="3"  branch="false" />
			<line number="20126"  hits="3"  branch="true"  condition-coverage="50% (1/2)" />
			<line number="20127"  hits="3"  branch="true"  condition-coverage="50% (1/2)" />
			<line number="20128"  hits="3"  branch="false" />
			<line number="20132"  hits="3"  branch="false" />
			<line number="20138"  hits="3"  branch="false" />
			<line number="20139"  hits="1"  branch="false" />
			<line number="20140"  hits="8"  branch="false" />
			<line number="20142"  hits="8"  branch="false" />
			<line number="20143"  hits="8"  branch="false" />
			<line number="20146"  hits="3"  branch="false" />
			<line number="20149"  hits="16"  branch="false" />
			<line number="20154"  hits="8"  branch="false" />
			<line number="20162"  hits="8"  branch="false" />
			<line number="20163"  hits="8"  branch="false" />
			<line number="20164"  hits="8"  branch="false" />
			<line number="20169"  hits="12"  branch="true"  condition-coverage="100% (2/2)" />
			<line number="20174"  hits="0"  branch="false" />
			<line number="20179"  hits="0"  branch="false" />
			<line number="20184"  hits="10"  branch="true"  condition-coverage="100% (2/2)" />
			<line number="20185"  hits="9"  branch="false" />
			<line number="20187"  hits="1"  branch="false" />
			<line number="20192"  hits="3"  branch="false" />
			<line number="20195"  hits="3"  branch="false" />
			<line number="20197"  hits="1"  branch="false" />
			<line number="20199"  hits="1"  branch="false" />
			<line number="20200"  hits="1"  branch="false" />
			<line number="20203"  hits="1"  branch="false" />
			<line number="20205"  hits="1"  branch="false" />
			<line number="20206"  hits="12"  branch="false" />
			<line number="20208"  hits="12"  branch="true"  condition-coverage="100% (2/2)" />
			<line number="20209"  hits="9"  branch="false" />
			<line number="20212"  hits="9"  branch="false" />
			<line number="20214"  hits="9"  branch="true"  condition-coverage="50% (1/2)" />
			<line number="20215"  hits="0"  branch="false" />
			<line number="20221"  hits="9"  branch="false" />
			<line number="20222"  hits="36"  branch="true"  condition-coverage="75% (3/4)" />
			<line number="20223"  hits="0"  branch="false" />
			<line number="20226"  hits="36"  branch="false" />
			<line number="20228"  hits="36"  branch="true"  condition-coverage="100% (2/2)" />
			<line number="20229"  hits="5"  branch="false" />
			<line number="20236"  hits="4"  branch="true"  condition-coverage="50% (1/2)" />
			<line number="20237"  hits="4"  branch="false" />
			<line number="20238"  hits="4"  branch="false" />
			<line number="20240"  hits="0"  branch="false" />
			<line number="20243"  hits="4"  branch="true"  condition-coverage="100% (4/4)" />
			<line number="20244"  hits="1"  branch="false" />
			<line number="20250"  hits="3"  branch="false" />
			<line number="20258"  hits="3"  branch="false" />
			<line number="20264"  hits="1"  branch="false" />
			<line number="20266"  hits="1"  branch="false" />
			<line number="20267"  hits="1"  branch="false" />
			<line number="20270"  hits="1"  branch="false" />
			<line number="20272"  hits="1"  branch="false" />
			<line number="20273"  hits="4"  branch="false" />
			<line number="20274"  hits="4"  branch="false" />
			<line number="20276"  hits="4"  branch="true"  condition-coverage="100% (2/2)" />
			<line number="20277"  hits="2"  branch="false" />
			<line number="20278"  hits="2"  branch="true"  condition-coverage="100% (2/2)" />
			<line number="20279"  hits="1"  branch="false" />
			<line number="20282"  hits="4"  branch="false" />
			<line number="20285"  hits="1"  branch="false" />
			<line number="20287"  hits="1"  branch="false" />
			<line number="20288"  hits="1"  branch="false" />
			<line number="20291"  hits="1"  branch="false" />
			<line number="20293"  hits="1"  branch="false" />
			<line number="20294"  hits="6"  branch="false" />
			<line number="20299"  hits="6"  branch="true"  condition-coverage="100% (2/2)" />
			<line number="20300"  hits="3"  branch="false" />
			<line number="20301"  hits="3"  branch="false" />
			<line number="20303"  hits="3"  branch="false" />
			<line number="20304"  hits="3"  branch="false" />
			<line number="20307"  hits="6"  branch="false" />
			<line number="20310"  hits="1"  branch="false" />
			<line number="20312"  hits="1"  branch="false" />
			<line number="20313"  hits="1"  branch="false" />
			<line number="20316"  hits="1"  branch="false" />
			<line number="20317"  hits="1"  branch="false" />
			<line number="20327"  hits="1"  branch="false" />
			<line number="20328"  hits="7"  branch="true"  condition-coverage="75% (3/4)" />
			<line number="20329"  hits="7"  branch="false" />
			<line number="20331"  hits="7"  branch="true"  condition-coverage="100% (2/2)" />
			<line number="20332"  hits="1"  branch="false" />
			<line number="20338"  hits="6"  branch="true"  condition-coverage="100% (2/2)" />
			<line number="20339"  hits="1"  branch="false" />
			<line number="20345"  hits="5"  branch="false" />
			<line number="20347"  hits="5"  branch="true"  condition-coverage="100% (2/2)" />
			<line number="20348"  hits="1"  branch="false" />
			<line number="20354"  hits="4"  branch="false" />
			<line number="20356"  hits="4"  branch="true"  condition-coverage="100% (2/2)" />
			<line number="20357"  hits="1"  branch="false" />
			<line number="20363"  hits="3"  branch="false" />
			<line number="20365"  hits="3"  branch="true"  condition-coverage="100% (2/2)" />
			<line number="20366"  hits="1"  branch="false" />
			<line number="20372"  hits="2"  branch="false" />
			<line number="20374"  hits="2"  branch="true"  condition-coverage="100% (2/2)" />
			<line number="20375"  hits="1"  branch="false" />
			<line number="20381"  hits="1"  branch="false" />
			<line number="20382"  hits="1"  branch="false" />
			<line number="20388"  hits="1"  branch="false" />
			<line number="20390"  hits="1"  branch="false" />
			<line number="20391"  hits="0"  branch="false" />
			<line number="20394"  hits="0"  branch="false" />
			<line number="20396"  hits="1"  branch="false" />
			<line number="20397"  hits="0"  branch="false" />
			<line number="20399"  hits="0"  branch="true"  condition-coverage="0% (0/2)" />
			<line number="20402"  hits="1"  branch="false" />
			<line number="20404"  hits="1"  branch="false" />
			<line number="20405"  hits="1"  branch="false" />
			<line number="20408"  hits="1"  branch="false" />
			<line number="20410"  hits="1"  branch="false" />
			<line number="20411"  hits="6"  branch="true"  condition-coverage="100% (4/4)" />
			<line number="20412"  hits="6"  branch="false" />
			<line number="20413"  hits="6"  branch="true"  condition-coverage="100% (2/2)" />
			<line number="20416"  hits="1"  branch="false" />
			<line number="20418"  hits="1"  branch="false" />
			<line number="20419"  hits="1"  branch="false" />
			<line number="20422"  hits="1"  branch="false" />
			<line number="20424"  hits="1"  branch="false" />
			<line number="20425"  hits="0"  branch="false" />
			<line number="20426"  hits="0"  branch="false" />
			<line number="20429"  hits="0"  branch="false" />
			<line number="20432"  hits="1"  branch="false" />
			<line number="20434"  hits="1"  branch="false" />
			<line number="20435"  hits="1"  branch="false" />
			<line number="20438"  hits="1"  branch="false" />
			<line number="20440"  hits="1"  branch="false" />
			<line number="20441"  hits="0"  branch="false" />
			<line number="20444"  hits="0"  branch="true"  condition-coverage="0% (0/2)" />
			<line number="20447"  hits="1"  branch="false" />
			<line number="20449"  hits="1"  branch="false" />
			<line number="20450"  hits="1"  branch="false" />
			<line number="20453"  hits="1"  branch="false" />
			<line number="20454"  hits="1"  branch="false" />
			<line number="20456"  hits="1"  branch="false" />
			<line number="20457"  hits="28"  branch="true"  condition-coverage="100% (4/4)" />
			<line number="20458"  hits="28"  branch="false" />
			<line number="20461"  hits="1"  branch="false" />
			<line number="20462"  hits="14"  branch="true"  condition-coverage="75% (3/4)" />
			<line number="20463"  hits="14"  branch="false" />
			<line number="20466"  hits="1"  branch="false" />
			<line number="20468"  hits="1"  branch="false" />
			<line number="20469"  hits="1"  branch="false" />
			<line number="20472"  hits="1"  branch="false" />
			<line number="20473"  hits="1"  branch="false" />
			<line number="20474"  hits="1"  branch="false" />
			<line number="20475"  hits="1"  branch="false" />
			<line number="20476"  hits="1"  branch="false" />
			<line number="20477"  hits="1"  branch="false" />
			<line number="20479"  hits="1"  branch="false" />
			<line number="20481"  hits="1"  branch="false" />
			<line number="20483"  hits="1"  branch="false" />
			<line number="20485"  hits="1"  branch="false" />
			<line number="20487"  hits="1"  branch="false" />
			<line number="20489"  hits="1"  branch="false" />
			<line number="20490"  hits="5"  branch="true"  condition-coverage="75% (3/4)" />
			<line number="20495"  hits="1"  branch="false" />
			<line number="20528"  hits="1"  branch="false" />
			<line number="20533"  hits="1"  branch="false" />
			<line number="20534"  hits="0"  branch="false" />
			<line number="20535"  hits="0"  branch="false" />
			<line number="20536"  hits="0"  branch="false" />
			<line number="20537"  hits="0"  branch="false" />
			<line number="20538"  hits="0"  branch="false" />
			<line number="20541"  hits="1"  branch="false" />
			<line number="20542"  hits="0"  branch="false" />
			<line number="20543"  hits="0"  branch="true"  condition-coverage="0% (0/2)" />
			<line number="20545"  hits="0"  branch="false" />
			<line number="20549"  hits="1"  branch="false" />
			<line number="20550"  hits="0"  branch="true"  condition-coverage="0% (0/2)" />
			<line number="20556"  hits="0"  branch="false" />
			<line number="20559"  hits="0"  branch="true"  condition-coverage="0% (0/2)" />
			<line number="20560"  hits="0"  branch="false" />
			<line number="20563"  hits="0"  branch="false" />
			<line number="20570"  hits="0"  branch="false" />
			<line number="20572"  hits="0"  branch="true"  condition-coverage="0% (0/4)" />
			<line number="20573"  hits="0"  branch="true"  condition-coverage="0% (0/4)" />
			<line number="20574"  hits="0"  branch="false" />
			<line number="20577"  hits="0"  branch="false" />
			<line number="20578"  hits="0"  branch="false" />
			<line number="20581"  hits="0"  branch="true"  condition-coverage="0% (0/4)" />
			<line number="20582"  hits="0"  branch="false" />
			<line number="20583"  hits="0"  branch="false" />
			<line number="20584"  hits="0"  branch="false" />
			<line number="20588"  hits="1"  branch="false" />
			<line number="20589"  hits="0"  branch="true"  condition-coverage="0% (0/2)" />
			<line number="20590"  hits="0"  branch="false" />
			<line number="20593"  hits="0"  branch="false" />
			<line number="20594"  hits="0"  branch="false" />
			<line number="20596"  hits="0"  branch="true"  condition-coverage="0% (0/2)" />
			<line number="20597"  hits="0"  branch="false" />
			<line number="20598"  hits="0"  branch="false" />
			<line number="20599"  hits="0"  branch="true"  condition-coverage="0% (0/2)" />
			<line number="20604"  hits="1"  branch="false" />
			<line number="20605"  hits="0"  branch="true"  condition-coverage="0% (0/2)" />
			<line number="20606"  hits="0"  branch="false" />
			<line number="20609"  hits="0"  branch="false" />
			<line number="20610"  hits="0"  branch="false" />
			<line number="20612"  hits="0"  branch="true"  condition-coverage="0% (0/2)" />
			<line number="20613"  hits="0"  branch="false" />
			<line number="20614"  hits="0"  branch="false" />
			<line number="20615"  hits="0"  branch="false" />
			<line number="20620"  hits="1"  branch="false" />
			<line number="20621"  hits="0"  branch="true"  condition-coverage="0% (0/2)" />
			<line number="20622"  hits="0"  branch="false" />
			<line number="20625"  hits="0"  branch="false" />
			<line number="20626"  hits="0"  branch="false" />
			<line number="20628"  hits="0"  branch="true"  condition-coverage="0% (0/2)" />
			<line number="20629"  hits="0"  branch="false" />
			<line number="20630"  hits="0"  branch="false" />
			<line number="20635"  hits="1"  branch="false" />
			<line number="20636"  hits="0"  branch="false" />
			<line number="20639"  hits="1"  branch="false" />
			<line number="20641"  hits="1"  branch="false" />
			<line number="20643"  hits="1"  branch="false" />
			<line number="20644"  hits="1"  branch="false" />
			<line number="20647"  hits="1"  branch="false" />
			<line number="20648"  hits="1"  branch="false" />
			<line number="20649"  hits="1"  branch="false" />
			<line number="20657"  hits="1"  branch="false" />
			<line number="20659"  hits="1"  branch="false" />
			<line number="20660"  hits="0"  branch="true"  condition-coverage="0% (0/2)" />
			<line number="20661"  hits="0"  branch="true"  condition-coverage="0% (0/2)" />
			<line number="20662"  hits="0"  branch="false" />
			<line number="20663"  hits="0"  branch="false" />
			<line number="20671"  hits="0"  branch="false" />
			<line number="20675"  hits="0"  branch="false" />
			<line number="20678"  hits="1"  branch="false" />
			<line number="20679"  hits="0"  branch="false" />
			<line number="20681"  hits="0"  branch="true"  condition-coverage="0% (0/2)" />
			<line number="20682"  hits="0"  branch="false" />
			<line number="20685"  hits="0"  branch="true"  condition-coverage="0% (0/2)" />
			<line number="20686"  hits="0"  branch="false" />
			<line number="20689"  hits="0"  branch="false" />
			<line number="20690"  hits="0"  branch="false" />
			<line number="20694"  hits="0"  branch="true"  condition-coverage="0% (0/2)" />
			<line number="20695"  hits="0"  branch="false" />
			<line number="20698"  hits="0"  branch="true"  condition-coverage="0% (0/5)" />
			<line number="20700"  hits="0"  branch="false" />
			<line number="20701"  hits="0"  branch="false" />
			<line number="20704"  hits="0"  branch="false" />
			<line number="20705"  hits="0"  branch="false" />
			<line number="20708"  hits="0"  branch="false" />
			<line number="20709"  hits="0"  branch="false" />
			<line number="20712"  hits="0"  branch="false" />
			<line number="20713"  hits="0"  branch="false" />
			<line number="20716"  hits="0"  branch="false" />
			<line number="20719"  hits="0"  branch="false" />
			<line number="20722"  hits="1"  branch="false" />
			<line number="20723"  hits="0"  branch="false" />
			<line number="20725"  hits="0"  branch="true"  condition-coverage="0% (0/2)" />
			<line number="20726"  hits="0"  branch="false" />
			<line number="20729"  hits="0"  branch="false" />
			<line number="20732"  hits="1"  branch="false" />
			<line number="20734"  hits="1"  branch="false" />
			<line number="20735"  hits="1"  branch="false" />
			<line number="20738"  hits="1"  branch="false" />
			<line number="20739"  hits="1"  branch="false" />
			<line number="20740"  hits="1"  branch="false" />
			<line number="20741"  hits="1"  branch="false" />
			<line number="20742"  hits="1"  branch="false" />
			<line number="20743"  hits="1"  branch="false" />
			<line number="20744"  hits="1"  branch="false" />
			<line number="20745"  hits="1"  branch="false" />
			<line number="20747"  hits="1"  branch="false" />
			<line number="20748"  hits="0"  branch="true"  condition-coverage="0% (0/5)" />
			<line number="20751"  hits="1"  branch="false" />
			<line number="20752"  hits="1"  branch="false" />
			<line number="20754"  hits="1"  branch="true"  condition-coverage="50% (1/2)" />
			<line number="20755"  hits="1"  branch="false" />
			<line number="20759"  hits="1"  branch="false" />
			<line number="20760"  hits="1"  branch="false" />
			<line number="20762"  hits="1"  branch="true"  condition-coverage="50% (1/2)" />
			<line number="20763"  hits="1"  branch="false" />
			<line number="20767"  hits="1"  branch="false" />
			<line number="20768"  hits="1"  branch="false" />
			<line number="20769"  hits="1"  branch="true"  condition-coverage="12.5% (1/8)" />
			<line number="20772"  hits="1"  branch="false" />
			<line number="20773"  hits="1"  branch="true"  condition-coverage="50% (1/2)" />
			<line number="20776"  hits="1"  branch="false" />
			<line number="20777"  hits="1"  branch="false" />
			<line number="20780"  hits="1"  branch="true"  condition-coverage="50% (1/2)" />
			<line number="20781"  hits="0"  branch="false" />
			<line number="20782"  hits="0"  branch="true"  condition-coverage="0% (0/4)" />
			<line number="20783"  hits="0"  branch="false" />
			<line number="20786"  hits="0"  branch="false" />
			<line number="20791"  hits="1"  branch="false" />
			<line number="20794"  hits="1"  branch="false" />
			<line number="20795"  hits="0"  branch="false" />
			<line number="20796"  hits="0"  branch="true"  condition-coverage="0% (0/4)" />
			<line number="20799"  hits="1"  branch="false" />
			<line number="20800"  hits="0"  branch="false" />
			<line number="20802"  hits="0"  branch="true"  condition-coverage="0% (0/5)" />
			<line number="20806"  hits="0"  branch="false" />
			<line number="20809"  hits="0"  branch="false" />
			<line number="20812"  hits="0"  branch="false" />
			<line number="20816"  hits="1"  branch="false" />
			<line number="20817"  hits="0"  branch="false" />
			<line number="20820"  hits="0"  branch="true"  condition-coverage="0% (0/4)" />
			<line number="20821"  hits="0"  branch="false" />
			<line number="20824"  hits="0"  branch="false" />
		</lines>
		</class>
	</classes>
	</package>
</packages>
</coverage>
